{"C:\\Users\\MuhammadIlhaamFadhii\\.gemini\\antigravity\\scratch\\network-monitor-app - beta\\routes\\authRoutes.js": {"path":"C:\\Users\\MuhammadIlhaamFadhii\\.gemini\\antigravity\\scratch\\network-monitor-app - beta\\routes\\authRoutes.js","statementMap":{"0":{"start":{"line":5,"column":16},"end":{"line":5,"column":34}},"1":{"start":{"line":6,"column":15},"end":{"line":6,"column":34}},"2":{"start":{"line":20,"column":19},"end":{"line":20,"column":35}},"3":{"start":{"line":21,"column":105},"end":{"line":21,"column":109}},"4":{"start":{"line":24,"column":4},"end":{"line":63,"column":7}},"5":{"start":{"line":25,"column":39},"end":{"line":25,"column":47}},"6":{"start":{"line":26,"column":22},"end":{"line":26,"column":32}},"7":{"start":{"line":27,"column":21},"end":{"line":27,"column":61}},"8":{"start":{"line":27,"column":37},"end":{"line":27,"column":60}},"9":{"start":{"line":29,"column":8},"end":{"line":31,"column":9}},"10":{"start":{"line":30,"column":12},"end":{"line":30,"column":74}},"11":{"start":{"line":34,"column":8},"end":{"line":34,"column":37}},"12":{"start":{"line":35,"column":8},"end":{"line":35,"column":41}},"13":{"start":{"line":38,"column":33},"end":{"line":38,"column":65}},"14":{"start":{"line":41,"column":8},"end":{"line":51,"column":9}},"15":{"start":{"line":42,"column":12},"end":{"line":42,"column":43}},"16":{"start":{"line":43,"column":12},"end":{"line":43,"column":38}},"17":{"start":{"line":44,"column":12},"end":{"line":44,"column":24}},"18":{"start":{"line":47,"column":13},"end":{"line":51,"column":9}},"19":{"start":{"line":48,"column":12},"end":{"line":48,"column":43}},"20":{"start":{"line":49,"column":12},"end":{"line":49,"column":38}},"21":{"start":{"line":50,"column":12},"end":{"line":50,"column":24}},"22":{"start":{"line":54,"column":8},"end":{"line":54,"column":87}},"23":{"start":{"line":56,"column":8},"end":{"line":62,"column":11}},"24":{"start":{"line":66,"column":4},"end":{"line":75,"column":7}},"25":{"start":{"line":68,"column":8},"end":{"line":72,"column":9}},"26":{"start":{"line":69,"column":26},"end":{"line":69,"column":36}},"27":{"start":{"line":70,"column":25},"end":{"line":70,"column":69}},"28":{"start":{"line":70,"column":41},"end":{"line":70,"column":68}},"29":{"start":{"line":71,"column":12},"end":{"line":71,"column":118}},"30":{"start":{"line":73,"column":8},"end":{"line":73,"column":30}},"31":{"start":{"line":74,"column":8},"end":{"line":74,"column":44}},"32":{"start":{"line":78,"column":4},"end":{"line":93,"column":7}},"33":{"start":{"line":79,"column":8},"end":{"line":81,"column":9}},"34":{"start":{"line":80,"column":12},"end":{"line":80,"column":72}},"35":{"start":{"line":82,"column":22},"end":{"line":82,"column":32}},"36":{"start":{"line":83,"column":21},"end":{"line":83,"column":65}},"37":{"start":{"line":83,"column":37},"end":{"line":83,"column":64}},"38":{"start":{"line":84,"column":8},"end":{"line":84,"column":76}},"39":{"start":{"line":84,"column":19},"end":{"line":84,"column":76}},"40":{"start":{"line":86,"column":8},"end":{"line":92,"column":11}},"41":{"start":{"line":96,"column":4},"end":{"line":123,"column":7}},"42":{"start":{"line":97,"column":49},"end":{"line":97,"column":57}},"43":{"start":{"line":98,"column":23},"end":{"line":98,"column":41}},"44":{"start":{"line":99,"column":22},"end":{"line":99,"column":32}},"45":{"start":{"line":101,"column":21},"end":{"line":101,"column":53}},"46":{"start":{"line":101,"column":37},"end":{"line":101,"column":52}},"47":{"start":{"line":102,"column":8},"end":{"line":102,"column":76}},"48":{"start":{"line":102,"column":19},"end":{"line":102,"column":76}},"49":{"start":{"line":104,"column":8},"end":{"line":106,"column":9}},"50":{"start":{"line":105,"column":12},"end":{"line":105,"column":95}},"51":{"start":{"line":108,"column":8},"end":{"line":110,"column":9}},"52":{"start":{"line":109,"column":12},"end":{"line":109,"column":94}},"53":{"start":{"line":112,"column":8},"end":{"line":114,"column":9}},"54":{"start":{"line":113,"column":12},"end":{"line":113,"column":79}},"55":{"start":{"line":117,"column":21},"end":{"line":117,"column":43}},"56":{"start":{"line":118,"column":8},"end":{"line":118,"column":59}},"57":{"start":{"line":119,"column":8},"end":{"line":119,"column":40}},"58":{"start":{"line":121,"column":8},"end":{"line":121,"column":20}},"59":{"start":{"line":122,"column":8},"end":{"line":122,"column":58}},"60":{"start":{"line":125,"column":4},"end":{"line":125,"column":18}},"61":{"start":{"line":128,"column":0},"end":{"line":128,"column":38}}},"fnMap":{"0":{"name":"createAuthRoutes","decl":{"start":{"line":19,"column":9},"end":{"line":19,"column":25}},"loc":{"start":{"line":19,"column":32},"end":{"line":126,"column":1}},"line":19},"1":{"name":"(anonymous_1)","decl":{"start":{"line":24,"column":26},"end":{"line":24,"column":27}},"loc":{"start":{"line":24,"column":40},"end":{"line":63,"column":5}},"line":24},"2":{"name":"(anonymous_2)","decl":{"start":{"line":27,"column":32},"end":{"line":27,"column":33}},"loc":{"start":{"line":27,"column":37},"end":{"line":27,"column":60}},"line":27},"3":{"name":"(anonymous_3)","decl":{"start":{"line":66,"column":27},"end":{"line":66,"column":28}},"loc":{"start":{"line":66,"column":41},"end":{"line":75,"column":5}},"line":66},"4":{"name":"(anonymous_4)","decl":{"start":{"line":70,"column":36},"end":{"line":70,"column":37}},"loc":{"start":{"line":70,"column":41},"end":{"line":70,"column":68}},"line":70},"5":{"name":"(anonymous_5)","decl":{"start":{"line":78,"column":22},"end":{"line":78,"column":23}},"loc":{"start":{"line":78,"column":36},"end":{"line":93,"column":5}},"line":78},"6":{"name":"(anonymous_6)","decl":{"start":{"line":83,"column":32},"end":{"line":83,"column":33}},"loc":{"start":{"line":83,"column":37},"end":{"line":83,"column":64}},"line":83},"7":{"name":"(anonymous_7)","decl":{"start":{"line":96,"column":59},"end":{"line":96,"column":60}},"loc":{"start":{"line":96,"column":73},"end":{"line":123,"column":5}},"line":96},"8":{"name":"(anonymous_8)","decl":{"start":{"line":101,"column":32},"end":{"line":101,"column":33}},"loc":{"start":{"line":101,"column":37},"end":{"line":101,"column":52}},"line":101}},"branchMap":{"0":{"loc":{"start":{"line":29,"column":8},"end":{"line":31,"column":9}},"type":"if","locations":[{"start":{"line":29,"column":8},"end":{"line":31,"column":9}},{"start":{},"end":{}}],"line":29},"1":{"loc":{"start":{"line":29,"column":12},"end":{"line":29,"column":65}},"type":"binary-expr","locations":[{"start":{"line":29,"column":12},"end":{"line":29,"column":17}},{"start":{"line":29,"column":21},"end":{"line":29,"column":65}}],"line":29},"2":{"loc":{"start":{"line":41,"column":8},"end":{"line":51,"column":9}},"type":"if","locations":[{"start":{"line":41,"column":8},"end":{"line":51,"column":9}},{"start":{"line":47,"column":13},"end":{"line":51,"column":9}}],"line":41},"3":{"loc":{"start":{"line":47,"column":13},"end":{"line":51,"column":9}},"type":"if","locations":[{"start":{"line":47,"column":13},"end":{"line":51,"column":9}},{"start":{},"end":{}}],"line":47},"4":{"loc":{"start":{"line":47,"column":17},"end":{"line":47,"column":67}},"type":"binary-expr","locations":[{"start":{"line":47,"column":17},"end":{"line":47,"column":44}},{"start":{"line":47,"column":48},"end":{"line":47,"column":67}}],"line":47},"5":{"loc":{"start":{"line":68,"column":8},"end":{"line":72,"column":9}},"type":"if","locations":[{"start":{"line":68,"column":8},"end":{"line":72,"column":9}},{"start":{},"end":{}}],"line":68},"6":{"loc":{"start":{"line":68,"column":12},"end":{"line":68,"column":45}},"type":"binary-expr","locations":[{"start":{"line":68,"column":12},"end":{"line":68,"column":23}},{"start":{"line":68,"column":27},"end":{"line":68,"column":45}}],"line":68},"7":{"loc":{"start":{"line":71,"column":44},"end":{"line":71,"column":71}},"type":"binary-expr","locations":[{"start":{"line":71,"column":44},"end":{"line":71,"column":58}},{"start":{"line":71,"column":62},"end":{"line":71,"column":71}}],"line":71},"8":{"loc":{"start":{"line":79,"column":8},"end":{"line":81,"column":9}},"type":"if","locations":[{"start":{"line":79,"column":8},"end":{"line":81,"column":9}},{"start":{},"end":{}}],"line":79},"9":{"loc":{"start":{"line":79,"column":12},"end":{"line":79,"column":47}},"type":"binary-expr","locations":[{"start":{"line":79,"column":12},"end":{"line":79,"column":24}},{"start":{"line":79,"column":28},"end":{"line":79,"column":47}}],"line":79},"10":{"loc":{"start":{"line":84,"column":8},"end":{"line":84,"column":76}},"type":"if","locations":[{"start":{"line":84,"column":8},"end":{"line":84,"column":76}},{"start":{},"end":{}}],"line":84},"11":{"loc":{"start":{"line":102,"column":8},"end":{"line":102,"column":76}},"type":"if","locations":[{"start":{"line":102,"column":8},"end":{"line":102,"column":76}},{"start":{},"end":{}}],"line":102},"12":{"loc":{"start":{"line":104,"column":8},"end":{"line":106,"column":9}},"type":"if","locations":[{"start":{"line":104,"column":8},"end":{"line":106,"column":9}},{"start":{},"end":{}}],"line":104},"13":{"loc":{"start":{"line":104,"column":12},"end":{"line":104,"column":44}},"type":"binary-expr","locations":[{"start":{"line":104,"column":12},"end":{"line":104,"column":24}},{"start":{"line":104,"column":28},"end":{"line":104,"column":44}}],"line":104},"14":{"loc":{"start":{"line":108,"column":8},"end":{"line":110,"column":9}},"type":"if","locations":[{"start":{"line":108,"column":8},"end":{"line":110,"column":9}},{"start":{},"end":{}}],"line":108},"15":{"loc":{"start":{"line":112,"column":8},"end":{"line":114,"column":9}},"type":"if","locations":[{"start":{"line":112,"column":8},"end":{"line":114,"column":9}},{"start":{},"end":{}}],"line":112}},"s":{"0":1,"1":1,"2":1,"3":1,"4":1,"5":3,"6":3,"7":3,"8":3,"9":3,"10":2,"11":1,"12":1,"13":1,"14":1,"15":0,"16":0,"17":0,"18":1,"19":0,"20":0,"21":0,"22":1,"23":1,"24":1,"25":1,"26":0,"27":0,"28":0,"29":0,"30":1,"31":1,"32":1,"33":1,"34":1,"35":0,"36":0,"37":0,"38":0,"39":0,"40":0,"41":1,"42":0,"43":0,"44":0,"45":0,"46":0,"47":0,"48":0,"49":0,"50":0,"51":0,"52":0,"53":0,"54":0,"55":0,"56":0,"57":0,"58":0,"59":0,"60":1,"61":1},"f":{"0":1,"1":3,"2":3,"3":1,"4":0,"5":1,"6":0,"7":0,"8":0},"b":{"0":[2,1],"1":[3,2],"2":[0,1],"3":[0,1],"4":[1,0],"5":[0,1],"6":[1,1],"7":[0,0],"8":[1,0],"9":[1,1],"10":[0,0],"11":[0,0],"12":[0,0],"13":[0,0],"14":[0,0],"15":[0,0]},"_coverageSchema":"1a1c01bbd47fc00a2c39e90264f33305004495a9","hash":"910c56c62243dbe4ff6fc3b6cb5e46c528095f19"}
,"C:\\Users\\MuhammadIlhaamFadhii\\.gemini\\antigravity\\scratch\\network-monitor-app - beta\\routes\\backupRoutes.js": {"path":"C:\\Users\\MuhammadIlhaamFadhii\\.gemini\\antigravity\\scratch\\network-monitor-app - beta\\routes\\backupRoutes.js","statementMap":{"0":{"start":{"line":5,"column":16},"end":{"line":5,"column":34}},"1":{"start":{"line":17,"column":19},"end":{"line":17,"column":35}},"2":{"start":{"line":18,"column":75},"end":{"line":18,"column":79}},"3":{"start":{"line":21,"column":4},"end":{"line":92,"column":7}},"4":{"start":{"line":22,"column":8},"end":{"line":91,"column":9}},"5":{"start":{"line":23,"column":26},"end":{"line":23,"column":36}},"6":{"start":{"line":24,"column":25},"end":{"line":24,"column":64}},"7":{"start":{"line":24,"column":41},"end":{"line":24,"column":63}},"8":{"start":{"line":26,"column":12},"end":{"line":28,"column":13}},"9":{"start":{"line":27,"column":16},"end":{"line":27,"column":73}},"10":{"start":{"line":31,"column":12},"end":{"line":33,"column":13}},"11":{"start":{"line":32,"column":16},"end":{"line":32,"column":91}},"12":{"start":{"line":35,"column":12},"end":{"line":37,"column":13}},"13":{"start":{"line":36,"column":16},"end":{"line":36,"column":92}},"14":{"start":{"line":41,"column":12},"end":{"line":45,"column":13}},"15":{"start":{"line":42,"column":16},"end":{"line":42,"column":93}},"16":{"start":{"line":44,"column":16},"end":{"line":44,"column":88}},"17":{"start":{"line":47,"column":12},"end":{"line":47,"column":92}},"18":{"start":{"line":50,"column":34},"end":{"line":57,"column":14}},"19":{"start":{"line":60,"column":44},"end":{"line":64,"column":13}},"20":{"start":{"line":67,"column":29},"end":{"line":73,"column":13}},"21":{"start":{"line":75,"column":12},"end":{"line":75,"column":106}},"22":{"start":{"line":77,"column":12},"end":{"line":86,"column":15}},"23":{"start":{"line":89,"column":12},"end":{"line":89,"column":60}},"24":{"start":{"line":90,"column":12},"end":{"line":90,"column":79}},"25":{"start":{"line":95,"column":4},"end":{"line":111,"column":7}},"26":{"start":{"line":96,"column":23},"end":{"line":96,"column":36}},"27":{"start":{"line":97,"column":22},"end":{"line":97,"column":53}},"28":{"start":{"line":99,"column":24},"end":{"line":99,"column":71}},"29":{"start":{"line":101,"column":8},"end":{"line":110,"column":11}},"30":{"start":{"line":102,"column":39},"end":{"line":109,"column":13}},"31":{"start":{"line":114,"column":4},"end":{"line":138,"column":7}},"32":{"start":{"line":115,"column":8},"end":{"line":137,"column":9}},"33":{"start":{"line":116,"column":27},"end":{"line":116,"column":77}},"34":{"start":{"line":118,"column":12},"end":{"line":120,"column":13}},"35":{"start":{"line":119,"column":16},"end":{"line":119,"column":75}},"36":{"start":{"line":123,"column":34},"end":{"line":126,"column":13}},"37":{"start":{"line":129,"column":33},"end":{"line":129,"column":72}},"38":{"start":{"line":130,"column":12},"end":{"line":130,"column":91}},"39":{"start":{"line":131,"column":12},"end":{"line":131,"column":56}},"40":{"start":{"line":132,"column":12},"end":{"line":132,"column":36}},"41":{"start":{"line":135,"column":12},"end":{"line":135,"column":69}},"42":{"start":{"line":136,"column":12},"end":{"line":136,"column":81}},"43":{"start":{"line":141,"column":4},"end":{"line":161,"column":7}},"44":{"start":{"line":142,"column":8},"end":{"line":160,"column":9}},"45":{"start":{"line":143,"column":27},"end":{"line":143,"column":77}},"46":{"start":{"line":145,"column":12},"end":{"line":147,"column":13}},"47":{"start":{"line":146,"column":16},"end":{"line":146,"column":75}},"48":{"start":{"line":150,"column":12},"end":{"line":150,"column":82}},"49":{"start":{"line":153,"column":12},"end":{"line":153,"column":58}},"50":{"start":{"line":155,"column":12},"end":{"line":155,"column":67}},"51":{"start":{"line":158,"column":12},"end":{"line":158,"column":67}},"52":{"start":{"line":159,"column":12},"end":{"line":159,"column":79}},"53":{"start":{"line":164,"column":4},"end":{"line":201,"column":7}},"54":{"start":{"line":165,"column":8},"end":{"line":200,"column":9}},"55":{"start":{"line":166,"column":26},"end":{"line":166,"column":36}},"56":{"start":{"line":167,"column":30},"end":{"line":167,"column":74}},"57":{"start":{"line":167,"column":51},"end":{"line":167,"column":73}},"58":{"start":{"line":169,"column":12},"end":{"line":171,"column":13}},"59":{"start":{"line":170,"column":16},"end":{"line":170,"column":73}},"60":{"start":{"line":173,"column":66},"end":{"line":173,"column":74}},"61":{"start":{"line":176,"column":41},"end":{"line":180,"column":14}},"62":{"start":{"line":183,"column":25},"end":{"line":183,"column":41}},"63":{"start":{"line":184,"column":12},"end":{"line":184,"column":41}},"64":{"start":{"line":185,"column":12},"end":{"line":185,"column":39}},"65":{"start":{"line":186,"column":12},"end":{"line":186,"column":58}},"66":{"start":{"line":189,"column":12},"end":{"line":193,"column":15}},"67":{"start":{"line":195,"column":12},"end":{"line":195,"column":79}},"68":{"start":{"line":198,"column":12},"end":{"line":198,"column":67}},"69":{"start":{"line":199,"column":12},"end":{"line":199,"column":87}},"70":{"start":{"line":204,"column":4},"end":{"line":230,"column":7}},"71":{"start":{"line":205,"column":22},"end":{"line":205,"column":32}},"72":{"start":{"line":206,"column":21},"end":{"line":206,"column":60}},"73":{"start":{"line":206,"column":37},"end":{"line":206,"column":59}},"74":{"start":{"line":208,"column":8},"end":{"line":210,"column":9}},"75":{"start":{"line":209,"column":12},"end":{"line":209,"column":69}},"76":{"start":{"line":212,"column":19},"end":{"line":212,"column":21}},"77":{"start":{"line":212,"column":34},"end":{"line":212,"column":36}},"78":{"start":{"line":213,"column":8},"end":{"line":221,"column":9}},"79":{"start":{"line":214,"column":12},"end":{"line":220,"column":13}},"80":{"start":{"line":215,"column":30},"end":{"line":215,"column":92}},"81":{"start":{"line":216,"column":16},"end":{"line":216,"column":40}},"82":{"start":{"line":217,"column":16},"end":{"line":217,"column":48}},"83":{"start":{"line":223,"column":8},"end":{"line":229,"column":11}},"84":{"start":{"line":232,"column":4},"end":{"line":232,"column":18}},"85":{"start":{"line":235,"column":0},"end":{"line":235,"column":40}}},"fnMap":{"0":{"name":"createBackupRoutes","decl":{"start":{"line":16,"column":9},"end":{"line":16,"column":27}},"loc":{"start":{"line":16,"column":34},"end":{"line":233,"column":1}},"line":16},"1":{"name":"(anonymous_1)","decl":{"start":{"line":21,"column":55},"end":{"line":21,"column":56}},"loc":{"start":{"line":21,"column":75},"end":{"line":92,"column":5}},"line":21},"2":{"name":"(anonymous_2)","decl":{"start":{"line":24,"column":36},"end":{"line":24,"column":37}},"loc":{"start":{"line":24,"column":41},"end":{"line":24,"column":63}},"line":24},"3":{"name":"(anonymous_3)","decl":{"start":{"line":95,"column":55},"end":{"line":95,"column":56}},"loc":{"start":{"line":95,"column":69},"end":{"line":111,"column":5}},"line":95},"4":{"name":"(anonymous_4)","decl":{"start":{"line":102,"column":33},"end":{"line":102,"column":34}},"loc":{"start":{"line":102,"column":39},"end":{"line":109,"column":13}},"line":102},"5":{"name":"(anonymous_5)","decl":{"start":{"line":114,"column":56},"end":{"line":114,"column":57}},"loc":{"start":{"line":114,"column":70},"end":{"line":138,"column":5}},"line":114},"6":{"name":"(anonymous_6)","decl":{"start":{"line":141,"column":58},"end":{"line":141,"column":59}},"loc":{"start":{"line":141,"column":72},"end":{"line":161,"column":5}},"line":141},"7":{"name":"(anonymous_7)","decl":{"start":{"line":164,"column":63},"end":{"line":164,"column":64}},"loc":{"start":{"line":164,"column":77},"end":{"line":201,"column":5}},"line":164},"8":{"name":"(anonymous_8)","decl":{"start":{"line":167,"column":46},"end":{"line":167,"column":47}},"loc":{"start":{"line":167,"column":51},"end":{"line":167,"column":73}},"line":167},"9":{"name":"(anonymous_9)","decl":{"start":{"line":204,"column":61},"end":{"line":204,"column":62}},"loc":{"start":{"line":204,"column":75},"end":{"line":230,"column":5}},"line":204},"10":{"name":"(anonymous_10)","decl":{"start":{"line":206,"column":32},"end":{"line":206,"column":33}},"loc":{"start":{"line":206,"column":37},"end":{"line":206,"column":59}},"line":206}},"branchMap":{"0":{"loc":{"start":{"line":26,"column":12},"end":{"line":28,"column":13}},"type":"if","locations":[{"start":{"line":26,"column":12},"end":{"line":28,"column":13}},{"start":{},"end":{}}],"line":26},"1":{"loc":{"start":{"line":31,"column":12},"end":{"line":33,"column":13}},"type":"if","locations":[{"start":{"line":31,"column":12},"end":{"line":33,"column":13}},{"start":{},"end":{}}],"line":31},"2":{"loc":{"start":{"line":35,"column":12},"end":{"line":37,"column":13}},"type":"if","locations":[{"start":{"line":35,"column":12},"end":{"line":37,"column":13}},{"start":{},"end":{}}],"line":35},"3":{"loc":{"start":{"line":52,"column":22},"end":{"line":52,"column":44}},"type":"binary-expr","locations":[{"start":{"line":52,"column":22},"end":{"line":52,"column":38}},{"start":{"line":52,"column":42},"end":{"line":52,"column":44}}],"line":52},"4":{"loc":{"start":{"line":97,"column":22},"end":{"line":97,"column":53}},"type":"binary-expr","locations":[{"start":{"line":97,"column":22},"end":{"line":97,"column":47}},{"start":{"line":97,"column":51},"end":{"line":97,"column":53}}],"line":97},"5":{"loc":{"start":{"line":118,"column":12},"end":{"line":120,"column":13}},"type":"if","locations":[{"start":{"line":118,"column":12},"end":{"line":120,"column":13}},{"start":{},"end":{}}],"line":118},"6":{"loc":{"start":{"line":145,"column":12},"end":{"line":147,"column":13}},"type":"if","locations":[{"start":{"line":145,"column":12},"end":{"line":147,"column":13}},{"start":{},"end":{}}],"line":145},"7":{"loc":{"start":{"line":169,"column":12},"end":{"line":171,"column":13}},"type":"if","locations":[{"start":{"line":169,"column":12},"end":{"line":171,"column":13}},{"start":{},"end":{}}],"line":169},"8":{"loc":{"start":{"line":177,"column":22},"end":{"line":177,"column":32}},"type":"binary-expr","locations":[{"start":{"line":177,"column":22},"end":{"line":177,"column":26}},{"start":{"line":177,"column":30},"end":{"line":177,"column":32}}],"line":177},"9":{"loc":{"start":{"line":190,"column":31},"end":{"line":190,"column":46}},"type":"cond-expr","locations":[{"start":{"line":190,"column":41},"end":{"line":190,"column":42}},{"start":{"line":190,"column":45},"end":{"line":190,"column":46}}],"line":190},"10":{"loc":{"start":{"line":208,"column":8},"end":{"line":210,"column":9}},"type":"if","locations":[{"start":{"line":208,"column":8},"end":{"line":210,"column":9}},{"start":{},"end":{}}],"line":208},"11":{"loc":{"start":{"line":213,"column":8},"end":{"line":221,"column":9}},"type":"if","locations":[{"start":{"line":213,"column":8},"end":{"line":221,"column":9}},{"start":{},"end":{}}],"line":213},"12":{"loc":{"start":{"line":216,"column":23},"end":{"line":216,"column":39}},"type":"binary-expr","locations":[{"start":{"line":216,"column":23},"end":{"line":216,"column":33}},{"start":{"line":216,"column":37},"end":{"line":216,"column":39}}],"line":216},"13":{"loc":{"start":{"line":217,"column":27},"end":{"line":217,"column":47}},"type":"binary-expr","locations":[{"start":{"line":217,"column":27},"end":{"line":217,"column":41}},{"start":{"line":217,"column":45},"end":{"line":217,"column":47}}],"line":217},"14":{"loc":{"start":{"line":224,"column":21},"end":{"line":224,"column":48}},"type":"binary-expr","locations":[{"start":{"line":224,"column":21},"end":{"line":224,"column":39}},{"start":{"line":224,"column":43},"end":{"line":224,"column":48}}],"line":224},"15":{"loc":{"start":{"line":225,"column":20},"end":{"line":225,"column":51}},"type":"binary-expr","locations":[{"start":{"line":225,"column":20},"end":{"line":225,"column":37}},{"start":{"line":225,"column":41},"end":{"line":225,"column":51}}],"line":225}},"s":{"0":0,"1":0,"2":0,"3":0,"4":0,"5":0,"6":0,"7":0,"8":0,"9":0,"10":0,"11":0,"12":0,"13":0,"14":0,"15":0,"16":0,"17":0,"18":0,"19":0,"20":0,"21":0,"22":0,"23":0,"24":0,"25":0,"26":0,"27":0,"28":0,"29":0,"30":0,"31":0,"32":0,"33":0,"34":0,"35":0,"36":0,"37":0,"38":0,"39":0,"40":0,"41":0,"42":0,"43":0,"44":0,"45":0,"46":0,"47":0,"48":0,"49":0,"50":0,"51":0,"52":0,"53":0,"54":0,"55":0,"56":0,"57":0,"58":0,"59":0,"60":0,"61":0,"62":0,"63":0,"64":0,"65":0,"66":0,"67":0,"68":0,"69":0,"70":0,"71":0,"72":0,"73":0,"74":0,"75":0,"76":0,"77":0,"78":0,"79":0,"80":0,"81":0,"82":0,"83":0,"84":0,"85":0},"f":{"0":0,"1":0,"2":0,"3":0,"4":0,"5":0,"6":0,"7":0,"8":0,"9":0,"10":0},"b":{"0":[0,0],"1":[0,0],"2":[0,0],"3":[0,0],"4":[0,0],"5":[0,0],"6":[0,0],"7":[0,0],"8":[0,0],"9":[0,0],"10":[0,0],"11":[0,0],"12":[0,0],"13":[0,0],"14":[0,0],"15":[0,0]}}
,"C:\\Users\\MuhammadIlhaamFadhii\\.gemini\\antigravity\\scratch\\network-monitor-app - beta\\routes\\hostRoutes.js": {"path":"C:\\Users\\MuhammadIlhaamFadhii\\.gemini\\antigravity\\scratch\\network-monitor-app - beta\\routes\\hostRoutes.js","statementMap":{"0":{"start":{"line":5,"column":16},"end":{"line":5,"column":34}},"1":{"start":{"line":21,"column":19},"end":{"line":21,"column":35}},"2":{"start":{"line":25,"column":8},"end":{"line":25,"column":12}},"3":{"start":{"line":28,"column":4},"end":{"line":30,"column":7}},"4":{"start":{"line":29,"column":8},"end":{"line":29,"column":29}},"5":{"start":{"line":33,"column":4},"end":{"line":97,"column":7}},"6":{"start":{"line":37,"column":12},"end":{"line":37,"column":20}},"7":{"start":{"line":39,"column":8},"end":{"line":41,"column":9}},"8":{"start":{"line":40,"column":12},"end":{"line":40,"column":74}},"9":{"start":{"line":43,"column":8},"end":{"line":45,"column":9}},"10":{"start":{"line":44,"column":12},"end":{"line":44,"column":85}},"11":{"start":{"line":47,"column":22},"end":{"line":47,"column":32}},"12":{"start":{"line":50,"column":8},"end":{"line":55,"column":9}},"13":{"start":{"line":51,"column":33},"end":{"line":51,"column":100}},"14":{"start":{"line":51,"column":49},"end":{"line":51,"column":99}},"15":{"start":{"line":52,"column":12},"end":{"line":54,"column":13}},"16":{"start":{"line":53,"column":16},"end":{"line":53,"column":121}},"17":{"start":{"line":58,"column":8},"end":{"line":63,"column":9}},"18":{"start":{"line":59,"column":32},"end":{"line":59,"column":62}},"19":{"start":{"line":59,"column":48},"end":{"line":59,"column":61}},"20":{"start":{"line":60,"column":12},"end":{"line":62,"column":13}},"21":{"start":{"line":61,"column":16},"end":{"line":61,"column":117}},"22":{"start":{"line":65,"column":24},"end":{"line":83,"column":9}},"23":{"start":{"line":85,"column":8},"end":{"line":85,"column":28}},"24":{"start":{"line":86,"column":28},"end":{"line":86,"column":44}},"25":{"start":{"line":87,"column":8},"end":{"line":87,"column":37}},"26":{"start":{"line":88,"column":8},"end":{"line":88,"column":20}},"27":{"start":{"line":91,"column":22},"end":{"line":91,"column":32}},"28":{"start":{"line":92,"column":21},"end":{"line":92,"column":66}},"29":{"start":{"line":92,"column":37},"end":{"line":92,"column":65}},"30":{"start":{"line":93,"column":8},"end":{"line":93,"column":169}},"31":{"start":{"line":95,"column":8},"end":{"line":95,"column":44}},"32":{"start":{"line":96,"column":8},"end":{"line":96,"column":38}},"33":{"start":{"line":100,"column":4},"end":{"line":157,"column":7}},"34":{"start":{"line":101,"column":23},"end":{"line":101,"column":33}},"35":{"start":{"line":105,"column":12},"end":{"line":105,"column":20}},"36":{"start":{"line":107,"column":22},"end":{"line":107,"column":32}},"37":{"start":{"line":108,"column":25},"end":{"line":108,"column":53}},"38":{"start":{"line":108,"column":41},"end":{"line":108,"column":52}},"39":{"start":{"line":109,"column":8},"end":{"line":111,"column":9}},"40":{"start":{"line":110,"column":12},"end":{"line":110,"column":69}},"41":{"start":{"line":114,"column":8},"end":{"line":122,"column":9}},"42":{"start":{"line":115,"column":33},"end":{"line":115,"column":115}},"43":{"start":{"line":115,"column":49},"end":{"line":115,"column":114}},"44":{"start":{"line":116,"column":12},"end":{"line":118,"column":13}},"45":{"start":{"line":117,"column":16},"end":{"line":117,"column":121}},"46":{"start":{"line":119,"column":12},"end":{"line":119,"column":33}},"47":{"start":{"line":120,"column":15},"end":{"line":122,"column":9}},"48":{"start":{"line":121,"column":12},"end":{"line":121,"column":33}},"49":{"start":{"line":124,"column":8},"end":{"line":126,"column":9}},"50":{"start":{"line":125,"column":12},"end":{"line":125,"column":33}},"51":{"start":{"line":129,"column":8},"end":{"line":137,"column":9}},"52":{"start":{"line":130,"column":12},"end":{"line":135,"column":13}},"53":{"start":{"line":131,"column":36},"end":{"line":131,"column":81}},"54":{"start":{"line":131,"column":52},"end":{"line":131,"column":80}},"55":{"start":{"line":132,"column":16},"end":{"line":134,"column":17}},"56":{"start":{"line":133,"column":20},"end":{"line":133,"column":124}},"57":{"start":{"line":136,"column":12},"end":{"line":136,"column":31}},"58":{"start":{"line":139,"column":8},"end":{"line":139,"column":70}},"59":{"start":{"line":139,"column":35},"end":{"line":139,"column":70}},"60":{"start":{"line":140,"column":8},"end":{"line":140,"column":65}},"61":{"start":{"line":140,"column":36},"end":{"line":140,"column":65}},"62":{"start":{"line":141,"column":8},"end":{"line":141,"column":68}},"63":{"start":{"line":141,"column":37},"end":{"line":141,"column":68}},"64":{"start":{"line":142,"column":8},"end":{"line":142,"column":74}},"65":{"start":{"line":142,"column":39},"end":{"line":142,"column":74}},"66":{"start":{"line":143,"column":8},"end":{"line":143,"column":80}},"67":{"start":{"line":143,"column":41},"end":{"line":143,"column":80}},"68":{"start":{"line":144,"column":8},"end":{"line":144,"column":74}},"69":{"start":{"line":144,"column":39},"end":{"line":144,"column":74}},"70":{"start":{"line":145,"column":8},"end":{"line":145,"column":80}},"71":{"start":{"line":145,"column":41},"end":{"line":145,"column":80}},"72":{"start":{"line":146,"column":8},"end":{"line":146,"column":92}},"73":{"start":{"line":146,"column":45},"end":{"line":146,"column":92}},"74":{"start":{"line":148,"column":8},"end":{"line":148,"column":20}},"75":{"start":{"line":151,"column":22},"end":{"line":151,"column":32}},"76":{"start":{"line":152,"column":21},"end":{"line":152,"column":66}},"77":{"start":{"line":152,"column":37},"end":{"line":152,"column":65}},"78":{"start":{"line":153,"column":8},"end":{"line":153,"column":146}},"79":{"start":{"line":155,"column":8},"end":{"line":155,"column":44}},"80":{"start":{"line":156,"column":8},"end":{"line":156,"column":27}},"81":{"start":{"line":160,"column":4},"end":{"line":176,"column":7}},"82":{"start":{"line":161,"column":23},"end":{"line":161,"column":33}},"83":{"start":{"line":162,"column":40},"end":{"line":162,"column":48}},"84":{"start":{"line":164,"column":22},"end":{"line":164,"column":32}},"85":{"start":{"line":165,"column":25},"end":{"line":165,"column":53}},"86":{"start":{"line":165,"column":41},"end":{"line":165,"column":52}},"87":{"start":{"line":166,"column":8},"end":{"line":168,"column":9}},"88":{"start":{"line":167,"column":12},"end":{"line":167,"column":69}},"89":{"start":{"line":170,"column":8},"end":{"line":170,"column":37}},"90":{"start":{"line":171,"column":8},"end":{"line":171,"column":39}},"91":{"start":{"line":172,"column":8},"end":{"line":172,"column":20}},"92":{"start":{"line":174,"column":8},"end":{"line":174,"column":44}},"93":{"start":{"line":175,"column":8},"end":{"line":175,"column":27}},"94":{"start":{"line":179,"column":4},"end":{"line":200,"column":7}},"95":{"start":{"line":180,"column":23},"end":{"line":180,"column":33}},"96":{"start":{"line":181,"column":22},"end":{"line":181,"column":32}},"97":{"start":{"line":182,"column":22},"end":{"line":182,"column":55}},"98":{"start":{"line":182,"column":43},"end":{"line":182,"column":54}},"99":{"start":{"line":184,"column":8},"end":{"line":186,"column":9}},"100":{"start":{"line":185,"column":12},"end":{"line":185,"column":69}},"101":{"start":{"line":188,"column":24},"end":{"line":188,"column":49}},"102":{"start":{"line":189,"column":28},"end":{"line":189,"column":44}},"103":{"start":{"line":190,"column":8},"end":{"line":190,"column":31}},"104":{"start":{"line":191,"column":8},"end":{"line":191,"column":20}},"105":{"start":{"line":194,"column":22},"end":{"line":194,"column":32}},"106":{"start":{"line":195,"column":21},"end":{"line":195,"column":66}},"107":{"start":{"line":195,"column":37},"end":{"line":195,"column":65}},"108":{"start":{"line":196,"column":8},"end":{"line":196,"column":148}},"109":{"start":{"line":198,"column":8},"end":{"line":198,"column":45}},"110":{"start":{"line":199,"column":8},"end":{"line":199,"column":36}},"111":{"start":{"line":202,"column":4},"end":{"line":202,"column":18}},"112":{"start":{"line":205,"column":0},"end":{"line":205,"column":38}}},"fnMap":{"0":{"name":"createHostRoutes","decl":{"start":{"line":20,"column":9},"end":{"line":20,"column":25}},"loc":{"start":{"line":20,"column":32},"end":{"line":203,"column":1}},"line":20},"1":{"name":"(anonymous_1)","decl":{"start":{"line":28,"column":44},"end":{"line":28,"column":45}},"loc":{"start":{"line":28,"column":58},"end":{"line":30,"column":5}},"line":28},"2":{"name":"(anonymous_2)","decl":{"start":{"line":33,"column":45},"end":{"line":33,"column":46}},"loc":{"start":{"line":33,"column":59},"end":{"line":97,"column":5}},"line":33},"3":{"name":"(anonymous_3)","decl":{"start":{"line":51,"column":44},"end":{"line":51,"column":45}},"loc":{"start":{"line":51,"column":49},"end":{"line":51,"column":99}},"line":51},"4":{"name":"(anonymous_4)","decl":{"start":{"line":59,"column":43},"end":{"line":59,"column":44}},"loc":{"start":{"line":59,"column":48},"end":{"line":59,"column":61}},"line":59},"5":{"name":"(anonymous_5)","decl":{"start":{"line":92,"column":32},"end":{"line":92,"column":33}},"loc":{"start":{"line":92,"column":37},"end":{"line":92,"column":65}},"line":92},"6":{"name":"(anonymous_6)","decl":{"start":{"line":100,"column":47},"end":{"line":100,"column":48}},"loc":{"start":{"line":100,"column":61},"end":{"line":157,"column":5}},"line":100},"7":{"name":"(anonymous_7)","decl":{"start":{"line":108,"column":36},"end":{"line":108,"column":37}},"loc":{"start":{"line":108,"column":41},"end":{"line":108,"column":52}},"line":108},"8":{"name":"(anonymous_8)","decl":{"start":{"line":115,"column":44},"end":{"line":115,"column":45}},"loc":{"start":{"line":115,"column":49},"end":{"line":115,"column":114}},"line":115},"9":{"name":"(anonymous_9)","decl":{"start":{"line":131,"column":47},"end":{"line":131,"column":48}},"loc":{"start":{"line":131,"column":52},"end":{"line":131,"column":80}},"line":131},"10":{"name":"(anonymous_10)","decl":{"start":{"line":152,"column":32},"end":{"line":152,"column":33}},"loc":{"start":{"line":152,"column":37},"end":{"line":152,"column":65}},"line":152},"11":{"name":"(anonymous_11)","decl":{"start":{"line":160,"column":56},"end":{"line":160,"column":57}},"loc":{"start":{"line":160,"column":70},"end":{"line":176,"column":5}},"line":160},"12":{"name":"(anonymous_12)","decl":{"start":{"line":165,"column":36},"end":{"line":165,"column":37}},"loc":{"start":{"line":165,"column":41},"end":{"line":165,"column":52}},"line":165},"13":{"name":"(anonymous_13)","decl":{"start":{"line":179,"column":50},"end":{"line":179,"column":51}},"loc":{"start":{"line":179,"column":64},"end":{"line":200,"column":5}},"line":179},"14":{"name":"(anonymous_14)","decl":{"start":{"line":182,"column":38},"end":{"line":182,"column":39}},"loc":{"start":{"line":182,"column":43},"end":{"line":182,"column":54}},"line":182},"15":{"name":"(anonymous_15)","decl":{"start":{"line":195,"column":32},"end":{"line":195,"column":33}},"loc":{"start":{"line":195,"column":37},"end":{"line":195,"column":65}},"line":195}},"branchMap":{"0":{"loc":{"start":{"line":39,"column":8},"end":{"line":41,"column":9}},"type":"if","locations":[{"start":{"line":39,"column":8},"end":{"line":41,"column":9}},{"start":{},"end":{}}],"line":39},"1":{"loc":{"start":{"line":43,"column":8},"end":{"line":45,"column":9}},"type":"if","locations":[{"start":{"line":43,"column":8},"end":{"line":45,"column":9}},{"start":{},"end":{}}],"line":43},"2":{"loc":{"start":{"line":50,"column":8},"end":{"line":55,"column":9}},"type":"if","locations":[{"start":{"line":50,"column":8},"end":{"line":55,"column":9}},{"start":{},"end":{}}],"line":50},"3":{"loc":{"start":{"line":50,"column":12},"end":{"line":50,"column":31}},"type":"binary-expr","locations":[{"start":{"line":50,"column":12},"end":{"line":50,"column":16}},{"start":{"line":50,"column":20},"end":{"line":50,"column":31}}],"line":50},"4":{"loc":{"start":{"line":52,"column":12},"end":{"line":54,"column":13}},"type":"if","locations":[{"start":{"line":52,"column":12},"end":{"line":54,"column":13}},{"start":{},"end":{}}],"line":52},"5":{"loc":{"start":{"line":58,"column":8},"end":{"line":63,"column":9}},"type":"if","locations":[{"start":{"line":58,"column":8},"end":{"line":63,"column":9}},{"start":{},"end":{}}],"line":58},"6":{"loc":{"start":{"line":58,"column":12},"end":{"line":58,"column":29}},"type":"binary-expr","locations":[{"start":{"line":58,"column":12},"end":{"line":58,"column":15}},{"start":{"line":58,"column":19},"end":{"line":58,"column":29}}],"line":58},"7":{"loc":{"start":{"line":60,"column":12},"end":{"line":62,"column":13}},"type":"if","locations":[{"start":{"line":60,"column":12},"end":{"line":62,"column":13}},{"start":{},"end":{}}],"line":60},"8":{"loc":{"start":{"line":68,"column":18},"end":{"line":68,"column":30}},"type":"binary-expr","locations":[{"start":{"line":68,"column":18},"end":{"line":68,"column":22}},{"start":{"line":68,"column":26},"end":{"line":68,"column":30}}],"line":68},"9":{"loc":{"start":{"line":69,"column":17},"end":{"line":69,"column":28}},"type":"binary-expr","locations":[{"start":{"line":69,"column":17},"end":{"line":69,"column":20}},{"start":{"line":69,"column":24},"end":{"line":69,"column":28}}],"line":69},"10":{"loc":{"start":{"line":70,"column":21},"end":{"line":70,"column":36}},"type":"binary-expr","locations":[{"start":{"line":70,"column":21},"end":{"line":70,"column":28}},{"start":{"line":70,"column":32},"end":{"line":70,"column":36}}],"line":70},"11":{"loc":{"start":{"line":74,"column":22},"end":{"line":74,"column":38}},"type":"binary-expr","locations":[{"start":{"line":74,"column":22},"end":{"line":74,"column":30}},{"start":{"line":74,"column":34},"end":{"line":74,"column":38}}],"line":74},"12":{"loc":{"start":{"line":75,"column":23},"end":{"line":75,"column":40}},"type":"binary-expr","locations":[{"start":{"line":75,"column":23},"end":{"line":75,"column":32}},{"start":{"line":75,"column":36},"end":{"line":75,"column":40}}],"line":75},"13":{"loc":{"start":{"line":77,"column":25},"end":{"line":77,"column":45}},"type":"binary-expr","locations":[{"start":{"line":77,"column":25},"end":{"line":77,"column":36}},{"start":{"line":77,"column":40},"end":{"line":77,"column":45}}],"line":77},"14":{"loc":{"start":{"line":78,"column":27},"end":{"line":78,"column":52}},"type":"binary-expr","locations":[{"start":{"line":78,"column":27},"end":{"line":78,"column":40}},{"start":{"line":78,"column":44},"end":{"line":78,"column":52}}],"line":78},"15":{"loc":{"start":{"line":79,"column":25},"end":{"line":79,"column":44}},"type":"binary-expr","locations":[{"start":{"line":79,"column":25},"end":{"line":79,"column":36}},{"start":{"line":79,"column":40},"end":{"line":79,"column":44}}],"line":79},"16":{"loc":{"start":{"line":80,"column":27},"end":{"line":80,"column":48}},"type":"binary-expr","locations":[{"start":{"line":80,"column":27},"end":{"line":80,"column":40}},{"start":{"line":80,"column":44},"end":{"line":80,"column":48}}],"line":80},"17":{"loc":{"start":{"line":81,"column":31},"end":{"line":81,"column":56}},"type":"binary-expr","locations":[{"start":{"line":81,"column":31},"end":{"line":81,"column":48}},{"start":{"line":81,"column":52},"end":{"line":81,"column":56}}],"line":81},"18":{"loc":{"start":{"line":93,"column":20},"end":{"line":93,"column":51}},"type":"binary-expr","locations":[{"start":{"line":93,"column":20},"end":{"line":93,"column":39}},{"start":{"line":93,"column":43},"end":{"line":93,"column":51}}],"line":93},"19":{"loc":{"start":{"line":93,"column":53},"end":{"line":93,"column":82}},"type":"binary-expr","locations":[{"start":{"line":93,"column":53},"end":{"line":93,"column":67}},{"start":{"line":93,"column":71},"end":{"line":93,"column":82}}],"line":93},"20":{"loc":{"start":{"line":109,"column":8},"end":{"line":111,"column":9}},"type":"if","locations":[{"start":{"line":109,"column":8},"end":{"line":111,"column":9}},{"start":{},"end":{}}],"line":109},"21":{"loc":{"start":{"line":114,"column":8},"end":{"line":122,"column":9}},"type":"if","locations":[{"start":{"line":114,"column":8},"end":{"line":122,"column":9}},{"start":{"line":120,"column":15},"end":{"line":122,"column":9}}],"line":114},"22":{"loc":{"start":{"line":114,"column":12},"end":{"line":114,"column":106}},"type":"binary-expr","locations":[{"start":{"line":114,"column":12},"end":{"line":114,"column":30}},{"start":{"line":114,"column":34},"end":{"line":114,"column":45}},{"start":{"line":114,"column":49},"end":{"line":114,"column":106}}],"line":114},"23":{"loc":{"start":{"line":115,"column":49},"end":{"line":115,"column":114}},"type":"binary-expr","locations":[{"start":{"line":115,"column":49},"end":{"line":115,"column":60}},{"start":{"line":115,"column":64},"end":{"line":115,"column":114}}],"line":115},"24":{"loc":{"start":{"line":116,"column":12},"end":{"line":118,"column":13}},"type":"if","locations":[{"start":{"line":116,"column":12},"end":{"line":118,"column":13}},{"start":{},"end":{}}],"line":116},"25":{"loc":{"start":{"line":120,"column":15},"end":{"line":122,"column":9}},"type":"if","locations":[{"start":{"line":120,"column":15},"end":{"line":122,"column":9}},{"start":{},"end":{}}],"line":120},"26":{"loc":{"start":{"line":124,"column":8},"end":{"line":126,"column":9}},"type":"if","locations":[{"start":{"line":124,"column":8},"end":{"line":126,"column":9}},{"start":{},"end":{}}],"line":124},"27":{"loc":{"start":{"line":124,"column":12},"end":{"line":124,"column":56}},"type":"binary-expr","locations":[{"start":{"line":124,"column":12},"end":{"line":124,"column":30}},{"start":{"line":124,"column":34},"end":{"line":124,"column":56}}],"line":124},"28":{"loc":{"start":{"line":129,"column":8},"end":{"line":137,"column":9}},"type":"if","locations":[{"start":{"line":129,"column":8},"end":{"line":137,"column":9}},{"start":{},"end":{}}],"line":129},"29":{"loc":{"start":{"line":129,"column":12},"end":{"line":129,"column":53}},"type":"binary-expr","locations":[{"start":{"line":129,"column":12},"end":{"line":129,"column":29}},{"start":{"line":129,"column":33},"end":{"line":129,"column":53}}],"line":129},"30":{"loc":{"start":{"line":130,"column":12},"end":{"line":135,"column":13}},"type":"if","locations":[{"start":{"line":130,"column":12},"end":{"line":135,"column":13}},{"start":{},"end":{}}],"line":130},"31":{"loc":{"start":{"line":130,"column":16},"end":{"line":130,"column":33}},"type":"binary-expr","locations":[{"start":{"line":130,"column":16},"end":{"line":130,"column":19}},{"start":{"line":130,"column":23},"end":{"line":130,"column":33}}],"line":130},"32":{"loc":{"start":{"line":131,"column":52},"end":{"line":131,"column":80}},"type":"binary-expr","locations":[{"start":{"line":131,"column":52},"end":{"line":131,"column":63}},{"start":{"line":131,"column":67},"end":{"line":131,"column":80}}],"line":131},"33":{"loc":{"start":{"line":132,"column":16},"end":{"line":134,"column":17}},"type":"if","locations":[{"start":{"line":132,"column":16},"end":{"line":134,"column":17}},{"start":{},"end":{}}],"line":132},"34":{"loc":{"start":{"line":139,"column":8},"end":{"line":139,"column":70}},"type":"if","locations":[{"start":{"line":139,"column":8},"end":{"line":139,"column":70}},{"start":{},"end":{}}],"line":139},"35":{"loc":{"start":{"line":139,"column":54},"end":{"line":139,"column":69}},"type":"binary-expr","locations":[{"start":{"line":139,"column":54},"end":{"line":139,"column":61}},{"start":{"line":139,"column":65},"end":{"line":139,"column":69}}],"line":139},"36":{"loc":{"start":{"line":140,"column":8},"end":{"line":140,"column":65}},"type":"if","locations":[{"start":{"line":140,"column":8},"end":{"line":140,"column":65}},{"start":{},"end":{}}],"line":140},"37":{"loc":{"start":{"line":141,"column":8},"end":{"line":141,"column":68}},"type":"if","locations":[{"start":{"line":141,"column":8},"end":{"line":141,"column":68}},{"start":{},"end":{}}],"line":141},"38":{"loc":{"start":{"line":142,"column":8},"end":{"line":142,"column":74}},"type":"if","locations":[{"start":{"line":142,"column":8},"end":{"line":142,"column":74}},{"start":{},"end":{}}],"line":142},"39":{"loc":{"start":{"line":143,"column":8},"end":{"line":143,"column":80}},"type":"if","locations":[{"start":{"line":143,"column":8},"end":{"line":143,"column":80}},{"start":{},"end":{}}],"line":143},"40":{"loc":{"start":{"line":144,"column":8},"end":{"line":144,"column":74}},"type":"if","locations":[{"start":{"line":144,"column":8},"end":{"line":144,"column":74}},{"start":{},"end":{}}],"line":144},"41":{"loc":{"start":{"line":145,"column":8},"end":{"line":145,"column":80}},"type":"if","locations":[{"start":{"line":145,"column":8},"end":{"line":145,"column":80}},{"start":{},"end":{}}],"line":145},"42":{"loc":{"start":{"line":146,"column":8},"end":{"line":146,"column":92}},"type":"if","locations":[{"start":{"line":146,"column":8},"end":{"line":146,"column":92}},{"start":{},"end":{}}],"line":146},"43":{"loc":{"start":{"line":153,"column":20},"end":{"line":153,"column":51}},"type":"binary-expr","locations":[{"start":{"line":153,"column":20},"end":{"line":153,"column":39}},{"start":{"line":153,"column":43},"end":{"line":153,"column":51}}],"line":153},"44":{"loc":{"start":{"line":153,"column":53},"end":{"line":153,"column":82}},"type":"binary-expr","locations":[{"start":{"line":153,"column":53},"end":{"line":153,"column":67}},{"start":{"line":153,"column":71},"end":{"line":153,"column":82}}],"line":153},"45":{"loc":{"start":{"line":166,"column":8},"end":{"line":168,"column":9}},"type":"if","locations":[{"start":{"line":166,"column":8},"end":{"line":168,"column":9}},{"start":{},"end":{}}],"line":166},"46":{"loc":{"start":{"line":184,"column":8},"end":{"line":186,"column":9}},"type":"if","locations":[{"start":{"line":184,"column":8},"end":{"line":186,"column":9}},{"start":{},"end":{}}],"line":184},"47":{"loc":{"start":{"line":196,"column":20},"end":{"line":196,"column":51}},"type":"binary-expr","locations":[{"start":{"line":196,"column":20},"end":{"line":196,"column":39}},{"start":{"line":196,"column":43},"end":{"line":196,"column":51}}],"line":196},"48":{"loc":{"start":{"line":196,"column":53},"end":{"line":196,"column":82}},"type":"binary-expr","locations":[{"start":{"line":196,"column":53},"end":{"line":196,"column":67}},{"start":{"line":196,"column":71},"end":{"line":196,"column":82}}],"line":196}},"s":{"0":1,"1":1,"2":1,"3":1,"4":2,"5":1,"6":3,"7":3,"8":1,"9":2,"10":1,"11":1,"12":1,"13":1,"14":2,"15":1,"16":0,"17":1,"18":0,"19":0,"20":0,"21":0,"22":1,"23":1,"24":1,"25":1,"26":1,"27":1,"28":1,"29":1,"30":1,"31":1,"32":1,"33":1,"34":2,"35":2,"36":2,"37":2,"38":3,"39":2,"40":1,"41":1,"42":1,"43":2,"44":1,"45":0,"46":1,"47":0,"48":0,"49":1,"50":0,"51":1,"52":0,"53":0,"54":0,"55":0,"56":0,"57":0,"58":1,"59":0,"60":1,"61":0,"62":1,"63":0,"64":1,"65":0,"66":1,"67":0,"68":1,"69":0,"70":1,"71":0,"72":1,"73":0,"74":1,"75":1,"76":1,"77":1,"78":1,"79":1,"80":1,"81":1,"82":0,"83":0,"84":0,"85":0,"86":0,"87":0,"88":0,"89":0,"90":0,"91":0,"92":0,"93":0,"94":1,"95":2,"96":2,"97":2,"98":3,"99":2,"100":1,"101":1,"102":1,"103":1,"104":1,"105":1,"106":1,"107":1,"108":1,"109":1,"110":1,"111":1,"112":1},"f":{"0":1,"1":2,"2":3,"3":2,"4":0,"5":1,"6":2,"7":3,"8":2,"9":0,"10":1,"11":0,"12":0,"13":2,"14":3,"15":1},"b":{"0":[1,2],"1":[1,1],"2":[1,0],"3":[1,1],"4":[0,1],"5":[0,1],"6":[1,0],"7":[0,0],"8":[1,0],"9":[1,1],"10":[1,1],"11":[1,1],"12":[1,1],"13":[1,1],"14":[1,1],"15":[1,1],"16":[1,1],"17":[1,1],"18":[1,0],"19":[1,0],"20":[1,1],"21":[1,0],"22":[1,1,1],"23":[2,1],"24":[0,1],"25":[0,0],"26":[0,1],"27":[1,0],"28":[0,1],"29":[1,0],"30":[0,0],"31":[0,0],"32":[0,0],"33":[0,0],"34":[0,1],"35":[0,0],"36":[0,1],"37":[0,1],"38":[0,1],"39":[0,1],"40":[0,1],"41":[0,1],"42":[0,1],"43":[1,0],"44":[1,0],"45":[0,0],"46":[1,1],"47":[1,0],"48":[1,0]},"_coverageSchema":"1a1c01bbd47fc00a2c39e90264f33305004495a9","hash":"53a82a4bdb531b6487513159c668e4ecf974fc74"}
,"C:\\Users\\MuhammadIlhaamFadhii\\.gemini\\antigravity\\scratch\\network-monitor-app - beta\\routes\\settingsRoutes.js": {"path":"C:\\Users\\MuhammadIlhaamFadhii\\.gemini\\antigravity\\scratch\\network-monitor-app - beta\\routes\\settingsRoutes.js","statementMap":{"0":{"start":{"line":5,"column":16},"end":{"line":5,"column":34}},"1":{"start":{"line":6,"column":14},"end":{"line":6,"column":30}},"2":{"start":{"line":23,"column":19},"end":{"line":23,"column":35}},"3":{"start":{"line":29,"column":8},"end":{"line":29,"column":12}},"4":{"start":{"line":32,"column":4},"end":{"line":37,"column":7}},"5":{"start":{"line":33,"column":8},"end":{"line":36,"column":11}},"6":{"start":{"line":40,"column":4},"end":{"line":67,"column":7}},"7":{"start":{"line":41,"column":43},"end":{"line":41,"column":51}},"8":{"start":{"line":43,"column":8},"end":{"line":48,"column":9}},"9":{"start":{"line":44,"column":12},"end":{"line":47,"column":15}},"10":{"start":{"line":50,"column":8},"end":{"line":59,"column":9}},"11":{"start":{"line":51,"column":32},"end":{"line":51,"column":61}},"12":{"start":{"line":52,"column":36},"end":{"line":52,"column":54}},"13":{"start":{"line":53,"column":12},"end":{"line":58,"column":13}},"14":{"start":{"line":54,"column":16},"end":{"line":54,"column":46}},"15":{"start":{"line":56,"column":16},"end":{"line":56,"column":31}},"16":{"start":{"line":57,"column":16},"end":{"line":57,"column":32}},"17":{"start":{"line":61,"column":8},"end":{"line":61,"column":23}},"18":{"start":{"line":62,"column":8},"end":{"line":66,"column":11}},"19":{"start":{"line":70,"column":4},"end":{"line":122,"column":7}},"20":{"start":{"line":71,"column":37},"end":{"line":71,"column":45}},"21":{"start":{"line":72,"column":31},"end":{"line":72,"column":50}},"22":{"start":{"line":75,"column":27},"end":{"line":75,"column":62}},"23":{"start":{"line":76,"column":26},"end":{"line":76,"column":57}},"24":{"start":{"line":78,"column":8},"end":{"line":80,"column":9}},"25":{"start":{"line":79,"column":12},"end":{"line":79,"column":89}},"26":{"start":{"line":83,"column":23},"end":{"line":87,"column":10}},"27":{"start":{"line":89,"column":24},"end":{"line":94,"column":9}},"28":{"start":{"line":96,"column":24},"end":{"line":115,"column":10}},"29":{"start":{"line":97,"column":31},"end":{"line":97,"column":33}},"30":{"start":{"line":99,"column":12},"end":{"line":101,"column":15}},"31":{"start":{"line":100,"column":16},"end":{"line":100,"column":38}},"32":{"start":{"line":103,"column":12},"end":{"line":114,"column":15}},"33":{"start":{"line":104,"column":16},"end":{"line":113,"column":17}},"34":{"start":{"line":105,"column":20},"end":{"line":105,"column":91}},"35":{"start":{"line":107,"column":20},"end":{"line":112,"column":21}},"36":{"start":{"line":108,"column":42},"end":{"line":108,"column":66}},"37":{"start":{"line":109,"column":24},"end":{"line":109,"column":104}},"38":{"start":{"line":111,"column":24},"end":{"line":111,"column":109}},"39":{"start":{"line":117,"column":8},"end":{"line":119,"column":11}},"40":{"start":{"line":118,"column":12},"end":{"line":118,"column":88}},"41":{"start":{"line":121,"column":8},"end":{"line":121,"column":22}},"42":{"start":{"line":126,"column":4},"end":{"line":128,"column":7}},"43":{"start":{"line":127,"column":8},"end":{"line":127,"column":32}},"44":{"start":{"line":130,"column":4},"end":{"line":130,"column":18}},"45":{"start":{"line":133,"column":0},"end":{"line":133,"column":42}}},"fnMap":{"0":{"name":"createSettingsRoutes","decl":{"start":{"line":22,"column":9},"end":{"line":22,"column":29}},"loc":{"start":{"line":22,"column":36},"end":{"line":131,"column":1}},"line":22},"1":{"name":"(anonymous_1)","decl":{"start":{"line":32,"column":45},"end":{"line":32,"column":46}},"loc":{"start":{"line":32,"column":59},"end":{"line":37,"column":5}},"line":32},"2":{"name":"(anonymous_2)","decl":{"start":{"line":40,"column":46},"end":{"line":40,"column":47}},"loc":{"start":{"line":40,"column":60},"end":{"line":67,"column":5}},"line":40},"3":{"name":"(anonymous_3)","decl":{"start":{"line":70,"column":59},"end":{"line":70,"column":60}},"loc":{"start":{"line":70,"column":73},"end":{"line":122,"column":5}},"line":70},"4":{"name":"(anonymous_4)","decl":{"start":{"line":96,"column":47},"end":{"line":96,"column":48}},"loc":{"start":{"line":96,"column":61},"end":{"line":115,"column":9}},"line":96},"5":{"name":"(anonymous_5)","decl":{"start":{"line":99,"column":32},"end":{"line":99,"column":33}},"loc":{"start":{"line":99,"column":43},"end":{"line":101,"column":13}},"line":99},"6":{"name":"(anonymous_6)","decl":{"start":{"line":103,"column":31},"end":{"line":103,"column":32}},"loc":{"start":{"line":103,"column":37},"end":{"line":114,"column":13}},"line":103},"7":{"name":"(anonymous_7)","decl":{"start":{"line":117,"column":28},"end":{"line":117,"column":29}},"loc":{"start":{"line":117,"column":39},"end":{"line":119,"column":9}},"line":117},"8":{"name":"(anonymous_8)","decl":{"start":{"line":126,"column":54},"end":{"line":126,"column":55}},"loc":{"start":{"line":126,"column":68},"end":{"line":128,"column":5}},"line":126}},"branchMap":{"0":{"loc":{"start":{"line":43,"column":8},"end":{"line":48,"column":9}},"type":"if","locations":[{"start":{"line":43,"column":8},"end":{"line":48,"column":9}},{"start":{},"end":{}}],"line":43},"1":{"loc":{"start":{"line":45,"column":26},"end":{"line":45,"column":49}},"type":"binary-expr","locations":[{"start":{"line":45,"column":26},"end":{"line":45,"column":43}},{"start":{"line":45,"column":47},"end":{"line":45,"column":49}}],"line":45},"2":{"loc":{"start":{"line":46,"column":24},"end":{"line":46,"column":45}},"type":"binary-expr","locations":[{"start":{"line":46,"column":24},"end":{"line":46,"column":39}},{"start":{"line":46,"column":43},"end":{"line":46,"column":45}}],"line":46},"3":{"loc":{"start":{"line":50,"column":8},"end":{"line":59,"column":9}},"type":"if","locations":[{"start":{"line":50,"column":8},"end":{"line":59,"column":9}},{"start":{},"end":{}}],"line":50},"4":{"loc":{"start":{"line":53,"column":12},"end":{"line":58,"column":13}},"type":"if","locations":[{"start":{"line":53,"column":12},"end":{"line":58,"column":13}},{"start":{},"end":{}}],"line":53},"5":{"loc":{"start":{"line":53,"column":16},"end":{"line":53,"column":70}},"type":"binary-expr","locations":[{"start":{"line":53,"column":16},"end":{"line":53,"column":35}},{"start":{"line":53,"column":39},"end":{"line":53,"column":70}}],"line":53},"6":{"loc":{"start":{"line":75,"column":27},"end":{"line":75,"column":62}},"type":"binary-expr","locations":[{"start":{"line":75,"column":27},"end":{"line":75,"column":35}},{"start":{"line":75,"column":39},"end":{"line":75,"column":62}}],"line":75},"7":{"loc":{"start":{"line":76,"column":26},"end":{"line":76,"column":57}},"type":"binary-expr","locations":[{"start":{"line":76,"column":26},"end":{"line":76,"column":32}},{"start":{"line":76,"column":36},"end":{"line":76,"column":57}}],"line":76},"8":{"loc":{"start":{"line":78,"column":8},"end":{"line":80,"column":9}},"type":"if","locations":[{"start":{"line":78,"column":8},"end":{"line":80,"column":9}},{"start":{},"end":{}}],"line":78},"9":{"loc":{"start":{"line":78,"column":12},"end":{"line":78,"column":37}},"type":"binary-expr","locations":[{"start":{"line":78,"column":12},"end":{"line":78,"column":23}},{"start":{"line":78,"column":27},"end":{"line":78,"column":37}}],"line":78},"10":{"loc":{"start":{"line":104,"column":16},"end":{"line":113,"column":17}},"type":"if","locations":[{"start":{"line":104,"column":16},"end":{"line":113,"column":17}},{"start":{"line":106,"column":23},"end":{"line":113,"column":17}}],"line":104}},"s":{"0":0,"1":0,"2":0,"3":0,"4":0,"5":0,"6":0,"7":0,"8":0,"9":0,"10":0,"11":0,"12":0,"13":0,"14":0,"15":0,"16":0,"17":0,"18":0,"19":0,"20":0,"21":0,"22":0,"23":0,"24":0,"25":0,"26":0,"27":0,"28":0,"29":0,"30":0,"31":0,"32":0,"33":0,"34":0,"35":0,"36":0,"37":0,"38":0,"39":0,"40":0,"41":0,"42":0,"43":0,"44":0,"45":0},"f":{"0":0,"1":0,"2":0,"3":0,"4":0,"5":0,"6":0,"7":0,"8":0},"b":{"0":[0,0],"1":[0,0],"2":[0,0],"3":[0,0],"4":[0,0],"5":[0,0],"6":[0,0],"7":[0,0],"8":[0,0],"9":[0,0],"10":[0,0]}}
,"C:\\Users\\MuhammadIlhaamFadhii\\.gemini\\antigravity\\scratch\\network-monitor-app - beta\\routes\\snmpRoutes.js": {"path":"C:\\Users\\MuhammadIlhaamFadhii\\.gemini\\antigravity\\scratch\\network-monitor-app - beta\\routes\\snmpRoutes.js","statementMap":{"0":{"start":{"line":5,"column":16},"end":{"line":5,"column":34}},"1":{"start":{"line":17,"column":19},"end":{"line":17,"column":35}},"2":{"start":{"line":18,"column":67},"end":{"line":18,"column":71}},"3":{"start":{"line":21,"column":4},"end":{"line":40,"column":7}},"4":{"start":{"line":22,"column":8},"end":{"line":39,"column":9}},"5":{"start":{"line":23,"column":26},"end":{"line":23,"column":36}},"6":{"start":{"line":24,"column":29},"end":{"line":24,"column":68}},"7":{"start":{"line":24,"column":45},"end":{"line":24,"column":67}},"8":{"start":{"line":25,"column":12},"end":{"line":27,"column":13}},"9":{"start":{"line":26,"column":16},"end":{"line":26,"column":73}},"10":{"start":{"line":30,"column":30},"end":{"line":30,"column":86}},"11":{"start":{"line":31,"column":28},"end":{"line":31,"column":76}},"12":{"start":{"line":33,"column":12},"end":{"line":33,"column":93}},"13":{"start":{"line":34,"column":31},"end":{"line":34,"column":97}},"14":{"start":{"line":35,"column":12},"end":{"line":35,"column":33}},"15":{"start":{"line":37,"column":12},"end":{"line":37,"column":61}},"16":{"start":{"line":38,"column":12},"end":{"line":38,"column":91}},"17":{"start":{"line":44,"column":4},"end":{"line":97,"column":7}},"18":{"start":{"line":45,"column":23},"end":{"line":45,"column":36}},"19":{"start":{"line":46,"column":37},"end":{"line":46,"column":46}},"20":{"start":{"line":49,"column":31},"end":{"line":49,"column":41}},"21":{"start":{"line":51,"column":8},"end":{"line":66,"column":9}},"22":{"start":{"line":53,"column":12},"end":{"line":53,"column":48}},"23":{"start":{"line":54,"column":12},"end":{"line":54,"column":44}},"24":{"start":{"line":57,"column":30},"end":{"line":63,"column":13}},"25":{"start":{"line":64,"column":29},"end":{"line":64,"column":66}},"26":{"start":{"line":65,"column":12},"end":{"line":65,"column":41}},"27":{"start":{"line":69,"column":24},"end":{"line":69,"column":94}},"28":{"start":{"line":72,"column":20},"end":{"line":75,"column":9}},"29":{"start":{"line":77,"column":8},"end":{"line":88,"column":9}},"30":{"start":{"line":78,"column":29},"end":{"line":78,"column":64}},"31":{"start":{"line":78,"column":46},"end":{"line":78,"column":63}},"32":{"start":{"line":79,"column":30},"end":{"line":79,"column":66}},"33":{"start":{"line":79,"column":47},"end":{"line":79,"column":65}},"34":{"start":{"line":81,"column":12},"end":{"line":81,"column":66}},"35":{"start":{"line":82,"column":12},"end":{"line":82,"column":90}},"36":{"start":{"line":82,"column":62},"end":{"line":82,"column":67}},"37":{"start":{"line":83,"column":12},"end":{"line":83,"column":58}},"38":{"start":{"line":85,"column":12},"end":{"line":85,"column":69}},"39":{"start":{"line":86,"column":12},"end":{"line":86,"column":93}},"40":{"start":{"line":86,"column":64},"end":{"line":86,"column":69}},"41":{"start":{"line":87,"column":12},"end":{"line":87,"column":60}},"42":{"start":{"line":90,"column":8},"end":{"line":96,"column":11}},"43":{"start":{"line":99,"column":4},"end":{"line":99,"column":18}},"44":{"start":{"line":102,"column":0},"end":{"line":102,"column":38}}},"fnMap":{"0":{"name":"createSnmpRoutes","decl":{"start":{"line":16,"column":9},"end":{"line":16,"column":25}},"loc":{"start":{"line":16,"column":32},"end":{"line":100,"column":1}},"line":16},"1":{"name":"(anonymous_1)","decl":{"start":{"line":21,"column":58},"end":{"line":21,"column":59}},"loc":{"start":{"line":21,"column":78},"end":{"line":40,"column":5}},"line":21},"2":{"name":"(anonymous_2)","decl":{"start":{"line":24,"column":40},"end":{"line":24,"column":41}},"loc":{"start":{"line":24,"column":45},"end":{"line":24,"column":67}},"line":24},"3":{"name":"(anonymous_3)","decl":{"start":{"line":44,"column":60},"end":{"line":44,"column":61}},"loc":{"start":{"line":44,"column":74},"end":{"line":97,"column":5}},"line":44},"4":{"name":"(anonymous_4)","decl":{"start":{"line":78,"column":41},"end":{"line":78,"column":42}},"loc":{"start":{"line":78,"column":46},"end":{"line":78,"column":63}},"line":78},"5":{"name":"(anonymous_5)","decl":{"start":{"line":79,"column":42},"end":{"line":79,"column":43}},"loc":{"start":{"line":79,"column":47},"end":{"line":79,"column":65}},"line":79},"6":{"name":"(anonymous_6)","decl":{"start":{"line":82,"column":52},"end":{"line":82,"column":53}},"loc":{"start":{"line":82,"column":62},"end":{"line":82,"column":67}},"line":82},"7":{"name":"(anonymous_7)","decl":{"start":{"line":86,"column":54},"end":{"line":86,"column":55}},"loc":{"start":{"line":86,"column":64},"end":{"line":86,"column":69}},"line":86}},"branchMap":{"0":{"loc":{"start":{"line":25,"column":12},"end":{"line":27,"column":13}},"type":"if","locations":[{"start":{"line":25,"column":12},"end":{"line":27,"column":13}},{"start":{},"end":{}}],"line":25},"1":{"loc":{"start":{"line":30,"column":30},"end":{"line":30,"column":86}},"type":"binary-expr","locations":[{"start":{"line":30,"column":30},"end":{"line":30,"column":48}},{"start":{"line":30,"column":52},"end":{"line":30,"column":74}},{"start":{"line":30,"column":78},"end":{"line":30,"column":86}}],"line":30},"2":{"loc":{"start":{"line":31,"column":28},"end":{"line":31,"column":76}},"type":"binary-expr","locations":[{"start":{"line":31,"column":28},"end":{"line":31,"column":44}},{"start":{"line":31,"column":48},"end":{"line":31,"column":68}},{"start":{"line":31,"column":72},"end":{"line":31,"column":76}}],"line":31},"3":{"loc":{"start":{"line":51,"column":8},"end":{"line":66,"column":9}},"type":"if","locations":[{"start":{"line":51,"column":8},"end":{"line":66,"column":9}},{"start":{"line":55,"column":15},"end":{"line":66,"column":9}}],"line":51},"4":{"loc":{"start":{"line":51,"column":12},"end":{"line":51,"column":22}},"type":"binary-expr","locations":[{"start":{"line":51,"column":12},"end":{"line":51,"column":16}},{"start":{"line":51,"column":20},"end":{"line":51,"column":22}}],"line":51},"5":{"loc":{"start":{"line":64,"column":29},"end":{"line":64,"column":66}},"type":"binary-expr","locations":[{"start":{"line":64,"column":29},"end":{"line":64,"column":46}},{"start":{"line":64,"column":50},"end":{"line":64,"column":66}}],"line":64},"6":{"loc":{"start":{"line":77,"column":8},"end":{"line":88,"column":9}},"type":"if","locations":[{"start":{"line":77,"column":8},"end":{"line":88,"column":9}},{"start":{},"end":{}}],"line":77},"7":{"loc":{"start":{"line":78,"column":46},"end":{"line":78,"column":63}},"type":"binary-expr","locations":[{"start":{"line":78,"column":46},"end":{"line":78,"column":58}},{"start":{"line":78,"column":62},"end":{"line":78,"column":63}}],"line":78},"8":{"loc":{"start":{"line":79,"column":47},"end":{"line":79,"column":65}},"type":"binary-expr","locations":[{"start":{"line":79,"column":47},"end":{"line":79,"column":60}},{"start":{"line":79,"column":64},"end":{"line":79,"column":65}}],"line":79},"9":{"loc":{"start":{"line":93,"column":20},"end":{"line":93,"column":35}},"type":"binary-expr","locations":[{"start":{"line":93,"column":20},"end":{"line":93,"column":26}},{"start":{"line":93,"column":30},"end":{"line":93,"column":35}}],"line":93}},"s":{"0":1,"1":1,"2":1,"3":1,"4":2,"5":2,"6":2,"7":1,"8":2,"9":1,"10":1,"11":1,"12":1,"13":1,"14":1,"15":0,"16":0,"17":1,"18":9,"19":9,"20":9,"21":9,"22":1,"23":1,"24":8,"25":8,"26":8,"27":9,"28":9,"29":9,"30":9,"31":27,"32":9,"33":27,"34":9,"35":9,"36":27,"37":9,"38":9,"39":9,"40":27,"41":9,"42":9,"43":1,"44":1},"f":{"0":1,"1":2,"2":1,"3":9,"4":27,"5":27,"6":27,"7":27},"b":{"0":[1,1],"1":[1,1,0],"2":[1,1,0],"3":[1,8],"4":[9,1],"5":[8,2],"6":[9,0],"7":[27,0],"8":[27,0],"9":[9,3]},"_coverageSchema":"1a1c01bbd47fc00a2c39e90264f33305004495a9","hash":"80af490e09ef2fcd077b87cfee62944eb949a988"}
,"C:\\Users\\MuhammadIlhaamFadhii\\.gemini\\antigravity\\scratch\\network-monitor-app - beta\\routes\\ticketRoutes.js": {"path":"C:\\Users\\MuhammadIlhaamFadhii\\.gemini\\antigravity\\scratch\\network-monitor-app - beta\\routes\\ticketRoutes.js","statementMap":{"0":{"start":{"line":5,"column":16},"end":{"line":5,"column":34}},"1":{"start":{"line":6,"column":13},"end":{"line":6,"column":28}},"2":{"start":{"line":23,"column":19},"end":{"line":23,"column":35}},"3":{"start":{"line":27,"column":8},"end":{"line":27,"column":12}},"4":{"start":{"line":30,"column":4},"end":{"line":32,"column":7}},"5":{"start":{"line":31,"column":8},"end":{"line":31,"column":31}},"6":{"start":{"line":35,"column":4},"end":{"line":103,"column":7}},"7":{"start":{"line":36,"column":8},"end":{"line":102,"column":9}},"8":{"start":{"line":37,"column":28},"end":{"line":37,"column":40}},"9":{"start":{"line":38,"column":33},"end":{"line":81,"column":14}},"10":{"start":{"line":39,"column":30},"end":{"line":39,"column":51}},"11":{"start":{"line":40,"column":28},"end":{"line":40,"column":72}},"12":{"start":{"line":41,"column":34},"end":{"line":41,"column":88}},"13":{"start":{"line":43,"column":31},"end":{"line":43,"column":34}},"14":{"start":{"line":44,"column":16},"end":{"line":50,"column":17}},"15":{"start":{"line":45,"column":35},"end":{"line":45,"column":46}},"16":{"start":{"line":46,"column":37},"end":{"line":46,"column":63}},"17":{"start":{"line":47,"column":32},"end":{"line":47,"column":57}},"18":{"start":{"line":48,"column":33},"end":{"line":48,"column":46}},"19":{"start":{"line":49,"column":20},"end":{"line":49,"column":50}},"20":{"start":{"line":52,"column":35},"end":{"line":52,"column":38}},"21":{"start":{"line":53,"column":16},"end":{"line":59,"column":17}},"22":{"start":{"line":54,"column":35},"end":{"line":54,"column":52}},"23":{"start":{"line":55,"column":37},"end":{"line":55,"column":63}},"24":{"start":{"line":56,"column":32},"end":{"line":56,"column":57}},"25":{"start":{"line":57,"column":33},"end":{"line":57,"column":46}},"26":{"start":{"line":58,"column":20},"end":{"line":58,"column":54}},"27":{"start":{"line":61,"column":41},"end":{"line":63,"column":24}},"28":{"start":{"line":62,"column":42},"end":{"line":62,"column":114}},"29":{"start":{"line":65,"column":16},"end":{"line":80,"column":18}},"30":{"start":{"line":83,"column":23},"end":{"line":83,"column":44}},"31":{"start":{"line":84,"column":23},"end":{"line":84,"column":61}},"32":{"start":{"line":86,"column":27},"end":{"line":91,"column":13}},"33":{"start":{"line":92,"column":12},"end":{"line":92,"column":33}},"34":{"start":{"line":93,"column":12},"end":{"line":93,"column":60}},"35":{"start":{"line":95,"column":27},"end":{"line":95,"column":79}},"36":{"start":{"line":96,"column":12},"end":{"line":96,"column":111}},"37":{"start":{"line":97,"column":12},"end":{"line":97,"column":134}},"38":{"start":{"line":98,"column":12},"end":{"line":98,"column":29}},"39":{"start":{"line":100,"column":12},"end":{"line":100,"column":50}},"40":{"start":{"line":101,"column":12},"end":{"line":101,"column":72}},"41":{"start":{"line":106,"column":4},"end":{"line":160,"column":7}},"42":{"start":{"line":107,"column":94},"end":{"line":107,"column":102}},"43":{"start":{"line":109,"column":8},"end":{"line":111,"column":9}},"44":{"start":{"line":110,"column":12},"end":{"line":110,"column":72}},"45":{"start":{"line":113,"column":23},"end":{"line":113,"column":32}},"46":{"start":{"line":114,"column":22},"end":{"line":114,"column":26}},"47":{"start":{"line":115,"column":26},"end":{"line":115,"column":30}},"48":{"start":{"line":116,"column":22},"end":{"line":116,"column":32}},"49":{"start":{"line":118,"column":8},"end":{"line":129,"column":9}},"50":{"start":{"line":119,"column":25},"end":{"line":119,"column":57}},"51":{"start":{"line":119,"column":41},"end":{"line":119,"column":56}},"52":{"start":{"line":120,"column":12},"end":{"line":128,"column":13}},"53":{"start":{"line":121,"column":16},"end":{"line":121,"column":38}},"54":{"start":{"line":122,"column":16},"end":{"line":122,"column":37}},"55":{"start":{"line":123,"column":16},"end":{"line":123,"column":35}},"56":{"start":{"line":127,"column":16},"end":{"line":127,"column":35}},"57":{"start":{"line":131,"column":28},"end":{"line":131,"column":89}},"58":{"start":{"line":131,"column":59},"end":{"line":131,"column":83}},"59":{"start":{"line":133,"column":26},"end":{"line":133,"column":30}},"60":{"start":{"line":134,"column":28},"end":{"line":134,"column":32}},"61":{"start":{"line":135,"column":22},"end":{"line":135,"column":32}},"62":{"start":{"line":136,"column":8},"end":{"line":142,"column":9}},"63":{"start":{"line":137,"column":25},"end":{"line":137,"column":69}},"64":{"start":{"line":137,"column":41},"end":{"line":137,"column":68}},"65":{"start":{"line":138,"column":12},"end":{"line":141,"column":13}},"66":{"start":{"line":139,"column":16},"end":{"line":139,"column":38}},"67":{"start":{"line":140,"column":16},"end":{"line":140,"column":42}},"68":{"start":{"line":144,"column":23},"end":{"line":148,"column":9}},"69":{"start":{"line":150,"column":8},"end":{"line":154,"column":9}},"70":{"start":{"line":151,"column":12},"end":{"line":151,"column":53}},"71":{"start":{"line":152,"column":12},"end":{"line":152,"column":26}},"72":{"start":{"line":153,"column":12},"end":{"line":153,"column":51}},"73":{"start":{"line":156,"column":21},"end":{"line":156,"column":66}},"74":{"start":{"line":156,"column":37},"end":{"line":156,"column":65}},"75":{"start":{"line":157,"column":8},"end":{"line":157,"column":164}},"76":{"start":{"line":159,"column":8},"end":{"line":159,"column":37}},"77":{"start":{"line":163,"column":4},"end":{"line":216,"column":7}},"78":{"start":{"line":164,"column":23},"end":{"line":164,"column":33}},"79":{"start":{"line":165,"column":87},"end":{"line":165,"column":95}},"80":{"start":{"line":166,"column":24},"end":{"line":166,"column":36}},"81":{"start":{"line":167,"column":22},"end":{"line":167,"column":32}},"82":{"start":{"line":169,"column":23},"end":{"line":169,"column":53}},"83":{"start":{"line":169,"column":41},"end":{"line":169,"column":52}},"84":{"start":{"line":170,"column":8},"end":{"line":172,"column":9}},"85":{"start":{"line":171,"column":12},"end":{"line":171,"column":71}},"86":{"start":{"line":174,"column":31},"end":{"line":174,"column":44}},"87":{"start":{"line":176,"column":8},"end":{"line":201,"column":9}},"88":{"start":{"line":177,"column":12},"end":{"line":177,"column":35}},"89":{"start":{"line":179,"column":12},"end":{"line":183,"column":13}},"90":{"start":{"line":180,"column":16},"end":{"line":182,"column":17}},"91":{"start":{"line":181,"column":20},"end":{"line":181,"column":70}},"92":{"start":{"line":185,"column":12},"end":{"line":200,"column":13}},"93":{"start":{"line":186,"column":16},"end":{"line":188,"column":17}},"94":{"start":{"line":187,"column":20},"end":{"line":187,"column":70}},"95":{"start":{"line":189,"column":16},"end":{"line":191,"column":17}},"96":{"start":{"line":190,"column":20},"end":{"line":190,"column":65}},"97":{"start":{"line":193,"column":16},"end":{"line":199,"column":17}},"98":{"start":{"line":194,"column":33},"end":{"line":194,"column":77}},"99":{"start":{"line":194,"column":49},"end":{"line":194,"column":76}},"100":{"start":{"line":195,"column":20},"end":{"line":198,"column":21}},"101":{"start":{"line":196,"column":24},"end":{"line":196,"column":52}},"102":{"start":{"line":197,"column":24},"end":{"line":197,"column":56}},"103":{"start":{"line":203,"column":8},"end":{"line":203,"column":63}},"104":{"start":{"line":203,"column":36},"end":{"line":203,"column":63}},"105":{"start":{"line":204,"column":8},"end":{"line":204,"column":72}},"106":{"start":{"line":204,"column":39},"end":{"line":204,"column":72}},"107":{"start":{"line":205,"column":8},"end":{"line":205,"column":68}},"108":{"start":{"line":205,"column":35},"end":{"line":205,"column":68}},"109":{"start":{"line":206,"column":8},"end":{"line":206,"column":94}},"110":{"start":{"line":206,"column":65},"end":{"line":206,"column":94}},"111":{"start":{"line":207,"column":8},"end":{"line":207,"column":92}},"112":{"start":{"line":207,"column":43},"end":{"line":207,"column":92}},"113":{"start":{"line":209,"column":8},"end":{"line":209,"column":22}},"114":{"start":{"line":210,"column":8},"end":{"line":210,"column":47}},"115":{"start":{"line":212,"column":27},"end":{"line":212,"column":72}},"116":{"start":{"line":212,"column":43},"end":{"line":212,"column":71}},"117":{"start":{"line":213,"column":8},"end":{"line":213,"column":190}},"118":{"start":{"line":215,"column":8},"end":{"line":215,"column":25}},"119":{"start":{"line":219,"column":4},"end":{"line":238,"column":7}},"120":{"start":{"line":220,"column":23},"end":{"line":220,"column":33}},"121":{"start":{"line":221,"column":24},"end":{"line":221,"column":36}},"122":{"start":{"line":222,"column":22},"end":{"line":222,"column":57}},"123":{"start":{"line":222,"column":45},"end":{"line":222,"column":56}},"124":{"start":{"line":224,"column":8},"end":{"line":226,"column":9}},"125":{"start":{"line":225,"column":12},"end":{"line":225,"column":71}},"126":{"start":{"line":228,"column":24},"end":{"line":228,"column":51}},"127":{"start":{"line":229,"column":8},"end":{"line":229,"column":22}},"128":{"start":{"line":230,"column":8},"end":{"line":230,"column":47}},"129":{"start":{"line":233,"column":22},"end":{"line":233,"column":32}},"130":{"start":{"line":234,"column":21},"end":{"line":234,"column":66}},"131":{"start":{"line":234,"column":37},"end":{"line":234,"column":65}},"132":{"start":{"line":235,"column":8},"end":{"line":235,"column":158}},"133":{"start":{"line":237,"column":8},"end":{"line":237,"column":65}},"134":{"start":{"line":241,"column":4},"end":{"line":279,"column":7}},"135":{"start":{"line":242,"column":23},"end":{"line":242,"column":33}},"136":{"start":{"line":243,"column":25},"end":{"line":243,"column":33}},"137":{"start":{"line":244,"column":25},"end":{"line":244,"column":48}},"138":{"start":{"line":245,"column":24},"end":{"line":245,"column":36}},"139":{"start":{"line":246,"column":22},"end":{"line":246,"column":32}},"140":{"start":{"line":248,"column":8},"end":{"line":250,"column":9}},"141":{"start":{"line":249,"column":12},"end":{"line":249,"column":88}},"142":{"start":{"line":252,"column":23},"end":{"line":252,"column":53}},"143":{"start":{"line":252,"column":41},"end":{"line":252,"column":52}},"144":{"start":{"line":253,"column":8},"end":{"line":255,"column":9}},"145":{"start":{"line":254,"column":12},"end":{"line":254,"column":71}},"146":{"start":{"line":257,"column":8},"end":{"line":257,"column":51}},"147":{"start":{"line":257,"column":30},"end":{"line":257,"column":51}},"148":{"start":{"line":259,"column":21},"end":{"line":259,"column":65}},"149":{"start":{"line":259,"column":37},"end":{"line":259,"column":64}},"150":{"start":{"line":260,"column":24},"end":{"line":267,"column":9}},"151":{"start":{"line":269,"column":8},"end":{"line":271,"column":9}},"152":{"start":{"line":270,"column":12},"end":{"line":270,"column":62}},"153":{"start":{"line":273,"column":8},"end":{"line":273,"column":38}},"154":{"start":{"line":274,"column":8},"end":{"line":274,"column":52}},"155":{"start":{"line":275,"column":8},"end":{"line":275,"column":22}},"156":{"start":{"line":277,"column":8},"end":{"line":277,"column":47}},"157":{"start":{"line":278,"column":8},"end":{"line":278,"column":38}},"158":{"start":{"line":282,"column":4},"end":{"line":312,"column":7}},"159":{"start":{"line":283,"column":40},"end":{"line":283,"column":50}},"160":{"start":{"line":284,"column":23},"end":{"line":284,"column":41}},"161":{"start":{"line":285,"column":25},"end":{"line":285,"column":45}},"162":{"start":{"line":286,"column":24},"end":{"line":286,"column":36}},"163":{"start":{"line":288,"column":23},"end":{"line":288,"column":59}},"164":{"start":{"line":288,"column":41},"end":{"line":288,"column":58}},"165":{"start":{"line":289,"column":8},"end":{"line":291,"column":9}},"166":{"start":{"line":290,"column":12},"end":{"line":290,"column":71}},"167":{"start":{"line":293,"column":8},"end":{"line":295,"column":9}},"168":{"start":{"line":294,"column":12},"end":{"line":294,"column":72}},"169":{"start":{"line":297,"column":29},"end":{"line":297,"column":79}},"170":{"start":{"line":297,"column":60},"end":{"line":297,"column":78}},"171":{"start":{"line":298,"column":8},"end":{"line":300,"column":9}},"172":{"start":{"line":299,"column":12},"end":{"line":299,"column":72}},"173":{"start":{"line":302,"column":24},"end":{"line":302,"column":53}},"174":{"start":{"line":303,"column":8},"end":{"line":305,"column":9}},"175":{"start":{"line":304,"column":12},"end":{"line":304,"column":64}},"176":{"start":{"line":307,"column":8},"end":{"line":307,"column":48}},"177":{"start":{"line":308,"column":8},"end":{"line":308,"column":22}},"178":{"start":{"line":310,"column":8},"end":{"line":310,"column":47}},"179":{"start":{"line":311,"column":8},"end":{"line":311,"column":36}},"180":{"start":{"line":314,"column":4},"end":{"line":314,"column":18}},"181":{"start":{"line":317,"column":0},"end":{"line":317,"column":40}}},"fnMap":{"0":{"name":"createTicketRoutes","decl":{"start":{"line":22,"column":9},"end":{"line":22,"column":27}},"loc":{"start":{"line":22,"column":34},"end":{"line":315,"column":1}},"line":22},"1":{"name":"(anonymous_1)","decl":{"start":{"line":30,"column":44},"end":{"line":30,"column":45}},"loc":{"start":{"line":30,"column":58},"end":{"line":32,"column":5}},"line":30},"2":{"name":"(anonymous_2)","decl":{"start":{"line":35,"column":50},"end":{"line":35,"column":51}},"loc":{"start":{"line":35,"column":64},"end":{"line":103,"column":5}},"line":35},"3":{"name":"(anonymous_3)","decl":{"start":{"line":38,"column":45},"end":{"line":38,"column":46}},"loc":{"start":{"line":38,"column":50},"end":{"line":81,"column":13}},"line":38},"4":{"name":"(anonymous_4)","decl":{"start":{"line":62,"column":37},"end":{"line":62,"column":38}},"loc":{"start":{"line":62,"column":42},"end":{"line":62,"column":114}},"line":62},"5":{"name":"(anonymous_5)","decl":{"start":{"line":106,"column":72},"end":{"line":106,"column":73}},"loc":{"start":{"line":106,"column":86},"end":{"line":160,"column":5}},"line":106},"6":{"name":"(anonymous_6)","decl":{"start":{"line":119,"column":36},"end":{"line":119,"column":37}},"loc":{"start":{"line":119,"column":41},"end":{"line":119,"column":56}},"line":119},"7":{"name":"(anonymous_7)","decl":{"start":{"line":131,"column":54},"end":{"line":131,"column":55}},"loc":{"start":{"line":131,"column":59},"end":{"line":131,"column":83}},"line":131},"8":{"name":"(anonymous_8)","decl":{"start":{"line":137,"column":36},"end":{"line":137,"column":37}},"loc":{"start":{"line":137,"column":41},"end":{"line":137,"column":68}},"line":137},"9":{"name":"(anonymous_9)","decl":{"start":{"line":156,"column":32},"end":{"line":156,"column":33}},"loc":{"start":{"line":156,"column":37},"end":{"line":156,"column":65}},"line":156},"10":{"name":"(anonymous_10)","decl":{"start":{"line":163,"column":47},"end":{"line":163,"column":48}},"loc":{"start":{"line":163,"column":61},"end":{"line":216,"column":5}},"line":163},"11":{"name":"(anonymous_11)","decl":{"start":{"line":169,"column":36},"end":{"line":169,"column":37}},"loc":{"start":{"line":169,"column":41},"end":{"line":169,"column":52}},"line":169},"12":{"name":"(anonymous_12)","decl":{"start":{"line":194,"column":44},"end":{"line":194,"column":45}},"loc":{"start":{"line":194,"column":49},"end":{"line":194,"column":76}},"line":194},"13":{"name":"(anonymous_13)","decl":{"start":{"line":212,"column":38},"end":{"line":212,"column":39}},"loc":{"start":{"line":212,"column":43},"end":{"line":212,"column":71}},"line":212},"14":{"name":"(anonymous_14)","decl":{"start":{"line":219,"column":50},"end":{"line":219,"column":51}},"loc":{"start":{"line":219,"column":64},"end":{"line":238,"column":5}},"line":219},"15":{"name":"(anonymous_15)","decl":{"start":{"line":222,"column":40},"end":{"line":222,"column":41}},"loc":{"start":{"line":222,"column":45},"end":{"line":222,"column":56}},"line":222},"16":{"name":"(anonymous_16)","decl":{"start":{"line":234,"column":32},"end":{"line":234,"column":33}},"loc":{"start":{"line":234,"column":37},"end":{"line":234,"column":65}},"line":234},"17":{"name":"(anonymous_17)","decl":{"start":{"line":241,"column":81},"end":{"line":241,"column":82}},"loc":{"start":{"line":241,"column":95},"end":{"line":279,"column":5}},"line":241},"18":{"name":"(anonymous_18)","decl":{"start":{"line":252,"column":36},"end":{"line":252,"column":37}},"loc":{"start":{"line":252,"column":41},"end":{"line":252,"column":52}},"line":252},"19":{"name":"(anonymous_19)","decl":{"start":{"line":259,"column":32},"end":{"line":259,"column":33}},"loc":{"start":{"line":259,"column":37},"end":{"line":259,"column":64}},"line
[...]
9,"column":8},"end":{"line":221,"column":9}},"26":{"start":{"line":220,"column":12},"end":{"line":220,"column":51}},"27":{"start":{"line":223,"column":4},"end":{"line":223,"column":16}},"28":{"start":{"line":228,"column":4},"end":{"line":228,"column":29}},"29":{"start":{"line":228,"column":14},"end":{"line":228,"column":29}},"30":{"start":{"line":230,"column":4},"end":{"line":244,"column":5}},"31":{"start":{"line":231,"column":22},"end":{"line":231,"column":63}},"32":{"start":{"line":232,"column":8},"end":{"line":232,"column":39}},"33":{"start":{"line":232,"column":19},"end":{"line":232,"column":39}},"34":{"start":{"line":233,"column":11},"end":{"line":244,"column":5}},"35":{"start":{"line":234,"column":8},"end":{"line":236,"column":9}},"36":{"start":{"line":235,"column":12},"end":{"line":235,"column":60}},"37":{"start":{"line":237,"column":11},"end":{"line":244,"column":5}},"38":{"start":{"line":238,"column":8},"end":{"line":243,"column":9}},"39":{"start":{"line":240,"column":29},"end":{"line":240,"column":70}},"40":{"start":{"line":241,"column":12},"end":{"line":241,"column":49}},"41":{"start":{"line":241,"column":26},"end":{"line":241,"column":49}},"42":{"start":{"line":242,"column":12},"end":{"line":242,"column":64}},"43":{"start":{"line":246,"column":4},"end":{"line":246,"column":19}},"44":{"start":{"line":251,"column":4},"end":{"line":253,"column":5}},"45":{"start":{"line":252,"column":8},"end":{"line":252,"column":22}},"46":{"start":{"line":256,"column":4},"end":{"line":258,"column":5}},"47":{"start":{"line":256,"column":44},"end":{"line":256,"column":66}},"48":{"start":{"line":257,"column":8},"end":{"line":257,"column":22}},"49":{"start":{"line":260,"column":21},"end":{"line":260,"column":59}},"50":{"start":{"line":261,"column":4},"end":{"line":263,"column":5}},"51":{"start":{"line":262,"column":8},"end":{"line":262,"column":22}},"52":{"start":{"line":265,"column":20},"end":{"line":265,"column":22}},"53":{"start":{"line":269,"column":4},"end":{"line":269,"column":54}},"54":{"start":{"line":272,"column":4},"end":{"line":276,"column":5}},"55":{"start":{"line":273,"column":8},"end":{"line":275,"column":9}},"56":{"start":{"line":274,"column":12},"end":{"line":274,"column":73}},"57":{"start":{"line":279,"column":4},"end":{"line":281,"column":5}},"58":{"start":{"line":280,"column":8},"end":{"line":280,"column":74}},"59":{"start":{"line":284,"column":27},"end":{"line":284,"column":87}},"60":{"start":{"line":285,"column":4},"end":{"line":289,"column":5}},"61":{"start":{"line":286,"column":8},"end":{"line":288,"column":9}},"62":{"start":{"line":287,"column":12},"end":{"line":287,"column":88}},"63":{"start":{"line":292,"column":22},"end":{"line":292,"column":53}},"64":{"start":{"line":293,"column":20},"end":{"line":293,"column":103}},"65":{"start":{"line":294,"column":4},"end":{"line":304,"column":5}},"66":{"start":{"line":295,"column":8},"end":{"line":297,"column":9}},"67":{"start":{"line":296,"column":12},"end":{"line":296,"column":76}},"68":{"start":{"line":298,"column":8},"end":{"line":303,"column":9}},"69":{"start":{"line":299,"column":12},"end":{"line":302,"column":15}},"70":{"start":{"line":307,"column":4},"end":{"line":394,"column":5}},"71":{"start":{"line":308,"column":22},"end":{"line":308,"column":32}},"72":{"start":{"line":309,"column":8},"end":{"line":309,"column":29}},"73":{"start":{"line":309,"column":20},"end":{"line":309,"column":29}},"74":{"start":{"line":312,"column":25},"end":{"line":312,"column":92}},"75":{"start":{"line":313,"column":8},"end":{"line":323,"column":9}},"76":{"start":{"line":314,"column":12},"end":{"line":316,"column":13}},"77":{"start":{"line":315,"column":16},"end":{"line":315,"column":73}},"78":{"start":{"line":317,"column":12},"end":{"line":322,"column":13}},"79":{"start":{"line":318,"column":16},"end":{"line":321,"column":19}},"80":{"start":{"line":326,"column":25},"end":{"line":326,"column":73}},"81":{"start":{"line":327,"column":8},"end":{"line":337,"column":9}},"82":{"start":{"line":328,"column":12},"end":{"line":330,"column":13}},"83":{"start":{"line":329,"column":16},"end":{"line":329,"column":63}},"84":{"start":{"line":331,"column":12},"end":{"line":336,"column":13}},"85":{"start":{"line":332,"column":16},"end":{"line":335,"column":19}},"86":{"start":{"line":340,"column":26},"end":{"line":340,"column":95}},"87":{"start":{"line":341,"column":8},"end":{"line":351,"column":9}},"88":{"start":{"line":342,"column":12},"end":{"line":344,"column":13}},"89":{"start":{"line":343,"column":16},"end":{"line":343,"column":75}},"90":{"start":{"line":345,"column":12},"end":{"line":350,"column":13}},"91":{"start":{"line":346,"column":16},"end":{"line":349,"column":19}},"92":{"start":{"line":354,"column":25},"end":{"line":354,"column":100}},"93":{"start":{"line":355,"column":8},"end":{"line":365,"column":9}},"94":{"start":{"line":356,"column":12},"end":{"line":358,"column":13}},"95":{"start":{"line":357,"column":16},"end":{"line":357,"column":77}},"96":{"start":{"line":359,"column":12},"end":{"line":364,"column":13}},"97":{"start":{"line":360,"column":16},"end":{"line":363,"column":19}},"98":{"start":{"line":368,"column":27},"end":{"line":368,"column":98}},"99":{"start":{"line":369,"column":8},"end":{"line":379,"column":9}},"100":{"start":{"line":370,"column":12},"end":{"line":372,"column":13}},"101":{"start":{"line":371,"column":16},"end":{"line":371,"column":77}},"102":{"start":{"line":373,"column":12},"end":{"line":378,"column":13}},"103":{"start":{"line":374,"column":16},"end":{"line":377,"column":19}},"104":{"start":{"line":382,"column":29},"end":{"line":382,"column":94}},"105":{"start":{"line":383,"column":8},"end":{"line":393,"column":9}},"106":{"start":{"line":384,"column":12},"end":{"line":386,"column":13}},"107":{"start":{"line":385,"column":16},"end":{"line":385,"column":79}},"108":{"start":{"line":387,"column":12},"end":{"line":392,"column":13}},"109":{"start":{"line":388,"column":16},"end":{"line":391,"column":19}},"110":{"start":{"line":397,"column":4},"end":{"line":397,"column":11}},"111":{"start":{"line":402,"column":16},"end":{"line":402,"column":26}},"112":{"start":{"line":403,"column":23},"end":{"line":403,"column":36}},"113":{"start":{"line":404,"column":22},"end":{"line":404,"column":36}},"114":{"start":{"line":406,"column":23},"end":{"line":406,"column":95}},"115":{"start":{"line":406,"column":48},"end":{"line":406,"column":94}},"116":{"start":{"line":407,"column":22},"end":{"line":407,"column":93}},"117":{"start":{"line":407,"column":47},"end":{"line":407,"column":92}},"118":{"start":{"line":409,"column":24},"end":{"line":409,"column":26}},"119":{"start":{"line":410,"column":4},"end":{"line":412,"column":5}},"120":{"start":{"line":411,"column":8},"end":{"line":411,"column":77}},"121":{"start":{"line":414,"column":4},"end":{"line":420,"column":6}},"122":{"start":{"line":424,"column":0},"end":{"line":424,"column":17}},"123":{"start":{"line":426,"column":0},"end":{"line":431,"column":2}}},"fnMap":{"0":{"name":"loadAttackLogs","decl":{"start":{"line":162,"column":9},"end":{"line":162,"column":23}},"loc":{"start":{"line":162,"column":26},"end":{"line":172,"column":1}},"line":162},"1":{"name":"saveAttackLogs","decl":{"start":{"line":175,"column":9},"end":{"line":175,"column":23}},"loc":{"start":{"line":175,"column":26},"end":{"line":181,"column":1}},"line":175},"2":{"name":"logAttack","decl":{"start":{"line":184,"column":9},"end":{"line":184,"column":18}},"loc":{"start":{"line":184,"column":59},"end":{"line":212,"column":1}},"line":184},"3":{"name":"checkPatterns","decl":{"start":{"line":215,"column":9},"end":{"line":215,"column":22}},"loc":{"start":{"line":215,"column":53},"end":{"line":224,"column":1}},"line":215},"4":{"name":"deepCheck","decl":{"start":{"line":227,"column":9},"end":{"line":227,"column":18}},"loc":{"start":{"line":227,"column":61},"end":{"line":247,"column":1}},"line":227},"5":{"name":"wafMiddleware","decl":{"start":{"line":250,"column":9},"end":{"line":250,"column":22}},"loc":{"start":{"line":250,"column":39},"end":{"line":398,"column":1}},"line":250},"6":{"name":"(anonymous_6)","decl":{"start":{"line":256,"column":39},"end":{"line":256,"column":40}},"loc":{"start":{"line":256,"column":44},"end":{"line":256,"column":66}},"line":256},"7":{"name":"getWafStats","decl":{"start":{"line":401,"column":9},"end":{"line":401,"column":20}},"loc":{"start":{"line":401,"column":23},"end":{"line":421,"column":1}},"line":401},"8":{"name":"(anonymous_8)","decl":{"start":{"line":406,"column":41},"end":{"line":406,"column":42}},"loc":{"start":{"line":406,"column":48},"end":{"line":406,"column":94}},"line":406},"9":{"name":"(anonymous_9)","decl":{"start":{"line":407,"column":40},"end":{"line":407,"column":41}},"loc":{"start":{"line":407,"column":47},"end":{"line":407,"column":92}},"line":407}},"branchMap":{"0":{"loc":{"start":{"line":164,"column":8},"end":{"line":167,"column":9}},"type":"if","locations":[{"start":{"line":164,"column":8},"end":{"line":167,"column":9}},{"start":{},"end":{}}],"line":164},"1":{"loc":{"start":{"line":188,"column":12},"end":{"line":188,"column":50}},"type":"binary-expr","locations":[{"start":{"line":188,"column":12},"end":{"line":188,"column":18}},{"start":{"line":188,"column":22},"end":{"line":188,"column":50}}],"line":188},"2":{"loc":{"start":{"line":196,"column":14},"end":{"line":196,"column":92}},"type":"cond-expr","locations":[{"start":{"line":196,"column":37},"end":{"line":196,"column":80}},{"start":{"line":196,"column":83},"end":{"line":196,"column":92}}],"line":196},"3":{"loc":{"start":{"line":202,"column":4},"end":{"line":204,"column":5}},"type":"if","locations":[{"start":{"line":202,"column":4},"end":{"line":204,"column":5}},{"start":{},"end":{}}],"line":202},"4":{"loc":{"start":{"line":216,"column":4},"end":{"line":216,"column":57}},"type":"if","locations":[{"start":{"line":216,"column":4},"end":{"line":216,"column":57}},{"start":{},"end":{}}],"line":216},"5":{"loc":{"start":{"line":216,"column":8},"end":{"line":216,"column":43}},"type":"binary-expr","locations":[{"start":{"line":216,"column":8},"end":{"line":216,"column":14}},{"start":{"line":216,"column":18},"end":{"line":216,"column":43}}],"line":216},"6":{"loc":{"start":{"line":219,"column":8},"end":{"line":221,"column":9}},"type":"if","locations":[{"start":{"line":219,"column":8},"end":{"line":221,"column":9}},{"start":{},"end":{}}],"line":219},"7":{"loc":{"start":{"line":227,"column":47},"end":{"line":227,"column":59}},"type":"default-arg","locations":[{"start":{"line":227,"column":57},"end":{"line":227,"column":59}}],"line":227},"8":{"loc":{"start":{"line":228,"column":4},"end":{"line":228,"column":29}},"type":"if","locations":[{"start":{"line":228,"column":4},"end":{"line":228,"column":29}},{"start":{},"end":{}}],"line":228},"9":{"loc":{"start":{"line":230,"column":4},"end":{"line":244,"column":5}},"type":"if","locations":[{"start":{"line":230,"column":4},"end":{"line":244,"column":5}},{"start":{"line":233,"column":11},"end":{"line":244,"column":5}}],"line":230},"10":{"loc":{"start":{"line":232,"column":8},"end":{"line":232,"column":39}},"type":"if","locations":[{"start":{"line":232,"column":8},"end":{"line":232,"column":39}},{"start":{},"end":{}}],"line":232},"11":{"loc":{"start":{"line":233,"column":11},"end":{"line":244,"column":5}},"type":"if","locations":[{"start":{"line":233,"column":11},"end":{"line":244,"column":5}},{"start":{"line":237,"column":11},"end":{"line":244,"column":5}}],"line":233},"12":{"loc":{"start":{"line":237,"column":11},"end":{"line":244,"column":5}},"type":"if","locations":[{"start":{"line":237,"column":11},"end":{"line":244,"column":5}},{"start":{},"end":{}}],"line":237},"13":{"loc":{"start":{"line":241,"column":12},"end":{"line":241,"column":49}},"type":"if","locations":[{"start":{"line":241,"column":12},"end":{"line":241,"column":49}},{"start":{},"end":{}}],"line":241},"14":{"loc":{"start":{"line":251,"column":4},"end":{"line":253,"column":5}},"type":"if","locations":[{"start":{"line":251,"column":4},"end":{"line":253,"column":5}},{"start":{},"end":{}}],"line":251},"15":{"loc":{"start":{"line":256,"column":4},"end":{"line":258,"column":5}},"type":"if","locations":[{"start":{"line":256,"column":4},"end":{"line":258,"column":5}},{"start":{},"end":{}}],"line":256},"16":{"loc":{"start":{"line":260,"column":21},"end":{"line":260,"column":59}},"type":"binary-expr","locations":[{"start":{"line":260,"column":21},"end":{"line":260,"column":27}},{"start":{"line":260,"column":31},"end":{"line":260,"column":59}}],"line":260},"17":{"loc":{"start":{"line":261,"column":4},"end":{"line":263,"column":5}},"type":"if","locations":[{"start":{"line":261,"column":4},"end":{"line":263,"column":5}},{"start":{},"end":{}}],"line":261},"18":{"loc":{"start":{"line":272,"column":4},"end":{"line":276,"column":5}},"type":"if","locations":[{"start":{"line":272,"column":4},"end":{"line":276,"column":5}},{"start":{},"end":{}}],"line":272},"19":{"loc":{"start":{"line":279,"column":4},"end":{"line":281,"column":5}},"type":"if","locations":[{"start":{"line":279,"column":4},"end":{"line":281,"column":5}},{"start":{},"end":{}}],"line":279},"20":{"loc":{"start":{"line":279,"column":8},"end":{"line":279,"column":48}},"type":"binary-expr","locations":[{"start":{"line":279,"column":8},"end":{"line":279,"column":16}},{"start":{"line":279,"column":20},"end":{"line":279,"column":48}}],"line":279},"21":{"loc":{"start":{"line":286,"column":8},"end":{"line":288,"column":9}},"type":"if","locations":[{"start":{"line":286,"column":8},"end":{"line":288,"column":9}},{"start":{},"end":{}}],"line":286},"22":{"loc":{"start":{"line":292,"column":22},"end":{"line":292,"column":53}},"type":"binary-expr","locations":[{"start":{"line":292,"column":22},"end":{"line":292,"column":47}},{"start":{"line":292,"column":51},"end":{"line":292,"column":53}}],"line":292},"23":{"loc":{"start":{"line":294,"column":4},"end":{"line":304,"column":5}},"type":"if","locations":[{"start":{"line":294,"column":4},"end":{"line":304,"column":5}},{"start":{},"end":{}}],"line":294},"24":{"loc":{"start":{"line":295,"column":8},"end":{"line":297,"column":9}},"type":"if","locations":[{"start":{"line":295,"column":8},"end":{"line":297,"column":9}},{"start":{},"end":{}}],"line":295},"25":{"loc":{"start":{"line":298,"column":8},"end":{"line":303,"column":9}},"type":"if","locations":[{"start":{"line":298,"column":8},"end":{"line":303,"column":9}},{"start":{},"end":{}}],"line":298},"26":{"loc":{"start":{"line":309,"column":8},"end":{"line":309,"column":29}},"type":"if","locations":[{"start":{"line":309,"column":8},"end":{"line":309,"column":29}},{"start":{},"end":{}}],"line":309},"27":{"loc":{"start":{"line":313,"column":8},"end":{"line":323,"column":9}},"type":"if","locations":[{"start":{"line":313,"column":8},"end":{"line":323,"column":9}},{"start":{},"end":{}}],"line":313},"28":{"loc":{"start":{"line":314,"column":12},"end":{"line":316,"column":13}},"type":"if","locations":[{"start":{"line":314,"column":12},"end":{"line":316,"column":13}},{"start":{},"end":{}}],"line":314},"29":{"loc":{"start":{"line":317,"column":12},"end":{"line":322,"column":13}},"type":"if","locations":[{"start":{"line":317,"column":12},"end":{"line":322,"column":13}},{"start":{},"end":{}}],"line":317},"30":{"loc":{"start":{"line":327,"column":8},"end":{"line":337,"column":9}},"type":"if","locations":[{"start":{"line":327,"column":8},"end":{"line":337,"column":9}},{"start":{},"end":{}}],"line":327},"31":{"loc":{"start":{"line":328,"column":12},"end":{"line":330,"column":13}},"type":"if","locations":[{"start":{"line":328,"column":12},"end":{"line":330,"column":13}},{"start":{},"end":{}}],"line":328},"32":{"loc":{"start":{"line":331,"column":12},"end":{"line":336,"column":13}},"type":"if","locations":[{"start":{"line":331,"column":12},"end":{"line":336,"column":13}},{"start":{},"end":{}}],"line":331},"33":{"loc":{"start":{"line":341,"column":8},"end":{"line":351,"column":9}},"type":"if","locations":[{"start":{"line":341,"column":8},"end":{"line":351,"column":9}},{"start":{},"end":{}}],"line":341},"34":{"loc":{"start":{"line":342,"column":12},"end":{"line":344,"column":13}},"type":"if","locations":[{"start":{"line":342,"column":12},"end":{"line":344,"column":13}},{"start":{},"end":{}}],"line":342},"35":{"loc":{"start":{"line":345,"column":12},"end":{"line":350,"column":13}},"type":"if","locations":[{"start":{"line":345,"column":12},"end":{"line":350,"column":13}},{"start":{},"end":{}}],"line":345},"36":{"loc":{"start":{"line":355,"column":8},"end":{"line":365,"column":9}},"type":"if","locations":[{"start":{"line":355,"column":8},"end":{"line":365,"column":9}},{"start":{},"end":{}}],"line":355},"37":{"loc":{"start":{"line":356,"column":12},"end":{"line":358,"column":13}},"type":"if","locations":[{"start":{"line":356,"column":12},"end":{"line":358,"column":13}},{"start":{},"end":{}}],"line":356},"38":{"loc":{"start":{"line":359,"column":12},"end":{"line":364,"column":13}},"type":"if","locations":[{"start":{"line":359,"column":12},"end":{"line":364,"column":13}},{"start":{},"end":{}}],"line":359},"39":{"loc":{"start":{"line":369,"column":8},"end":{"line":379,"column":9}},"type":"if","locations":[{"start":{"line":369,"column":8},"end":{"line":379,"column":9}},{"start":{},"end":{}}],"line":369},"40":{"loc":{"start":{"line":370,"column":12},"end":{"line":372,"column":13}},"type":"if","locations":[{"start":{"line":370,"column":12},"end":{"line":372,"column":13}},{"start":{},"end":{}}],"line":370},"41":{"loc":{"start":{"line":373,"column":12},"end":{"line":378,"column":13}},"type":"if","locations":[{"start":{"line":373,"column":12},"end":{"line":378,"column":13}},{"start":{},"end":{}}],"line":373},"42":{"loc":{"start":{"line":383,"column":8},"end":{"line":393,"column":9}},"type":"if","locations":[{"start":{"line":383,"column":8},"end":{"line":393,"column":9}},{"start":{},"end":{}}],"line":383},"43":{"loc":{"start":{"line":384,"column":12},"end":{"line":386,"column":13}},"type":"if","locations":[{"start":{"line":384,"column":12},"end":{"line":386,"column":13}},{"start":{},"end":{}}],"line":384},"44":{"loc":{"start":{"line":387,"column":12},"end":{"line":392,"column":13}},"type":"if","locations":[{"start":{"line":387,"column":12},"end":{"line":392,"column":13}},{"start":{},"end":{}}],"line":387},"45":{"loc":{"start":{"line":411,"column":39},"end":{"line":411,"column":71}},"type":"binary-expr","locations":[{"start":{"line":411,"column":39},"end":{"line":411,"column":66}},{"start":{"line":411,"column":70},"end":{"line":411,"column":71}}],"line":411}},"s":{"0":0,"1":0,"2":0,"3":0,"4":0,"5":0,"6":0,"7":0,"8":0,"9":0,"10":0,"11":0,"12":0,"13":0,"14":0,"15":0,"16":0,"17":0,"18":0,"19":0,"20":0,"21":0,"22":0,"23":0,"24":0,"25":0,"26":0,"27":0,"28":0,"29":0,"30":0,"31":0,"32":0,"33":0,"34":0,"35":0,"36":0,"37":0,"38":0,"39":0,"40":0,"41":0,"42":0,"43":0,"44":0,"45":0,"46":0,"47":0,"48":0,"49":0,"50":0,"51":0,"52":0,"53":0,"54":0,"55":0,"56":0,"57":0,"58":0,"59":0,"60":0,"61":0,"62":0,"63":0,"64":0,"65":0,"66":0,"67":0,"68":0,"69":0,"70":0,"71":0,"72":0,"73":0,"74":0,"75":0,"76":0,"77":0,"78":0,"79":0,"80":0,"81":0,"82":0,"83":0,"84":0,"85":0,"86":0,"87":0,"88":0,"89":0,"90":0,"91":0,"92":0,"93":0,"94":0,"95":0,"96":0,"97":0,"98":0,"99":0,"100":0,"101":0,"102":0,"103":0,"104":0,"105":0,"106":0,"107":0,"108":0,"109":0,"110":0,"111":0,"112":0,"113":0,"114":0,"115":0,"116":0,"117":0,"118":0,"119":0,"120":0,"121":0,"122":0,"123":0},"f":{"0":0,"1":0,"2":0,"3":0,"4":0,"5":0,"6":0,"7":0,"8":0,"9":0},"b":{"0":[0,0],"1":[0,0],"2":[0,0],"3":[0,0],"4":[0,0],"5":[0,0],"6":[0,0],"7":[0],"8":[0,0],"9":[0,0],"10":[0,0],"11":[0,0],"12":[0,0],"13":[0,0],"14":[0,0],"15":[0,0],"16":[0,0],"17":[0,0],"18":[0,0],"19":[0,0],"20":[0,0],"21":[0,0],"22":[0,0],"23":[0,0],"24":[0,0],"25":[0,0],"26":[0,0],"27":[0,0],"28":[0,0],"29":[0,0],"30":[0,0],"31":[0,0],"32":[0,0],"33":[0,0],"34":[0,0],"35":[0,0],"36":[0,0],"37":[0,0],"38":[0,0],"39":[0,0],"40":[0,0],"41":[0,0],"42":[0,0],"43":[0,0],"44":[0,0],"45":[0,0]}}
}
