TN:
SF:routes\authRoutes.js
FN:19,createAuthRoutes
FN:24,(anonymous_1)
FN:27,(anonymous_2)
FN:66,(anonymous_3)
FN:70,(anonymous_4)
FN:78,(anonymous_5)
FN:83,(anonymous_6)
FN:96,(anonymous_7)
FN:101,(anonymous_8)
FNF:9
FNH:1
FNDA:1,createAuthRoutes
FNDA:0,(anonymous_1)
FNDA:0,(anonymous_2)
FNDA:0,(anonymous_3)
FNDA:0,(anonymous_4)
FNDA:0,(anonymous_5)
FNDA:0,(anonymous_6)
FNDA:0,(anonymous_7)
FNDA:0,(anonymous_8)
DA:5,1
DA:6,1
DA:20,1
DA:21,1
DA:24,1
DA:25,0
DA:26,0
DA:27,0
DA:29,0
DA:30,0
DA:34,0
DA:35,0
DA:38,0
DA:41,0
DA:42,0
DA:43,0
DA:44,0
DA:47,0
DA:48,0
DA:49,0
DA:50,0
DA:54,0
DA:56,0
DA:66,1
DA:68,0
DA:69,0
DA:70,0
DA:71,0
DA:73,0
DA:74,0
DA:78,1
DA:79,0
DA:80,0
DA:82,0
DA:83,0
DA:84,0
DA:86,0
DA:96,1
DA:97,0
DA:98,0
DA:99,0
DA:101,0
DA:102,0
DA:104,0
DA:105,0
DA:108,0
DA:109,0
DA:112,0
DA:113,0
DA:117,0
DA:118,0
DA:119,0
DA:121,0
DA:122,0
DA:125,0
DA:128,1
LF:56
LH:9
BRDA:29,0,0,0
BRDA:29,0,1,0
BRDA:29,1,0,0
BRDA:29,1,1,0
BRDA:41,2,0,0
BRDA:41,2,1,0
BRDA:47,3,0,0
BRDA:47,3,1,0
BRDA:47,4,0,0
BRDA:47,4,1,0
BRDA:68,5,0,0
BRDA:68,5,1,0
BRDA:68,6,0,0
BRDA:68,6,1,0
BRDA:71,7,0,0
BRDA:71,7,1,0
BRDA:79,8,0,0
BRDA:79,8,1,0
BRDA:79,9,0,0
BRDA:79,9,1,0
BRDA:84,10,0,0
BRDA:84,10,1,0
BRDA:102,11,0,0
BRDA:102,11,1,0
BRDA:104,12,0,0
BRDA:104,12,1,0
BRDA:104,13,0,0
BRDA:104,13,1,0
BRDA:108,14,0,0
BRDA:108,14,1,0
BRDA:112,15,0,0
BRDA:112,15,1,0
BRF:32
BRH:0
end_of_record
TN:
SF:routes\hostRoutes.js
FN:20,createHostRoutes
FN:28,(anonymous_1)
FN:33,(anonymous_2)
FN:51,(anonymous_3)
FN:59,(anonymous_4)
FN:92,(anonymous_5)
FN:100,(anonymous_6)
FN:108,(anonymous_7)
FN:115,(anonymous_8)
FN:131,(anonymous_9)
FN:152,(anonymous_10)
FN:160,(anonymous_11)
FN:165,(anonymous_12)
FN:179,(anonymous_13)
FN:182,(anonymous_14)
FN:195,(anonymous_15)
FNF:16
FNH:5
FNDA:1,createHostRoutes
FNDA:2,(anonymous_1)
FNDA:2,(anonymous_2)
FNDA:0,(anonymous_3)
FNDA:0,(anonymous_4)
FNDA:0,(anonymous_5)
FNDA:2,(anonymous_6)
FNDA:0,(anonymous_7)
FNDA:0,(anonymous_8)
FNDA:0,(anonymous_9)
FNDA:0,(anonymous_10)
FNDA:0,(anonymous_11)
FNDA:0,(anonymous_12)
FNDA:1,(anonymous_13)
FNDA:0,(anonymous_14)
FNDA:0,(anonymous_15)
DA:5,1
DA:21,1
DA:25,1
DA:28,1
DA:29,2
DA:33,1
DA:37,2
DA:39,2
DA:40,1
DA:43,1
DA:44,0
DA:47,0
DA:50,0
DA:51,0
DA:52,0
DA:53,0
DA:58,0
DA:59,0
DA:60,0
DA:61,0
DA:65,0
DA:85,0
DA:86,0
DA:87,0
DA:88,0
DA:91,0
DA:92,0
DA:93,0
DA:95,0
DA:96,0
DA:100,1
DA:101,2
DA:105,2
DA:107,2
DA:108,0
DA:109,0
DA:110,0
DA:114,0
DA:115,0
DA:116,0
DA:117,0
DA:119,0
DA:120,0
DA:121,0
DA:124,0
DA:125,0
DA:129,0
DA:130,0
DA:131,0
DA:132,0
DA:133,0
DA:136,0
DA:139,0
DA:140,0
DA:141,0
DA:142,0
DA:143,0
DA:144,0
DA:145,0
DA:146,0
DA:148,0
DA:151,0
DA:152,0
DA:153,0
DA:155,0
DA:156,0
DA:160,1
DA:161,0
DA:162,0
DA:164,0
DA:165,0
DA:166,0
DA:167,0
DA:170,0
DA:171,0
DA:172,0
DA:174,0
DA:175,0
DA:179,1
DA:180,1
DA:181,1
DA:182,0
DA:184,0
DA:185,0
DA:188,0
DA:189,0
DA:190,0
DA:191,0
DA:194,0
DA:195,0
DA:196,0
DA:198,0
DA:199,0
DA:202,1
DA:205,1
LF:95
LH:20
BRDA:39,0,0,1
BRDA:39,0,1,1
BRDA:43,1,0,0
BRDA:43,1,1,0
BRDA:50,2,0,0
BRDA:50,2,1,0
BRDA:50,3,0,0
BRDA:50,3,1,0
BRDA:52,4,0,0
BRDA:52,4,1,0
BRDA:58,5,0,0
BRDA:58,5,1,0
BRDA:58,6,0,0
BRDA:58,6,1,0
BRDA:60,7,0,0
BRDA:60,7,1,0
BRDA:68,8,0,0
BRDA:68,8,1,0
BRDA:69,9,0,0
BRDA:69,9,1,0
BRDA:70,10,0,0
BRDA:70,10,1,0
BRDA:74,11,0,0
BRDA:74,11,1,0
BRDA:75,12,0,0
BRDA:75,12,1,0
BRDA:77,13,0,0
BRDA:77,13,1,0
BRDA:78,14,0,0
BRDA:78,14,1,0
BRDA:79,15,0,0
BRDA:79,15,1,0
BRDA:80,16,0,0
BRDA:80,16,1,0
BRDA:81,17,0,0
BRDA:81,17,1,0
BRDA:93,18,0,0
BRDA:93,18,1,0
BRDA:93,19,0,0
BRDA:93,19,1,0
BRDA:109,20,0,0
BRDA:109,20,1,0
BRDA:114,21,0,0
BRDA:114,21,1,0
BRDA:114,22,0,0
BRDA:114,22,1,0
BRDA:114,22,2,0
BRDA:115,23,0,0
BRDA:115,23,1,0
BRDA:116,24,0,0
BRDA:116,24,1,0
BRDA:120,25,0,0
BRDA:120,25,1,0
BRDA:124,26,0,0
BRDA:124,26,1,0
BRDA:124,27,0,0
BRDA:124,27,1,0
BRDA:129,28,0,0
BRDA:129,28,1,0
BRDA:129,29,0,0
BRDA:129,29,1,0
BRDA:130,30,0,0
BRDA:130,30,1,0
BRDA:130,31,0,0
BRDA:130,31,1,0
BRDA:131,32,0,0
BRDA:131,32,1,0
BRDA:132,33,0,0
BRDA:132,33,1,0
BRDA:139,34,0,0
BRDA:139,34,1,0
BRDA:139,35,0,0
BRDA:139,35,1,0
BRDA:140,36,0,0
BRDA:140,36,1,0
BRDA:141,37,0,0
BRDA:141,37,1,0
BRDA:142,38,0,0
BRDA:142,38,1,0
BRDA:143,39,0,0
BRDA:143,39,1,0
BRDA:144,40,0,0
BRDA:144,40,1,0
BRDA:145,41,0,0
BRDA:145,41,1,0
BRDA:146,42,0,0
BRDA:146,42,1,0
BRDA:153,43,0,0
BRDA:153,43,1,0
BRDA:153,44,0,0
BRDA:153,44,1,0
BRDA:166,45,0,0
BRDA:166,45,1,0
BRDA:184,46,0,0
BRDA:184,46,1,0
BRDA:196,47,0,0
BRDA:196,47,1,0
BRDA:196,48,0,0
BRDA:196,48,1,0
BRF:99
BRH:2
end_of_record
TN:
SF:routes\settingsRoutes.js
FN:22,createSettingsRoutes
FN:32,(anonymous_1)
FN:40,(anonymous_2)
FN:70,(anonymous_3)
FN:96,(anonymous_4)
FN:99,(anonymous_5)
FN:103,(anonymous_6)
FN:117,(anonymous_7)
FN:126,(anonymous_8)
FNF:9
FNH:0
FNDA:0,createSettingsRoutes
FNDA:0,(anonymous_1)
FNDA:0,(anonymous_2)
FNDA:0,(anonymous_3)
FNDA:0,(anonymous_4)
FNDA:0,(anonymous_5)
FNDA:0,(anonymous_6)
FNDA:0,(anonymous_7)
FNDA:0,(anonymous_8)
DA:5,0
DA:6,0
DA:23,0
DA:29,0
DA:32,0
DA:33,0
DA:40,0
DA:41,0
DA:43,0
DA:44,0
DA:50,0
DA:51,0
DA:52,0
DA:53,0
DA:54,0
DA:56,0
DA:57,0
DA:61,0
DA:62,0
DA:70,0
DA:71,0
DA:72,0
DA:75,0
DA:76,0
DA:78,0
DA:79,0
DA:83,0
DA:89,0
DA:96,0
DA:97,0
DA:99,0
DA:100,0
DA:103,0
DA:104,0
DA:105,0
DA:107,0
DA:108,0
DA:109,0
DA:111,0
DA:117,0
DA:118,0
DA:121,0
DA:126,0
DA:127,0
DA:130,0
DA:133,0
LF:46
LH:0
BRDA:43,0,0,0
BRDA:43,0,1,0
BRDA:45,1,0,0
BRDA:45,1,1,0
BRDA:46,2,0,0
BRDA:46,2,1,0
BRDA:50,3,0,0
BRDA:50,3,1,0
BRDA:53,4,0,0
BRDA:53,4,1,0
BRDA:53,5,0,0
BRDA:53,5,1,0
BRDA:75,6,0,0
BRDA:75,6,1,0
BRDA:76,7,0,0
BRDA:76,7,1,0
BRDA:78,8,0,0
BRDA:78,8,1,0
BRDA:78,9,0,0
BRDA:78,9,1,0
BRDA:104,10,0,0
BRDA:104,10,1,0
BRF:22
BRH:0
end_of_record
TN:
SF:routes\snmpRoutes.js
FN:16,createSnmpRoutes
FN:21,(anonymous_1)
FN:24,(anonymous_2)
FN:44,(anonymous_3)
FN:78,(anonymous_4)
FN:79,(anonymous_5)
FN:82,(anonymous_6)
FN:86,(anonymous_7)
FNF:8
FNH:8
FNDA:1,createSnmpRoutes
FNDA:2,(anonymous_1)
FNDA:2,(anonymous_2)
FNDA:9,(anonymous_3)
FNDA:27,(anonymous_4)
FNDA:27,(anonymous_5)
FNDA:27,(anonymous_6)
FNDA:27,(anonymous_7)
DA:5,1
DA:17,1
DA:18,1
DA:21,1
DA:22,2
DA:23,2
DA:24,2
DA:25,2
DA:26,1
DA:30,1
DA:31,1
DA:33,1
DA:34,1
DA:35,1
DA:37,0
DA:38,0
DA:44,1
DA:45,9
DA:46,9
DA:49,9
DA:51,9
DA:53,1
DA:54,1
DA:57,8
DA:64,8
DA:65,8
DA:69,9
DA:72,9
DA:77,9
DA:78,27
DA:79,27
DA:81,9
DA:82,27
DA:83,9
DA:85,9
DA:86,27
DA:87,9
DA:90,9
DA:99,1
DA:102,1
LF:40
LH:38
BRDA:25,0,0,1
BRDA:25,0,1,1
BRDA:30,1,0,1
BRDA:30,1,1,1
BRDA:30,1,2,0
BRDA:31,2,0,1
BRDA:31,2,1,1
BRDA:31,2,2,0
BRDA:51,3,0,1
BRDA:51,3,1,8
BRDA:51,4,0,9
BRDA:51,4,1,1
BRDA:64,5,0,8
BRDA:64,5,1,2
BRDA:77,6,0,9
BRDA:77,6,1,0
BRDA:78,7,0,27
BRDA:78,7,1,0
BRDA:79,8,0,27
BRDA:79,8,1,0
BRDA:93,9,0,9
BRDA:93,9,1,3
BRF:22
BRH:17
end_of_record
TN:
SF:routes\ticketRoutes.js
FN:22,createTicketRoutes
FN:30,(anonymous_1)
FN:35,(anonymous_2)
FN:38,(anonymous_3)
FN:62,(anonymous_4)
FN:106,(anonymous_5)
FN:119,(anonymous_6)
FN:131,(anonymous_7)
FN:137,(anonymous_8)
FN:156,(anonymous_9)
FN:163,(anonymous_10)
FN:169,(anonymous_11)
FN:194,(anonymous_12)
FN:212,(anonymous_13)
FN:219,(anonymous_14)
FN:222,(anonymous_15)
FN:234,(anonymous_16)
FN:241,(anonymous_17)
FN:252,(anonymous_18)
FN:259,(anonymous_19)
FN:282,(anonymous_20)
FN:288,(anonymous_21)
FN:297,(anonymous_22)
FNF:23
FNH:0
FNDA:0,createTicketRoutes
FNDA:0,(anonymous_1)
FNDA:0,(anonymous_2)
FNDA:0,(anonymous_3)
FNDA:0,(anonymous_4)
FNDA:0,(anonymous_5)
FNDA:0,(anonymous_6)
FNDA:0,(anonymous_7)
FNDA:0,(anonymous_8)
FNDA:0,(anonymous_9)
FNDA:0,(anonymous_10)
FNDA:0,(anonymous_11)
FNDA:0,(anonymous_12)
FNDA:0,(anonymous_13)
FNDA:0,(anonymous_14)
FNDA:0,(anonymous_15)
FNDA:0,(anonymous_16)
FNDA:0,(anonymous_17)
FNDA:0,(anonymous_18)
FNDA:0,(anonymous_19)
FNDA:0,(anonymous_20)
FNDA:0,(anonymous_21)
FNDA:0,(anonymous_22)
DA:5,0
DA:6,0
DA:23,0
DA:27,0
DA:30,0
DA:31,0
DA:35,0
DA:36,0
DA:37,0
DA:38,0
DA:39,0
DA:40,0
DA:41,0
DA:43,0
DA:44,0
DA:45,0
DA:46,0
DA:47,0
DA:48,0
DA:49,0
DA:52,0
DA:53,0
DA:54,0
DA:55,0
DA:56,0
DA:57,0
DA:58,0
DA:61,0
DA:62,0
DA:65,0
DA:83,0
DA:84,0
DA:86,0
DA:92,0
DA:93,0
DA:95,0
DA:96,0
DA:97,0
DA:98,0
DA:100,0
DA:101,0
DA:106,0
DA:107,0
DA:109,0
DA:110,0
DA:113,0
DA:114,0
DA:115,0
DA:116,0
DA:118,0
DA:119,0
DA:120,0
DA:121,0
DA:122,0
DA:123,0
DA:127,0
DA:131,0
DA:133,0
DA:134,0
DA:135,0
DA:136,0
DA:137,0
DA:138,0
DA:139,0
DA:140,0
DA:144,0
DA:150,0
DA:151,0
DA:152,0
DA:153,0
DA:156,0
DA:157,0
DA:159,0
DA:163,0
DA:164,0
DA:165,0
DA:166,0
DA:167,0
DA:169,0
DA:170,0
DA:171,0
DA:174,0
DA:176,0
DA:177,0
DA:179,0
DA:180,0
DA:181,0
DA:185,0
DA:186,0
DA:187,0
DA:189,0
DA:190,0
DA:193,0
DA:194,0
DA:195,0
DA:196,0
DA:197,0
DA:203,0
DA:204,0
DA:205,0
DA:206,0
DA:207,0
DA:209,0
DA:210,0
DA:212,0
DA:213,0
DA:215,0
DA:219,0
DA:220,0
DA:221,0
DA:222,0
DA:224,0
DA:225,0
DA:228,0
DA:229,0
DA:230,0
DA:233,0
DA:234,0
DA:235,0
DA:237,0
DA:241,0
DA:242,0
DA:243,0
DA:244,0
DA:245,0
DA:246,0
DA:248,0
DA:249,0
DA:252,0
DA:253,0
DA:254,0
DA:257,0
DA:259,0
DA:260,0
DA:269,0
DA:270,0
DA:273,0
DA:274,0
DA:275,0
DA:277,0
DA:278,0
DA:282,0
DA:283,0
DA:284,0
DA:285,0
DA:286,0
DA:288,0
DA:289,0
DA:290,0
DA:293,0
DA:294,0
DA:297,0
DA:298,0
DA:299,0
DA:302,0
DA:303,0
DA:304,0
DA:307,0
DA:308,0
DA:310,0
DA:311,0
DA:314,0
DA:317,0
LF:163
LH:0
BRDA:40,0,0,0
BRDA:40,0,1,0
BRDA:41,1,0,0
BRDA:41,1,1,0
BRDA:44,2,0,0
BRDA:44,2,1,0
BRDA:53,3,0,0
BRDA:53,3,1,0
BRDA:61,4,0,0
BRDA:61,4,1,0
BRDA:61,5,0,0
BRDA:61,5,1,0
BRDA:66,6,0,0
BRDA:66,6,1,0
BRDA:68,7,0,0
BRDA:68,7,1,0
BRDA:72,8,0,0
BRDA:72,8,1,0
BRDA:73,9,0,0
BRDA:73,9,1,0
BRDA:76,10,0,0
BRDA:76,10,1,0
BRDA:77,11,0,0
BRDA:77,11,1,0
BRDA:109,12,0,0
BRDA:109,12,1,0
BRDA:118,13,0,0
BRDA:118,13,1,0
BRDA:120,14,0,0
BRDA:120,14,1,0
BRDA:131,15,0,0
BRDA:131,15,1,0
BRDA:136,16,0,0
BRDA:136,16,1,0
BRDA:136,17,0,0
BRDA:136,17,1,0
BRDA:138,18,0,0
BRDA:138,18,1,0
BRDA:145,19,0,0
BRDA:145,19,1,0
BRDA:146,20,0,0
BRDA:146,20,1,0
BRDA:147,21,0,0
BRDA:147,21,1,0
BRDA:147,22,0,0
BRDA:147,22,1,0
BRDA:150,23,0,0
BRDA:150,23,1,0
BRDA:157,24,0,0
BRDA:157,24,1,0
BRDA:157,25,0,0
BRDA:157,25,1,0
BRDA:170,26,0,0
BRDA:170,26,1,0
BRDA:176,27,0,0
BRDA:176,27,1,0
BRDA:179,28,0,0
BRDA:179,28,1,0
BRDA:179,29,0,0
BRDA:179,29,1,0
BRDA:179,29,2,0
BRDA:180,30,0,0
BRDA:180,30,1,0
BRDA:180,31,0,0
BRDA:180,31,1,0
BRDA:185,32,0,0
BRDA:185,32,1,0
BRDA:186,33,0,0
BRDA:186,33,1,0
BRDA:186,34,0,0
BRDA:186,34,1,0
BRDA:189,35,0,0
BRDA:189,35,1,0
BRDA:189,36,0,0
BRDA:189,36,1,0
BRDA:193,37,0,0
BRDA:193,37,1,0
BRDA:193,38,0,0
BRDA:193,38,1,0
BRDA:195,39,0,0
BRDA:195,39,1,0
BRDA:203,40,0,0
BRDA:203,40,1,0
BRDA:204,41,0,0
BRDA:204,41,1,0
BRDA:205,42,0,0
BRDA:205,42,1,0
BRDA:205,43,0,0
BRDA:205,43,1,0
BRDA:206,44,0,0
BRDA:206,44,1,0
BRDA:206,45,0,0
BRDA:206,45,1,0
BRDA:207,46,0,0
BRDA:207,46,1,0
BRDA:207,47,0,0
BRDA:207,47,1,0
BRDA:213,48,0,0
BRDA:213,48,1,0
BRDA:213,49,0,0
BRDA:213,49,1,0
BRDA:224,50,0,0
BRDA:224,50,1,0
BRDA:235,51,0,0
BRDA:235,51,1,0
BRDA:235,52,0,0
BRDA:235,52,1,0
BRDA:244,53,0,0
BRDA:244,53,1,0
BRDA:248,54,0,0
BRDA:248,54,1,0
BRDA:248,55,0,0
BRDA:248,55,1,0
BRDA:248,55,2,0
BRDA:253,56,0,0
BRDA:253,56,1,0
BRDA:257,57,0,0
BRDA:257,57,1,0
BRDA:262,58,0,0
BRDA:262,58,1,0
BRDA:263,59,0,0
BRDA:263,59,1,0
BRDA:264,60,0,0
BRDA:264,60,1,0
BRDA:269,61,0,0
BRDA:269,61,1,0
BRDA:269,62,0,0
BRDA:269,62,1,0
BRDA:289,63,0,0
BRDA:289,63,1,0
BRDA:293,64,0,0
BRDA:293,64,1,0
BRDA:298,65,0,0
BRDA:298,65,1,0
BRDA:303,66,0,0
BRDA:303,66,1,0
BRDA:303,67,0,0
BRDA:303,67,1,0
BRF:138
BRH:0
end_of_record
TN:
SF:routes\userRoutes.js
FN:19,createUserRoutes
FN:24,(anonymous_1)
FN:26,(anonymous_2)
FN:31,(anonymous_3)
FN:33,(anonymous_4)
FN:38,(anonymous_5)
FN:45,(anonymous_6)
FN:65,(anonymous_7)
FN:70,(anonymous_8)
FN:75,(anonymous_9)
FN:95,(anonymous_10)
FN:100,(anonymous_11)
FN:106,(anonymous_12)
FN:117,(anonymous_13)
FN:122,(anonymous_14)
FN:127,(anonymous_15)
FNF:16
FNH:0
FNDA:0,createUserRoutes
FNDA:0,(anonymous_1)
FNDA:0,(anonymous_2)
FNDA:0,(anonymous_3)
FNDA:0,(anonymous_4)
FNDA:0,(anonymous_5)
FNDA:0,(anonymous_6)
FNDA:0,(anonymous_7)
FNDA:0,(anonymous_8)
FNDA:0,(anonymous_9)
FNDA:0,(anonymous_10)
FNDA:0,(anonymous_11)
FNDA:0,(anonymous_12)
FNDA:0,(anonymous_13)
FNDA:0,(anonymous_14)
FNDA:0,(anonymous_15)
DA:5,0
DA:6,0
DA:20,0
DA:21,0
DA:24,0
DA:25,0
DA:26,0
DA:27,0
DA:31,0
DA:32,0
DA:33,0
DA:34,0
DA:38,0
DA:39,0
DA:40,0
DA:41,0
DA:44,0
DA:45,0
DA:46,0
DA:49,0
DA:50,0
DA:51,0
DA:59,0
DA:60,0
DA:61,0
DA:65,0
DA:66,0
DA:67,0
DA:68,0
DA:70,0
DA:71,0
DA:74,0
DA:75,0
DA:76,0
DA:78,0
DA:81,0
DA:82,0
DA:85,0
DA:86,0
DA:87,0
DA:90,0
DA:91,0
DA:95,0
DA:96,0
DA:97,0
DA:100,0
DA:101,0
DA:102,0
DA:105,0
DA:106,0
DA:107,0
DA:108,0
DA:111,0
DA:112,0
DA:113,0
DA:117,0
DA:118,0
DA:119,0
DA:120,0
DA:122,0
DA:123,0
DA:126,0
DA:127,0
DA:128,0
DA:130,0
DA:133,0
DA:136,0
DA:137,0
DA:138,0
DA:140,0
DA:141,0
DA:144,0
DA:145,0
DA:148,0
DA:151,0
LF:75
LH:0
BRDA:33,0,0,0
BRDA:33,0,1,0
BRDA:40,1,0,0
BRDA:40,1,1,0
BRDA:40,2,0,0
BRDA:40,2,1,0
BRDA:45,3,0,0
BRDA:45,3,1,0
BRDA:55,4,0,0
BRDA:55,4,1,0
BRDA:56,5,0,0
BRDA:56,5,1,0
BRDA:71,6,0,0
BRDA:71,6,1,0
BRDA:74,7,0,0
BRDA:74,7,1,0
BRDA:74,8,0,0
BRDA:74,8,1,0
BRDA:75,9,0,0
BRDA:75,9,1,0
BRDA:81,10,0,0
BRDA:81,10,1,0
BRDA:82,11,0,0
BRDA:82,11,1,0
BRDA:85,12,0,0
BRDA:85,12,1,0
BRDA:85,13,0,0
BRDA:85,13,1,0
BRDA:101,14,0,0
BRDA:101,14,1,0
BRDA:101,15,0,0
BRDA:101,15,1,0
BRDA:107,16,0,0
BRDA:107,16,1,0
BRDA:123,17,0,0
BRDA:123,17,1,0
BRDA:126,18,0,0
BRDA:126,18,1,0
BRDA:126,19,0,0
BRDA:126,19,1,0
BRDA:127,20,0,0
BRDA:127,20,1,0
BRDA:133,21,0,0
BRDA:133,21,1,0
BRDA:136,22,0,0
BRDA:136,22,1,0
BRDA:136,23,0,0
BRDA:136,23,1,0
BRDA:137,24,0,0
BRDA:137,24,1,0
BRF:50
BRH:0
end_of_record
TN:
SF:services\backupService.js
FN:14,ensureBackupDir
FN:27,performBackup
FN:42,(anonymous_2)
FN:47,(anonymous_3)
FN:55,(anonymous_4)
FN:87,cleanupOldBackups
FN:94,(anonymous_6)
FN:115,init
FN:130,(anonymous_8)
FNF:9
FNH:0
FNDA:0,ensureBackupDir
FNDA:0,performBackup
FNDA:0,(anonymous_2)
FNDA:0,(anonymous_3)
FNDA:0,(anonymous_4)
FNDA:0,cleanupOldBackups
FNDA:0,(anonymous_6)
FNDA:0,init
FNDA:0,(anonymous_8)
DA:1,0
DA:2,0
DA:3,0
DA:4,0
DA:7,0
DA:8,0
DA:9,0
DA:10,0
DA:11,0
DA:15,0
DA:16,0
DA:17,0
DA:19,0
DA:20,0
DA:23,0
DA:28,0
DA:30,0
DA:32,0
DA:33,0
DA:34,0
DA:37,0
DA:38,0
DA:42,0
DA:43,0
DA:44,0
DA:47,0
DA:48,0
DA:49,0
DA:51,0
DA:55,0
DA:56,0
DA:60,0
DA:64,0
DA:65,0
DA:66,0
DA:67,0
DA:68,0
DA:75,0
DA:76,0
DA:77,0
DA:83,0
DA:88,0
DA:89,0
DA:90,0
DA:91,0
DA:93,0
DA:94,0
DA:95,0
DA:97,0
DA:98,0
DA:100,0
DA:101,0
DA:102,0
DA:106,0
DA:107,0
DA:110,0
DA:116,0
DA:117,0
DA:118,0
DA:121,0
DA:122,0
DA:125,0
DA:126,0
DA:127,0
DA:130,0
DA:131,0
DA:135,0
LF:67
LH:0
BRDA:8,0,0,0
BRDA:8,0,1,0
BRDA:9,1,0,0
BRDA:9,1,1,0
BRDA:10,2,0,0
BRDA:10,2,1,0
BRDA:15,3,0,0
BRDA:15,3,1,0
BRDA:30,4,0,0
BRDA:30,4,1,0
BRDA:48,5,0,0
BRDA:48,5,1,0
BRDA:67,6,0,0
BRDA:67,6,1,0
BRDA:76,7,0,0
BRDA:76,7,1,0
BRDA:95,8,0,0
BRDA:95,8,1,0
BRDA:100,9,0,0
BRDA:100,9,1,0
BRDA:106,10,0,0
BRDA:106,10,1,0
BRDA:116,11,0,0
BRDA:116,11,1,0
BRDA:125,12,0,0
BRDA:125,12,1,0
BRF:26
BRH:0
end_of_record
TN:
SF:services\databaseService.js
FN:29,initializeSchema
FN:299,storeTrafficEntry
FN:317,getTrafficHistory
FN:331,getLastTrafficEntry
FN:343,cleanupTrafficHistory
FN:354,getTrafficHistoryByTimeRange
FN:383,storeLog
FN:399,getLogs
FN:422,storeAuditLog
FN:438,getAuditLogs
FN:441,(anonymous_10)
FN:459,getAllHostGroups
FN:463,createHostGroup
FN:467,updateHostGroup
FN:472,deleteHostGroup
FN:479,getAllHosts
FN:480,(anonymous_16)
FN:493,getHostById
FN:509,createHost
FN:524,updateHost
FN:549,deleteHost
FN:556,getAllUsers
FN:558,(anonymous_22)
FN:568,getUserById
FN:572,getUserByUsername
FN:576,createUser
FN:585,updateUser
FN:601,deleteUser
FN:608,getAllTickets
FN:609,(anonymous_29)
FN:620,getTicketById
FN:637,createTicket
FN:665,updateTicket
FN:702,deleteTicket
FN:708,getTicketComments
FN:710,(anonymous_35)
FN:720,addTicketComment
FN:729,deleteTicketComment
FN:736,getSetting
FN:741,setSetting
FN:748,getAllSettings
FN:760,migrateFromJson
FN:770,(anonymous_42)
FN:785,(anonymous_43)
FN:815,migrateAllFromJson
FN:823,(anonymous_45)
FN:839,(anonymous_46)
FN:855,(anonymous_47)
FN:876,(anonymous_48)
FN:907,(anonymous_49)
FN:908,(anonymous_50)
FN:909,(anonymous_51)
FN:910,(anonymous_52)
FNF:53
FNH:9
FNDA:1,initializeSchema
FNDA:1,storeTrafficEntry
FNDA:1,getTrafficHistory
FNDA:0,getLastTrafficEntry
FNDA:0,cleanupTrafficHistory
FNDA:1,getTrafficHistoryByTimeRange
FNDA:0,storeLog
FNDA:0,getLogs
FNDA:0,storeAuditLog
FNDA:0,getAuditLogs
FNDA:0,(anonymous_10)
FNDA:0,getAllHostGroups
FNDA:0,createHostGroup
FNDA:0,updateHostGroup
FNDA:0,deleteHostGroup
FNDA:1,getAllHosts
FNDA:0,(anonymous_16)
FNDA:1,getHostById
FNDA:0,createHost
FNDA:0,updateHost
FNDA:0,deleteHost
FNDA:1,getAllUsers
FNDA:0,(anonymous_22)
FNDA:0,getUserById
FNDA:1,getUserByUsername
FNDA:0,createUser
FNDA:0,updateUser
FNDA:0,deleteUser
FNDA:0,getAllTickets
FNDA:0,(anonymous_29)
FNDA:0,getTicketById
FNDA:0,createTicket
FNDA:0,updateTicket
FNDA:0,deleteTicket
FNDA:0,getTicketComments
FNDA:0,(anonymous_35)
FNDA:0,addTicketComment
FNDA:0,deleteTicketComment
FNDA:1,getSetting
FNDA:0,setSetting
FNDA:0,getAllSettings
FNDA:0,migrateFromJson
FNDA:0,(anonymous_42)
FNDA:0,(anonymous_43)
FNDA:0,migrateAllFromJson
FNDA:0,(anonymous_45)
FNDA:0,(anonymous_46)
FNDA:0,(anonymous_47)
FNDA:0,(anonymous_48)
FNDA:0,(anonymous_49)
FNDA:0,(anonymous_50)
FNDA:0,(anonymous_51)
FNDA:0,(anonymous_52)
DA:6,1
DA:7,1
DA:8,1
DA:11,1
DA:12,1
DA:15,1
DA:16,0
DA:20,1
DA:21,1
DA:24,1
DA:31,1
DA:48,1
DA:68,1
DA:89,1
DA:99,1
DA:125,1
DA:140,1
DA:165,1
DA:181,1
DA:190,1
DA:201,1
DA:219,1
DA:232,1
DA:244,1
DA:256,1
DA:260,1
DA:265,1
DA:270,1
DA:278,1
DA:286,1
DA:300,1
DA:301,1
DA:310,0
DA:318,1
DA:319,1
DA:321,1
DA:323,0
DA:324,0
DA:332,0
DA:333,0
DA:335,0
DA:336,0
DA:344,0
DA:345,0
DA:347,0
DA:355,1
DA:356,1
DA:362,1
DA:364,0
DA:365,0
DA:372,1
DA:377,1
DA:384,0
DA:385,0
DA:395,0
DA:400,0
DA:401,0
DA:403,0
DA:404,0
DA:411,1
DA:416,1
DA:423,0
DA:424,0
DA:434,0
DA:439,0
DA:440,0
DA:441,0
DA:446,0
DA:447,0
DA:454,1
DA:460,0
DA:464,0
DA:468,0
DA:469,0
DA:473,0
DA:480,1
DA:494,1
DA:495,1
DA:496,0
DA:510,0
DA:516,0
DA:525,0
DA:526,0
DA:528,0
DA:529,0
DA:530,0
DA:531,0
DA:532,0
DA:533,0
DA:534,0
DA:535,0
DA:536,0
DA:537,0
DA:538,0
DA:539,0
DA:540,0
DA:541,0
DA:543,0
DA:545,0
DA:546,0
DA:550,0
DA:557,1
DA:558,0
DA:569,0
DA:573,1
DA:577,0
DA:581,0
DA:586,0
DA:587,0
DA:589,0
DA:590,0
DA:591,0
DA:592,0
DA:593,0
DA:595,0
DA:597,0
DA:598,0
DA:602,0
DA:609,0
DA:621,0
DA:622,0
DA:623,0
DA:635,1
DA:639,0
DA:640,0
DA:641,0
DA:642,0
DA:644,0
DA:645,0
DA:646,0
DA:648,0
DA:652,0
DA:657,0
DA:666,0
DA:667,0
DA:670,0
DA:671,0
DA:672,0
DA:673,0
DA:674,0
DA:675,0
DA:676,0
DA:677,0
DA:679,0
DA:682,0
DA:683,0
DA:685,0
DA:686,0
DA:687,0
DA:688,0
DA:689,0
DA:690,0
DA:691,0
DA:692,0
DA:693,0
DA:694,0
DA:696,0
DA:698,0
DA:699,0
DA:703,0
DA:704,0
DA:709,0
DA:710,0
DA:721,0
DA:725,0
DA:730,0
DA:737,1
DA:738,1
DA:742,0
DA:749,0
DA:750,0
DA:751,0
DA:752,0
DA:754,0
DA:761,0
DA:764,0
DA:765,0
DA:766,0
DA:767,0
DA:770,0
DA:771,0
DA:772,0
DA:783,0
DA:784,0
DA:785,0
DA:794,0
DA:795,0
DA:799,0
DA:802,0
DA:803,0
DA:804,0
DA:807,0
DA:816,0
DA:819,0
DA:820,0
DA:821,0
DA:822,0
DA:823,0
DA:824,0
DA:825,0
DA:828,0
DA:830,0
DA:835,0
DA:836,0
DA:837,0
DA:838,0
DA:839,0
DA:840,0
DA:841,0
DA:844,0
DA:846,0
DA:851,0
DA:852,0
DA:853,0
DA:854,0
DA:855,0
DA:856,0
DA:857,0
DA:858,0
DA:859,0
DA:860,0
DA:865,0
DA:867,0
DA:872,0
DA:873,0
DA:874,0
DA:875,0
DA:876,0
DA:877,0
DA:878,0
DA:881,0
DA:883,0
DA:888,0
DA:889,0
DA:890,0
DA:891,0
DA:892,0
DA:893,0
DA:895,0
DA:897,0
DA:901,0
DA:907,1
DA:908,1
DA:909,1
DA:910,1
DA:912,1
LF:246
LH:55
BRDA:15,0,0,0
BRDA:15,0,1,1
BRDA:306,1,0,1
BRDA:306,1,1,0
BRDA:307,2,0,1
BRDA:307,2,1,0
BRDA:317,3,0,0
BRDA:333,4,0,0
BRDA:333,4,1,0
BRDA:343,5,0,0
BRDA:392,6,0,0
BRDA:392,6,1,0
BRDA:399,7,0,0
BRDA:429,8,0,0
BRDA:429,8,1,0
BRDA:438,9,0,0
BRDA:443,10,0,0
BRDA:443,10,1,0
BRDA:495,11,0,1
BRDA:495,11,1,0
BRDA:517,12,0,0
BRDA:517,12,1,0
BRDA:519,13,0,0
BRDA:519,13,1,0
BRDA:519,14,0,0
BRDA:519,14,1,0
BRDA:528,15,0,0
BRDA:528,15,1,0
BRDA:529,16,0,0
BRDA:529,16,1,0
BRDA:530,17,0,0
BRDA:530,17,1,0
BRDA:531,18,0,0
BRDA:531,18,1,0
BRDA:532,19,0,0
BRDA:532,19,1,0
BRDA:533,20,0,0
BRDA:533,20,1,0
BRDA:534,21,0,0
BRDA:534,21,1,0
BRDA:535,22,0,0
BRDA:535,22,1,0
BRDA:536,23,0,0
BRDA:536,23,1,0
BRDA:536,24,0,0
BRDA:536,24,1,0
BRDA:537,25,0,0
BRDA:537,25,1,0
BRDA:538,26,0,0
BRDA:538,26,1,0
BRDA:539,27,0,0
BRDA:539,27,1,0
BRDA:540,28,0,0
BRDA:540,28,1,0
BRDA:541,29,0,0
BRDA:541,29,1,0
BRDA:543,30,0,0
BRDA:543,30,1,0
BRDA:581,31,0,0
BRDA:581,31,1,0
BRDA:582,32,0,0
BRDA:582,32,1,0
BRDA:589,33,0,0
BRDA:589,33,1,0
BRDA:590,34,0,0
BRDA:590,34,1,0
BRDA:591,35,0,0
BRDA:591,35,1,0
BRDA:592,36,0,0
BRDA:592,36,1,0
BRDA:593,37,0,0
BRDA:593,37,1,0
BRDA:593,38,0,0
BRDA:593,38,1,0
BRDA:595,39,0,0
BRDA:595,39,1,0
BRDA:622,40,0,0
BRDA:622,40,1,0
BRDA:640,41,0,0
BRDA:640,41,1,0
BRDA:642,42,0,0
BRDA:642,42,1,0
BRDA:644,43,0,0
BRDA:644,43,1,0
BRDA:658,44,0,0
BRDA:658,44,1,0
BRDA:659,45,0,0
BRDA:659,45,1,0
BRDA:660,46,0,0
BRDA:660,46,1,0
BRDA:670,47,0,0
BRDA:670,47,1,0
BRDA:672,48,0,0
BRDA:672,48,1,0
BRDA:674,49,0,0
BRDA:674,49,1,0
BRDA:675,50,0,0
BRDA:675,50,1,0
BRDA:685,51,0,0
BRDA:685,51,1,0
BRDA:686,52,0,0
BRDA:686,52,1,0
BRDA:687,53,0,0
BRDA:687,53,1,0
BRDA:688,54,0,0
BRDA:688,54,1,0
BRDA:689,55,0,0
BRDA:689,55,1,0
BRDA:690,56,0,0
BRDA:690,56,1,0
BRDA:691,57,0,0
BRDA:691,57,1,0
BRDA:692,58,0,0
BRDA:692,58,1,0
BRDA:693,59,0,0
BRDA:693,59,1,0
BRDA:694,60,0,0
BRDA:694,60,1,0
BRDA:696,61,0,0
BRDA:696,61,1,0
BRDA:715,62,0,0
BRDA:715,62,1,0
BRDA:726,63,0,0
BRDA:726,63,1,0
BRDA:726,64,0,0
BRDA:726,64,1,0
BRDA:738,65,0,0
BRDA:738,65,1,1
BRDA:764,66,0,0
BRDA:764,66,1,0
BRDA:775,67,0,0
BRDA:775,67,1,0
BRDA:776,68,0,0
BRDA:776,68,1,0
BRDA:777,69,0,0
BRDA:777,69,1,0
BRDA:778,70,0,0
BRDA:778,70,1,0
BRDA:784,71,0,0
BRDA:784,71,1,0
BRDA:784,72,0,0
BRDA:784,72,1,0
BRDA:790,73,0,0
BRDA:790,73,1,0
BRDA:791,74,0,0
BRDA:791,74,1,0
BRDA:820,75,0,0
BRDA:820,75,1,0
BRDA:836,76,0,0
BRDA:836,76,1,0
BRDA:852,77,0,0
BRDA:852,77,1,0
BRDA:858,78,0,0
BRDA:858,78,1,0
BRDA:873,79,0,0
BRDA:873,79,1,0
BRDA:889,80,0,0
BRDA:889,80,1,0
BRF:158
BRH:5
end_of_record
TN:
SF:services\snmpService.js
FN:28,createSession
FN:47,getInterfaces
FN:48,(anonymous_2)
FN:56,(anonymous_3)
FN:91,(anonymous_4)
FN:98,(anonymous_5)
FN:114,(anonymous_6)
FN:129,(anonymous_7)
FN:143,(anonymous_8)
FN:157,continueWithStatusAndSpeed
FN:160,(anonymous_10)
FN:166,(anonymous_11)
FN:178,(anonymous_12)
FN:183,(anonymous_13)
FN:200,(anonymous_14)
FN:213,extractName
FN:228,continueWithStatusAndSpeedFinal
FN:230,(anonymous_17)
FN:239,(anonymous_18)
FN:243,(anonymous_19)
FN:251,(anonymous_20)
FN:258,(anonymous_21)
FN:274,getInterfaceTraffic
FN:275,(anonymous_23)
FN:293,(anonymous_24)
FN:350,readUInt64BE
FNF:26
FNH:0
FNDA:0,createSession
FNDA:0,getInterfaces
FNDA:0,(anonymous_2)
FNDA:0,(anonymous_3)
FNDA:0,(anonymous_4)
FNDA:0,(anonymous_5)
FNDA:0,(anonymous_6)
FNDA:0,(anonymous_7)
FNDA:0,(anonymous_8)
FNDA:0,continueWithStatusAndSpeed
FNDA:0,(anonymous_10)
FNDA:0,(anonymous_11)
FNDA:0,(anonymous_12)
FNDA:0,(anonymous_13)
FNDA:0,(anonymous_14)
FNDA:0,extractName
FNDA:0,continueWithStatusAndSpeedFinal
FNDA:0,(anonymous_17)
FNDA:0,(anonymous_18)
FNDA:0,(anonymous_19)
FNDA:0,(anonymous_20)
FNDA:0,(anonymous_21)
FNDA:0,getInterfaceTraffic
FNDA:0,(anonymous_23)
FNDA:0,(anonymous_24)
FNDA:0,readUInt64BE
DA:1,0
DA:4,0
DA:29,0
DA:40,0
DA:48,0
DA:49,0
DA:50,0
DA:51,0
DA:53,0
DA:56,0
DA:57,0
DA:59,0
DA:60,0
DA:61,0
DA:62,0
DA:65,0
DA:67,0
DA:68,0
DA:69,0
DA:70,0
DA:71,0
DA:73,0
DA:77,0
DA:78,0
DA:81,0
DA:90,0
DA:93,0
DA:94,0
DA:97,0
DA:98,0
DA:99,0
DA:100,0
DA:101,0
DA:102,0
DA:103,0
DA:113,0
DA:115,0
DA:116,0
DA:119,0
DA:121,0
DA:124,0
DA:127,0
DA:128,0
DA:129,0
DA:130,0
DA:131,0
DA:132,0
DA:133,0
DA:142,0
DA:144,0
DA:145,0
DA:148,0
DA:159,0
DA:160,0
DA:163,0
DA:164,0
DA:166,0
DA:167,0
DA:168,0
DA:169,0
DA:170,0
DA:171,0
DA:172,0
DA:173,0
DA:174,0
DA:179,0
DA:182,0
DA:183,0
DA:184,0
DA:185,0
DA:186,0
DA:187,0
DA:188,0
DA:189,0
DA:191,0
DA:193,0
DA:194,0
DA:195,0
DA:201,0
DA:202,0
DA:206,0
DA:214,0
DA:215,0
DA:216,0
DA:217,0
DA:218,0
DA:220,0
DA:222,0
DA:230,0
DA:231,0
DA:232,0
DA:233,0
DA:234,0
DA:235,0
DA:236,0
DA:240,0
DA:243,0
DA:244,0
DA:245,0
DA:246,0
DA:247,0
DA:248,0
DA:252,0
DA:255,0
DA:257,0
DA:258,0
DA:260,0
DA:261,0
DA:262,0
DA:264,0
DA:275,0
DA:276,0
DA:279,0
DA:293,0
DA:294,0
DA:296,0
DA:297,0
DA:300,0
DA:311,0
DA:312,0
DA:313,0
DA:318,0
DA:319,0
DA:321,0
DA:325,0
DA:332,0
DA:333,0
DA:334,0
DA:339,0
DA:341,0
DA:351,0
DA:353,0
DA:354,0
DA:355,0
DA:362,0
DA:365,0
DA:369,0
LF:137
LH:0
BRDA:28,0,0,0
BRDA:35,1,0,0
BRDA:35,1,1,0
BRDA:47,2,0,0
BRDA:60,3,0,0
BRDA:60,3,1,0
BRDA:68,4,0,0
BRDA:68,4,1,0
BRDA:70,5,0,0
BRDA:70,5,1,0
BRDA:77,6,0,0
BRDA:77,6,1,0
BRDA:93,7,0,0
BRDA:93,7,1,0
BRDA:100,8,0,0
BRDA:100,8,1,0
BRDA:102,9,0,0
BRDA:102,9,1,0
BRDA:115,10,0,0
BRDA:115,10,1,0
BRDA:127,11,0,0
BRDA:127,11,1,0
BRDA:131,12,0,0
BRDA:131,12,1,0
BRDA:144,13,0,0
BRDA:144,13,1,0
BRDA:163,14,0,0
BRDA:163,14,1,0
BRDA:168,15,0,0
BRDA:168,15,1,0
BRDA:170,16,0,0
BRDA:170,16,1,0
BRDA:172,17,0,0
BRDA:172,17,1,0
BRDA:172,18,0,0
BRDA:172,18,1,0
BRDA:179,19,0,0
BRDA:179,19,1,0
BRDA:185,20,0,0
BRDA:185,20,1,0
BRDA:187,21,0,0
BRDA:187,21,1,0
BRDA:189,22,0,0
BRDA:189,22,1,0
BRDA:193,23,0,0
BRDA:193,23,1,0
BRDA:201,24,0,0
BRDA:201,24,1,0
BRDA:215,25,0,0
BRDA:215,25,1,0
BRDA:217,26,0,0
BRDA:217,26,1,0
BRDA:232,27,0,0
BRDA:232,27,1,0
BRDA:234,28,0,0
BRDA:234,28,1,0
BRDA:235,29,0,0
BRDA:235,29,1,0
BRDA:240,30,0,0
BRDA:240,30,1,0
BRDA:245,31,0,0
BRDA:245,31,1,0
BRDA:247,32,0,0
BRDA:247,32,1,0
BRDA:252,33,0,0
BRDA:252,33,1,0
BRDA:261,34,0,0
BRDA:261,34,1,0
BRDA:274,35,0,0
BRDA:296,36,0,0
BRDA:296,36,1,0
BRDA:311,37,0,0
BRDA:311,37,1,0
BRDA:312,38,0,0
BRDA:312,38,1,0
BRDA:313,39,0,0
BRDA:313,39,1,0
BRDA:313,40,0,0
BRDA:313,40,1,0
BRDA:321,41,0,0
BRDA:321,41,1,0
BRDA:321,42,0,0
BRDA:321,42,1,0
BRDA:325,43,0,0
BRDA:325,43,1,0
BRDA:339,44,0,0
BRDA:339,44,1,0
BRDA:351,45,0,0
BRDA:351,45,1,0
BRF:89
BRH:0
end_of_record
TN:
SF:services\wafService.js
FN:162,loadAttackLogs
FN:175,saveAttackLogs
FN:184,logAttack
FN:215,checkPatterns
FN:227,deepCheck
FN:250,wafMiddleware
FN:256,(anonymous_6)
FN:401,getWafStats
FN:406,(anonymous_8)
FN:407,(anonymous_9)
FNF:10
FNH:0
FNDA:0,loadAttackLogs
FNDA:0,saveAttackLogs
FNDA:0,logAttack
FNDA:0,checkPatterns
FNDA:0,deepCheck
FNDA:0,wafMiddleware
FNDA:0,(anonymous_6)
FNDA:0,getWafStats
FNDA:0,(anonymous_8)
FNDA:0,(anonymous_9)
DA:12,0
DA:13,0
DA:16,0
DA:40,0
DA:158,0
DA:159,0
DA:163,0
DA:164,0
DA:165,0
DA:166,0
DA:169,0
DA:170,0
DA:176,0
DA:177,0
DA:179,0
DA:185,0
DA:199,0
DA:202,0
DA:203,0
DA:207,0
DA:209,0
DA:211,0
DA:216,0
DA:218,0
DA:219,0
DA:220,0
DA:223,0
DA:228,0
DA:230,0
DA:231,0
DA:232,0
DA:233,0
DA:234,0
DA:235,0
DA:237,0
DA:238,0
DA:240,0
DA:241,0
DA:242,0
DA:246,0
DA:251,0
DA:252,0
DA:256,0
DA:257,0
DA:260,0
DA:261,0
DA:262,0
DA:265,0
DA:269,0
DA:272,0
DA:273,0
DA:274,0
DA:279,0
DA:280,0
DA:284,0
DA:285,0
DA:286,0
DA:287,0
DA:292,0
DA:293,0
DA:294,0
DA:295,0
DA:296,0
DA:298,0
DA:299,0
DA:307,0
DA:308,0
DA:309,0
DA:312,0
DA:313,0
DA:314,0
DA:315,0
DA:317,0
DA:318,0
DA:326,0
DA:327,0
DA:328,0
DA:329,0
DA:331,0
DA:332,0
DA:340,0
DA:341,0
DA:342,0
DA:343,0
DA:345,0
DA:346,0
DA:354,0
DA:355,0
DA:356,0
DA:357,0
DA:359,0
DA:360,0
DA:368,0
DA:369,0
DA:370,0
DA:371,0
DA:373,0
DA:374,0
DA:382,0
DA:383,0
DA:384,0
DA:385,0
DA:387,0
DA:388,0
DA:397,0
DA:402,0
DA:403,0
DA:404,0
DA:406,0
DA:407,0
DA:409,0
DA:410,0
DA:411,0
DA:414,0
DA:424,0
DA:426,0
LF:116
LH:0
BRDA:164,0,0,0
BRDA:164,0,1,0
BRDA:188,1,0,0
BRDA:188,1,1,0
BRDA:196,2,0,0
BRDA:196,2,1,0
BRDA:202,3,0,0
BRDA:202,3,1,0
BRDA:216,4,0,0
BRDA:216,4,1,0
BRDA:216,5,0,0
BRDA:216,5,1,0
BRDA:219,6,0,0
BRDA:219,6,1,0
BRDA:227,7,0,0
BRDA:228,8,0,0
BRDA:228,8,1,0
BRDA:230,9,0,0
BRDA:230,9,1,0
BRDA:232,10,0,0
BRDA:232,10,1,0
BRDA:233,11,0,0
BRDA:233,11,1,0
BRDA:237,12,0,0
BRDA:237,12,1,0
BRDA:241,13,0,0
BRDA:241,13,1,0
BRDA:251,14,0,0
BRDA:251,14,1,0
BRDA:256,15,0,0
BRDA:256,15,1,0
BRDA:260,16,0,0
BRDA:260,16,1,0
BRDA:261,17,0,0
BRDA:261,17,1,0
BRDA:272,18,0,0
BRDA:272,18,1,0
BRDA:279,19,0,0
BRDA:279,19,1,0
BRDA:279,20,0,0
BRDA:279,20,1,0
BRDA:286,21,0,0
BRDA:286,21,1,0
BRDA:292,22,0,0
BRDA:292,22,1,0
BRDA:294,23,0,0
BRDA:294,23,1,0
BRDA:295,24,0,0
BRDA:295,24,1,0
BRDA:298,25,0,0
BRDA:298,25,1,0
BRDA:309,26,0,0
BRDA:309,26,1,0
BRDA:313,27,0,0
BRDA:313,27,1,0
BRDA:314,28,0,0
BRDA:314,28,1,0
BRDA:317,29,0,0
BRDA:317,29,1,0
BRDA:327,30,0,0
BRDA:327,30,1,0
BRDA:328,31,0,0
BRDA:328,31,1,0
BRDA:331,32,0,0
BRDA:331,32,1,0
BRDA:341,33,0,0
BRDA:341,33,1,0
BRDA:342,34,0,0
BRDA:342,34,1,0
BRDA:345,35,0,0
BRDA:345,35,1,0
BRDA:355,36,0,0
BRDA:355,36,1,0
BRDA:356,37,0,0
BRDA:356,37,1,0
BRDA:359,38,0,0
BRDA:359,38,1,0
BRDA:369,39,0,0
BRDA:369,39,1,0
BRDA:370,40,0,0
BRDA:370,40,1,0
BRDA:373,41,0,0
BRDA:373,41,1,0
BRDA:383,42,0,0
BRDA:383,42,1,0
BRDA:384,43,0,0
BRDA:384,43,1,0
BRDA:387,44,0,0
BRDA:387,44,1,0
BRDA:411,45,0,0
BRDA:411,45,1,0
BRF:91
BRH:0
end_of_record
