TN:
SF:routes\authRoutes.js
FN:19,createAuthRoutes
FN:24,(anonymous_1)
FN:27,(anonymous_2)
FN:66,(anonymous_3)
FN:70,(anonymous_4)
FN:78,(anonymous_5)
FN:83,(anonymous_6)
FN:96,(anonymous_7)
FN:101,(anonymous_8)
FNF:9
FNH:5
FNDA:1,createAuthRoutes
FNDA:3,(anonymous_1)
FNDA:3,(anonymous_2)
FNDA:1,(anonymous_3)
FNDA:0,(anonymous_4)
FNDA:1,(anonymous_5)
FNDA:0,(anonymous_6)
FNDA:0,(anonymous_7)
FNDA:0,(anonymous_8)
DA:5,1
DA:6,1
DA:20,1
DA:21,1
DA:24,1
DA:25,3
DA:26,3
DA:27,3
DA:29,3
DA:30,2
DA:34,1
DA:35,1
DA:38,1
DA:41,1
DA:42,0
DA:43,0
DA:44,0
DA:47,1
DA:48,0
DA:49,0
DA:50,0
DA:54,1
DA:56,1
DA:66,1
DA:68,1
DA:69,0
DA:70,0
DA:71,0
DA:73,1
DA:74,1
DA:78,1
DA:79,1
DA:80,1
DA:82,0
DA:83,0
DA:84,0
DA:86,0
DA:96,1
DA:97,0
DA:98,0
DA:99,0
DA:101,0
DA:102,0
DA:104,0
DA:105,0
DA:108,0
DA:109,0
DA:112,0
DA:113,0
DA:117,0
DA:118,0
DA:119,0
DA:121,0
DA:122,0
DA:125,1
DA:128,1
LF:56
LH:27
BRDA:29,0,0,2
BRDA:29,0,1,1
BRDA:29,1,0,3
BRDA:29,1,1,2
BRDA:41,2,0,0
BRDA:41,2,1,1
BRDA:47,3,0,0
BRDA:47,3,1,1
BRDA:47,4,0,1
BRDA:47,4,1,0
BRDA:68,5,0,0
BRDA:68,5,1,1
BRDA:68,6,0,1
BRDA:68,6,1,1
BRDA:71,7,0,0
BRDA:71,7,1,0
BRDA:79,8,0,1
BRDA:79,8,1,0
BRDA:79,9,0,1
BRDA:79,9,1,1
BRDA:84,10,0,0
BRDA:84,10,1,0
BRDA:102,11,0,0
BRDA:102,11,1,0
BRDA:104,12,0,0
BRDA:104,12,1,0
BRDA:104,13,0,0
BRDA:104,13,1,0
BRDA:108,14,0,0
BRDA:108,14,1,0
BRDA:112,15,0,0
BRDA:112,15,1,0
BRF:32
BRH:13
end_of_record
TN:
SF:routes\backupRoutes.js
FN:16,createBackupRoutes
FN:21,(anonymous_1)
FN:24,(anonymous_2)
FN:95,(anonymous_3)
FN:102,(anonymous_4)
FN:114,(anonymous_5)
FN:141,(anonymous_6)
FN:164,(anonymous_7)
FN:167,(anonymous_8)
FN:204,(anonymous_9)
FN:206,(anonymous_10)
FNF:11
FNH:0
FNDA:0,createBackupRoutes
FNDA:0,(anonymous_1)
FNDA:0,(anonymous_2)
FNDA:0,(anonymous_3)
FNDA:0,(anonymous_4)
FNDA:0,(anonymous_5)
FNDA:0,(anonymous_6)
FNDA:0,(anonymous_7)
FNDA:0,(anonymous_8)
FNDA:0,(anonymous_9)
FNDA:0,(anonymous_10)
DA:5,0
DA:17,0
DA:18,0
DA:21,0
DA:22,0
DA:23,0
DA:24,0
DA:26,0
DA:27,0
DA:31,0
DA:32,0
DA:35,0
DA:36,0
DA:41,0
DA:42,0
DA:44,0
DA:47,0
DA:50,0
DA:60,0
DA:67,0
DA:75,0
DA:77,0
DA:89,0
DA:90,0
DA:95,0
DA:96,0
DA:97,0
DA:99,0
DA:101,0
DA:102,0
DA:114,0
DA:115,0
DA:116,0
DA:118,0
DA:119,0
DA:123,0
DA:129,0
DA:130,0
DA:131,0
DA:132,0
DA:135,0
DA:136,0
DA:141,0
DA:142,0
DA:143,0
DA:145,0
DA:146,0
DA:150,0
DA:153,0
DA:155,0
DA:158,0
DA:159,0
DA:164,0
DA:165,0
DA:166,0
DA:167,0
DA:169,0
DA:170,0
DA:173,0
DA:176,0
DA:183,0
DA:184,0
DA:185,0
DA:186,0
DA:189,0
DA:195,0
DA:198,0
DA:199,0
DA:204,0
DA:205,0
DA:206,0
DA:208,0
DA:209,0
DA:212,0
DA:213,0
DA:214,0
DA:215,0
DA:216,0
DA:217,0
DA:223,0
DA:232,0
DA:235,0
LF:82
LH:0
BRDA:26,0,0,0
BRDA:26,0,1,0
BRDA:31,1,0,0
BRDA:31,1,1,0
BRDA:35,2,0,0
BRDA:35,2,1,0
BRDA:52,3,0,0
BRDA:52,3,1,0
BRDA:97,4,0,0
BRDA:97,4,1,0
BRDA:118,5,0,0
BRDA:118,5,1,0
BRDA:145,6,0,0
BRDA:145,6,1,0
BRDA:169,7,0,0
BRDA:169,7,1,0
BRDA:177,8,0,0
BRDA:177,8,1,0
BRDA:190,9,0,0
BRDA:190,9,1,0
BRDA:208,10,0,0
BRDA:208,10,1,0
BRDA:213,11,0,0
BRDA:213,11,1,0
BRDA:216,12,0,0
BRDA:216,12,1,0
BRDA:217,13,0,0
BRDA:217,13,1,0
BRDA:224,14,0,0
BRDA:224,14,1,0
BRDA:225,15,0,0
BRDA:225,15,1,0
BRF:32
BRH:0
end_of_record
TN:
SF:routes\hostRoutes.js
FN:20,createHostRoutes
FN:28,(anonymous_1)
FN:33,(anonymous_2)
FN:51,(anonymous_3)
FN:59,(anonymous_4)
FN:92,(anonymous_5)
FN:100,(anonymous_6)
FN:108,(anonymous_7)
FN:115,(anonymous_8)
FN:131,(anonymous_9)
FN:152,(anonymous_10)
FN:160,(anonymous_11)
FN:165,(anonymous_12)
FN:179,(anonymous_13)
FN:182,(anonymous_14)
FN:195,(anonymous_15)
FNF:16
FNH:12
FNDA:1,createHostRoutes
FNDA:2,(anonymous_1)
FNDA:3,(anonymous_2)
FNDA:2,(anonymous_3)
FNDA:0,(anonymous_4)
FNDA:1,(anonymous_5)
FNDA:2,(anonymous_6)
FNDA:3,(anonymous_7)
FNDA:2,(anonymous_8)
FNDA:0,(anonymous_9)
FNDA:1,(anonymous_10)
FNDA:0,(anonymous_11)
FNDA:0,(anonymous_12)
FNDA:2,(anonymous_13)
FNDA:3,(anonymous_14)
FNDA:1,(anonymous_15)
DA:5,1
DA:21,1
DA:25,1
DA:28,1
DA:29,2
DA:33,1
DA:37,3
DA:39,3
DA:40,1
DA:43,2
DA:44,1
DA:47,1
DA:50,1
DA:51,2
DA:52,1
DA:53,0
DA:58,1
DA:59,0
DA:60,0
DA:61,0
DA:65,1
DA:85,1
DA:86,1
DA:87,1
DA:88,1
DA:91,1
DA:92,1
DA:93,1
DA:95,1
DA:96,1
DA:100,1
DA:101,2
DA:105,2
DA:107,2
DA:108,3
DA:109,2
DA:110,1
DA:114,1
DA:115,2
DA:116,1
DA:117,0
DA:119,1
DA:120,0
DA:121,0
DA:124,1
DA:125,0
DA:129,1
DA:130,0
DA:131,0
DA:132,0
DA:133,0
DA:136,0
DA:139,1
DA:140,1
DA:141,1
DA:142,1
DA:143,1
DA:144,1
DA:145,1
DA:146,1
DA:148,1
DA:151,1
DA:152,1
DA:153,1
DA:155,1
DA:156,1
DA:160,1
DA:161,0
DA:162,0
DA:164,0
DA:165,0
DA:166,0
DA:167,0
DA:170,0
DA:171,0
DA:172,0
DA:174,0
DA:175,0
DA:179,1
DA:180,2
DA:181,2
DA:182,3
DA:184,2
DA:185,1
DA:188,1
DA:189,1
DA:190,1
DA:191,1
DA:194,1
DA:195,1
DA:196,1
DA:198,1
DA:199,1
DA:202,1
DA:205,1
LF:95
LH:71
BRDA:39,0,0,1
BRDA:39,0,1,2
BRDA:43,1,0,1
BRDA:43,1,1,1
BRDA:50,2,0,1
BRDA:50,2,1,0
BRDA:50,3,0,1
BRDA:50,3,1,1
BRDA:52,4,0,0
BRDA:52,4,1,1
BRDA:58,5,0,0
BRDA:58,5,1,1
BRDA:58,6,0,1
BRDA:58,6,1,0
BRDA:60,7,0,0
BRDA:60,7,1,0
BRDA:68,8,0,1
BRDA:68,8,1,0
BRDA:69,9,0,1
BRDA:69,9,1,1
BRDA:70,10,0,1
BRDA:70,10,1,1
BRDA:74,11,0,1
BRDA:74,11,1,1
BRDA:75,12,0,1
BRDA:75,12,1,1
BRDA:77,13,0,1
BRDA:77,13,1,1
BRDA:78,14,0,1
BRDA:78,14,1,1
BRDA:79,15,0,1
BRDA:79,15,1,1
BRDA:80,16,0,1
BRDA:80,16,1,1
BRDA:81,17,0,1
BRDA:81,17,1,1
BRDA:93,18,0,1
BRDA:93,18,1,0
BRDA:93,19,0,1
BRDA:93,19,1,0
BRDA:109,20,0,1
BRDA:109,20,1,1
BRDA:114,21,0,1
BRDA:114,21,1,0
BRDA:114,22,0,1
BRDA:114,22,1,1
BRDA:114,22,2,1
BRDA:115,23,0,2
BRDA:115,23,1,1
BRDA:116,24,0,0
BRDA:116,24,1,1
BRDA:120,25,0,0
BRDA:120,25,1,0
BRDA:124,26,0,0
BRDA:124,26,1,1
BRDA:124,27,0,1
BRDA:124,27,1,0
BRDA:129,28,0,0
BRDA:129,28,1,1
BRDA:129,29,0,1
BRDA:129,29,1,0
BRDA:130,30,0,0
BRDA:130,30,1,0
BRDA:130,31,0,0
BRDA:130,31,1,0
BRDA:131,32,0,0
BRDA:131,32,1,0
BRDA:132,33,0,0
BRDA:132,33,1,0
BRDA:139,34,0,0
BRDA:139,34,1,1
BRDA:139,35,0,0
BRDA:139,35,1,0
BRDA:140,36,0,0
BRDA:140,36,1,1
BRDA:141,37,0,0
BRDA:141,37,1,1
BRDA:142,38,0,0
BRDA:142,38,1,1
BRDA:143,39,0,0
BRDA:143,39,1,1
BRDA:144,40,0,0
BRDA:144,40,1,1
BRDA:145,41,0,0
BRDA:145,41,1,1
BRDA:146,42,0,0
BRDA:146,42,1,1
BRDA:153,43,0,1
BRDA:153,43,1,0
BRDA:153,44,0,1
BRDA:153,44,1,0
BRDA:166,45,0,0
BRDA:166,45,1,0
BRDA:184,46,0,1
BRDA:184,46,1,1
BRDA:196,47,0,1
BRDA:196,47,1,0
BRDA:196,48,0,1
BRDA:196,48,1,0
BRF:99
BRH:58
end_of_record
TN:
SF:routes\settingsRoutes.js
FN:22,createSettingsRoutes
FN:32,(anonymous_1)
FN:40,(anonymous_2)
FN:70,(anonymous_3)
FN:96,(anonymous_4)
FN:99,(anonymous_5)
FN:103,(anonymous_6)
FN:117,(anonymous_7)
FN:126,(anonymous_8)
FNF:9
FNH:0
FNDA:0,createSettingsRoutes
FNDA:0,(anonymous_1)
FNDA:0,(anonymous_2)
FNDA:0,(anonymous_3)
FNDA:0,(anonymous_4)
FNDA:0,(anonymous_5)
FNDA:0,(anonymous_6)
FNDA:0,(anonymous_7)
FNDA:0,(anonymous_8)
DA:5,0
DA:6,0
DA:23,0
DA:29,0
DA:32,0
DA:33,0
DA:40,0
DA:41,0
DA:43,0
DA:44,0
DA:50,0
DA:51,0
DA:52,0
DA:53,0
DA:54,0
DA:56,0
DA:57,0
DA:61,0
DA:62,0
DA:70,0
DA:71,0
DA:72,0
DA:75,0
DA:76,0
DA:78,0
DA:79,0
DA:83,0
DA:89,0
DA:96,0
DA:97,0
DA:99,0
DA:100,0
DA:103,0
DA:104,0
DA:105,0
DA:107,0
DA:108,0
DA:109,0
DA:111,0
DA:117,0
DA:118,0
DA:121,0
DA:126,0
DA:127,0
DA:130,0
DA:133,0
LF:46
LH:0
BRDA:43,0,0,0
BRDA:43,0,1,0
BRDA:45,1,0,0
BRDA:45,1,1,0
BRDA:46,2,0,0
BRDA:46,2,1,0
BRDA:50,3,0,0
BRDA:50,3,1,0
BRDA:53,4,0,0
BRDA:53,4,1,0
BRDA:53,5,0,0
BRDA:53,5,1,0
BRDA:75,6,0,0
BRDA:75,6,1,0
BRDA:76,7,0,0
BRDA:76,7,1,0
BRDA:78,8,0,0
BRDA:78,8,1,0
BRDA:78,9,0,0
BRDA:78,9,1,0
BRDA:104,10,0,0
BRDA:104,10,1,0
BRF:22
BRH:0
end_of_record
TN:
SF:routes\snmpRoutes.js
FN:16,createSnmpRoutes
FN:21,(anonymous_1)
FN:24,(anonymous_2)
FN:44,(anonymous_3)
FN:78,(anonymous_4)
FN:79,(anonymous_5)
FN:82,(anonymous_6)
FN:86,(anonymous_7)
FNF:8
FNH:8
FNDA:1,createSnmpRoutes
FNDA:2,(anonymous_1)
FNDA:1,(anonymous_2)
FNDA:9,(anonymous_3)
FNDA:27,(anonymous_4)
FNDA:27,(anonymous_5)
FNDA:27,(anonymous_6)
FNDA:27,(anonymous_7)
DA:5,1
DA:17,1
DA:18,1
DA:21,1
DA:22,2
DA:23,2
DA:24,2
DA:25,2
DA:26,1
DA:30,1
DA:31,1
DA:33,1
DA:34,1
DA:35,1
DA:37,0
DA:38,0
DA:44,1
DA:45,9
DA:46,9
DA:49,9
DA:51,9
DA:53,1
DA:54,1
DA:57,8
DA:64,8
DA:65,8
DA:69,9
DA:72,9
DA:77,9
DA:78,27
DA:79,27
DA:81,9
DA:82,27
DA:83,9
DA:85,9
DA:86,27
DA:87,9
DA:90,9
DA:99,1
DA:102,1
LF:40
LH:38
BRDA:25,0,0,1
BRDA:25,0,1,1
BRDA:30,1,0,1
BRDA:30,1,1,1
BRDA:30,1,2,0
BRDA:31,2,0,1
BRDA:31,2,1,1
BRDA:31,2,2,0
BRDA:51,3,0,1
BRDA:51,3,1,8
BRDA:51,4,0,9
BRDA:51,4,1,1
BRDA:64,5,0,8
BRDA:64,5,1,2
BRDA:77,6,0,9
BRDA:77,6,1,0
BRDA:78,7,0,27
BRDA:78,7,1,0
BRDA:79,8,0,27
BRDA:79,8,1,0
BRDA:93,9,0,9
BRDA:93,9,1,3
BRF:22
BRH:17
end_of_record
TN:
SF:routes\ticketRoutes.js
FN:22,createTicketRoutes
FN:30,(anonymous_1)
FN:35,(anonymous_2)
FN:38,(anonymous_3)
FN:62,(anonymous_4)
FN:106,(anonymous_5)
FN:119,(anonymous_6)
FN:131,(anonymous_7)
FN:137,(anonymous_8)
FN:156,(anonymous_9)
FN:163,(anonymous_10)
FN:169,(anonymous_11)
FN:194,(anonymous_12)
FN:212,(anonymous_13)
FN:219,(anonymous_14)
FN:222,(anonymous_15)
FN:234,(anonymous_16)
FN:241,(anonymous_17)
FN:252,(anonymous_18)
FN:259,(anonymous_19)
FN:282,(anonymous_20)
FN:288,(anonymous_21)
FN:297,(anonymous_22)
FNF:23
FNH:0
FNDA:0,createTicketRoutes
FNDA:0,(anonymous_1)
FNDA:0,(anonymous_2)
FNDA:0,(anonymous_3)
FNDA:0,(anonymous_4)
FNDA:0,(anonymous_5)
FNDA:0,(anonymous_6)
FNDA:0,(anonymous_7)
FNDA:0,(anonymous_8)
FNDA:0,(anonymous_9)
FNDA:0,(anonymous_10)
FNDA:0,(anonymous_11)
FNDA:0,(anonymous_12)
FNDA:0,(anonymous_13)
FNDA:0,(anonymous_14)
FNDA:0,(anonymous_15)
FNDA:0,(anonymous_16)
FNDA:0,(anonymous_17)
FNDA:0,(anonymous_18)
FNDA:0,(anonymous_19)
FNDA:0,(anonymous_20)
FNDA:0,(anonymous_21)
FNDA:0,(anonymous_22)
DA:5,0
DA:6,0
DA:23,0
DA:27,0
DA:30,0
DA:31,0
DA:35,0
DA:36,0
DA:37,0
DA:38,0
DA:39,0
DA:40,0
DA:41,0
DA:43,0
DA:44,0
DA:45,0
DA:46,0
DA:47,0
DA:48,0
DA:49,0
DA:52,0
DA:53,0
DA:54,0
DA:55,0
DA:56,0
DA:57,0
DA:58,0
DA:61,0
DA:62,0
DA:65,0
DA:83,0
DA:84,0
DA:86,0
DA:92,0
DA:93,0
DA:95,0
DA:96,0
DA:97,0
DA:98,0
DA:100,0
DA:101,0
DA:106,0
DA:107,0
DA:109,0
DA:110,0
DA:113,0
DA:114,0
DA:115,0
DA:116,0
DA:118,0
DA:119,0
DA:120,0
DA:121,0
DA:122,0
DA:123,0
DA:127,0
DA:131,0
DA:133,0
DA:134,0
DA:135,0
DA:136,0
DA:137,0
DA:138,0
DA:139,0
DA:140,0
DA:144,0
DA:150,0
DA:151,0
DA:152,0
DA:153,0
DA:156,0
DA:157,0
DA:159,0
DA:163,0
DA:164,0
DA:165,0
DA:166,0
DA:167,0
DA:169,0
DA:170,0
DA:171,0
DA:174,0
DA:176,0
DA:177,0
DA:179,0
DA:180,0
DA:181,0
DA:185,0
DA:186,0
DA:187,0
DA:189,0
DA:190,0
DA:193,0
DA:194,0
DA:195,0
DA:196,0
DA:197,0
DA:203,0
DA:204,0
DA:205,0
DA:206,0
DA:207,0
DA:209,0
DA:210,0
DA:212,0
DA:213,0
DA:215,0
DA:219,0
DA:220,0
DA:221,0
DA:222,0
DA:224,0
DA:225,0
DA:228,0
DA:229,0
DA:230,0
DA:233,0
DA:234,0
DA:235,0
DA:237,0
DA:241,0
DA:242,0
DA:243,0
DA:244,0
DA:245,0
DA:246,0
DA:248,0
DA:249,0
DA:252,0
DA:253,0
DA:254,0
DA:257,0
DA:259,0
DA:260,0
DA:269,0
DA:270,0
DA:273,0
DA:274,0
DA:275,0
DA:277,0
DA:278,0
DA:282,0
DA:283,0
DA:284,0
DA:285,0
DA:286,0
DA:288,0
DA:289,0
DA:290,0
DA:293,0
DA:294,0
DA:297,0
DA:298,0
DA:299,0
DA:302,0
DA:303,0
DA:304,0
DA:307,0
DA:308,0
DA:310,0
DA:311,0
DA:314,0
DA:317,0
LF:163
LH:0
BRDA:40,0,0,0
BRDA:40,0,1,0
BRDA:41,1,0,0
BRDA:41,1,1,0
BRDA:44,2,0,0
BRDA:44,2,1,0
BRDA:53,3,0,0
BRDA:53,3,1,0
BRDA:61,4,0,0
BRDA:61,4,1,0
BRDA:61,5,0,0
BRDA:61,5,1,0
BRDA:66,6,0,0
BRDA:66,6,1,0
BRDA:68,7,0,0
BRDA:68,7,1,0
BRDA:72,8,0,0
BRDA:72,8,1,0
BRDA:73,9,0,0
BRDA:73,9,1,0
BRDA:76,10,0,0
BRDA:76,10,1,0
BRDA:77,11,0,0
BRDA:77,11,1,0
BRDA:109,12,0,0
BRDA:109,12,1,0
BRDA:118,13,0,0
BRDA:118,13,1,0
BRDA:120,14,0,0
BRDA:120,14,1,0
BRDA:131,15,0,0
BRDA:131,15,1,0
BRDA:136,16,0,0
BRDA:136,16,1,0
BRDA:136,17,0,0
BRDA:136,17,1,0
BRDA:138,18,0,0
BRDA:138,18,1,0
BRDA:145,19,0,0
BRDA:145,19,1,0
BRDA:146,20,0,0
BRDA:146,20,1,0
BRDA:147,21,0,0
BRDA:147,21,1,0
BRDA:147,22,0,0
BRDA:147,22,1,0
BRDA:150,23,0,0
BRDA:150,23,1,0
BRDA:157,24,0,0
BRDA:157,24,1,0
BRDA:157,25,0,0
BRDA:157,25,1,0
BRDA:170,26,0,0
BRDA:170,26,1,0
BRDA:176,27,0,0
BRDA:176,27,1,0
BRDA:179,28,0,0
BRDA:179,28,1,0
BRDA:179,29,0,0
BRDA:179,29,1,0
BRDA:179,29,2,0
BRDA:180,30,0,0
BRDA:180,30,1,0
BRDA:180,31,0,0
BRDA:180,31,1,0
BRDA:185,32,0,0
BRDA:185,32,1,0
BRDA:186,33,0,0
BRDA:186,33,1,0
BRDA:186,34,0,0
BRDA:186,34,1,0
BRDA:189,35,0,0
BRDA:189,35,1,0
BRDA:189,36,0,0
BRDA:189,36,1,0
BRDA:193,37,0,0
BRDA:193,37,1,0
BRDA:193,38,0,0
BRDA:193,38,1,0
BRDA:195,39,0,0
BRDA:195,39,1,0
BRDA:203,40,0,0
BRDA:203,40,1,0
BRDA:204,41,0,0
BRDA:204,41,1,0
BRDA:205,42,0,0
BRDA:205,42,1,0
BRDA:205,43,0,0
BRDA:205,43,1,0
BRDA:206,44,0,0
BRDA:206,44,1,0
BRDA:206,45,0,0
BRDA:206,45,1,0
BRDA:207,46,0,0
BRDA:207,46,1,0
BRDA:207,47,0,0
BRDA:207,47,1,0
BRDA:213,48,0,0
BRDA:213,48,1,0
BRDA:213,49,0,0
BRDA:213,49,1,0
BRDA:224,50,0,0
BRDA:224,50,1,0
BRDA:235,51,0,0
BRDA:235,51,1,0
BRDA:235,52,0,0
BRDA:235,52,1,0
BRDA:244,53,0,0
BRDA:244,53,1,0
BRDA:248,54,0,0
BRDA:248,54,1,0
BRDA:248,55,0,0
BRDA:248,55,1,0
BRDA:248,55,2,0
BRDA:253,56,0,0
BRDA:253,56,1,0
BRDA:257,57,0,0
BRDA:257,57,1,0
BRDA:262,58,0,0
BRDA:262,58,1,0
BRDA:263,59,0,0
BRDA:263,59,1,0
BRDA:264,60,0,0
BRDA:264,60,1,0
BRDA:269,61,0,0
BRDA:269,61,1,0
BRDA:269,62,0,0
BRDA:269,62,1,0
BRDA:289,63,0,0
BRDA:289,63,1,0
BRDA:293,64,0,0
BRDA:293,64,1,0
BRDA:298,65,0,0
BRDA:298,65,1,0
BRDA:303,66,0,0
BRDA:303,66,1,0
BRDA:303,67,0,0
BRDA:303,67,1,0
BRF:138
BRH:0
end_of_record
TN:
SF:routes\userRoutes.js
FN:19,createUserRoutes
FN:24,(anonymous_1)
FN:26,(anonymous_2)
FN:31,(anonymous_3)
FN:33,(anonymous_4)
FN:38,(anonymous_5)
FN:45,(anonymous_6)
FN:65,(anonymous_7)
FN:70,(anonymous_8)
FN:75,(anonymous_9)
FN:95,(anonymous_10)
FN:100,(anonymous_11)
FN:106,(anonymous_12)
FN:117,(anonymous_13)
FN:122,(anonymous_14)
FN:127,(anonymous_15)
FNF:16
FNH:0
FNDA:0,createUserRoutes
FNDA:0,(anonymous_1)
FNDA:0,(anonymous_2)
FNDA:0,(anonymous_3)
FNDA:0,(anonymous_4)
FNDA:0,(anonymous_5)
FNDA:0,(anonymous_6)
FNDA:0,(anonymous_7)
FNDA:0,(anonymous_8)
FNDA:0,(anonymous_9)
FNDA:0,(anonymous_10)
FNDA:0,(anonymous_11)
FNDA:0,(anonymous_12)
FNDA:0,(anonymous_13)
FNDA:0,(anonymous_14)
FNDA:0,(anonymous_15)
DA:5,0
DA:6,0
DA:20,0
DA:21,0
DA:24,0
DA:25,0
DA:26,0
DA:27,0
DA:31,0
DA:32,0
DA:33,0
DA:34,0
DA:38,0
DA:39,0
DA:40,0
DA:41,0
DA:44,0
DA:45,0
DA:46,0
DA:49,0
DA:50,0
DA:51,0
DA:59,0
DA:60,0
DA:61,0
DA:65,0
DA:66,0
DA:67,0
DA:68,0
DA:70,0
DA:71,0
DA:74,0
DA:75,0
DA:76,0
DA:78,0
DA:81,0
DA:82,0
DA:85,0
DA:86,0
DA:87,0
DA:90,0
DA:91,0
DA:95,0
DA:96,0
DA:97,0
DA:100,0
DA:101,0
DA:102,0
DA:105,0
DA:106,0
DA:107,0
DA:108,0
DA:111,0
DA:112,0
DA:113,0
DA:117,0
DA:118,0
DA:119,0
DA:120,0
DA:122,0
DA:123,0
DA:126,0
DA:127,0
DA:128,0
DA:130,0
DA:133,0
DA:136,0
DA:137,0
DA:138,0
DA:140,0
DA:141,0
DA:144,0
DA:145,0
DA:148,0
DA:151,0
LF:75
LH:0
BRDA:33,0,0,0
BRDA:33,0,1,0
BRDA:40,1,0,0
BRDA:40,1,1,0
BRDA:40,2,0,0
BRDA:40,2,1,0
BRDA:45,3,0,0
BRDA:45,3,1,0
BRDA:55,4,0,0
BRDA:55,4,1,0
BRDA:56,5,0,0
BRDA:56,5,1,0
BRDA:71,6,0,0
BRDA:71,6,1,0
BRDA:74,7,0,0
BRDA:74,7,1,0
BRDA:74,8,0,0
BRDA:74,8,1,0
BRDA:75,9,0,0
BRDA:75,9,1,0
BRDA:81,10,0,0
BRDA:81,10,1,0
BRDA:82,11,0,0
BRDA:82,11,1,0
BRDA:85,12,0,0
BRDA:85,12,1,0
BRDA:85,13,0,0
BRDA:85,13,1,0
BRDA:101,14,0,0
BRDA:101,14,1,0
BRDA:101,15,0,0
BRDA:101,15,1,0
BRDA:107,16,0,0
BRDA:107,16,1,0
BRDA:123,17,0,0
BRDA:123,17,1,0
BRDA:126,18,0,0
BRDA:126,18,1,0
BRDA:126,19,0,0
BRDA:126,19,1,0
BRDA:127,20,0,0
BRDA:127,20,1,0
BRDA:133,21,0,0
BRDA:133,21,1,0
BRDA:136,22,0,0
BRDA:136,22,1,0
BRDA:136,23,0,0
BRDA:136,23,1,0
BRDA:137,24,0,0
BRDA:137,24,1,0
BRF:50
BRH:0
end_of_record
TN:
SF:services\backupService.js
FN:14,ensureBackupDir
FN:27,performBackup
FN:42,(anonymous_2)
FN:47,(anonymous_3)
FN:55,(anonymous_4)
FN:87,cleanupOldBackups
FN:94,(anonymous_6)
FN:115,init
FN:130,(anonymous_8)
FNF:9
FNH:0
FNDA:0,ensureBackupDir
FNDA:0,performBackup
FNDA:0,(anonymous_2)
FNDA:0,(anonymous_3)
FNDA:0,(anonymous_4)
FNDA:0,cleanupOldBackups
FNDA:0,(anonymous_6)
FNDA:0,init
FNDA:0,(anonymous_8)
DA:1,0
DA:2,0
DA:3,0
DA:4,0
DA:7,0
DA:8,0
DA:9,0
DA:10,0
DA:11,0
DA:15,0
DA:16,0
DA:17,0
DA:19,0
DA:20,0
DA:23,0
DA:28,0
DA:30,0
DA:32,0
DA:33,0
DA:34,0
DA:37,0
DA:38,0
DA:42,0
DA:43,0
DA:44,0
DA:47,0
DA:48,0
DA:49,0
DA:51,0
DA:55,0
DA:56,0
DA:60,0
DA:64,0
DA:65,0
DA:66,0
DA:67,0
DA:68,0
DA:75,0
DA:76,0
DA:77,0
DA:83,0
DA:88,0
DA:89,0
DA:90,0
DA:91,0
DA:93,0
DA:94,0
DA:95,0
DA:97,0
DA:98,0
DA:100,0
DA:101,0
DA:102,0
DA:106,0
DA:107,0
DA:110,0
DA:116,0
DA:117,0
DA:118,0
DA:121,0
DA:122,0
DA:125,0
DA:126,0
DA:127,0
DA:130,0
DA:131,0
DA:135,0
LF:67
LH:0
BRDA:8,0,0,0
BRDA:8,0,1,0
BRDA:9,1,0,0
BRDA:9,1,1,0
BRDA:10,2,0,0
BRDA:10,2,1,0
BRDA:15,3,0,0
BRDA:15,3,1,0
BRDA:30,4,0,0
BRDA:30,4,1,0
BRDA:48,5,0,0
BRDA:48,5,1,0
BRDA:67,6,0,0
BRDA:67,6,1,0
BRDA:76,7,0,0
BRDA:76,7,1,0
BRDA:95,8,0,0
BRDA:95,8,1,0
BRDA:100,9,0,0
BRDA:100,9,1,0
BRDA:106,10,0,0
BRDA:106,10,1,0
BRDA:116,11,0,0
BRDA:116,11,1,0
BRDA:125,12,0,0
BRDA:125,12,1,0
BRF:26
BRH:0
end_of_record
TN:
SF:services\configBackupService.js
FN:19,getEncryptionKey
FN:32,encrypt
FN:57,decrypt
FN:78,encryptCredentials
FN:85,decryptCredentials
FN:108,backupViaSsh
FN:109,(anonymous_6)
FN:123,(anonymous_7)
FN:128,(anonymous_8)
FN:132,(anonymous_9)
FN:138,(anonymous_10)
FN:147,(anonymous_11)
FN:151,(anonymous_12)
FN:157,(anonymous_13)
FN:170,(anonymous_14)
FN:182,saveEncryptedConfig
FN:213,loadDecryptedConfig
FN:229,deleteBackupFile
FN:244,listBackupFiles
FN:252,(anonymous_19)
FN:253,(anonymous_20)
FN:259,(anonymous_21)
FN:269,(anonymous_22)
FNF:23
FNH:0
FNDA:0,getEncryptionKey
FNDA:0,encrypt
FNDA:0,decrypt
FNDA:0,encryptCredentials
FNDA:0,decryptCredentials
FNDA:0,backupViaSsh
FNDA:0,(anonymous_6)
FNDA:0,(anonymous_7)
FNDA:0,(anonymous_8)
FNDA:0,(anonymous_9)
FNDA:0,(anonymous_10)
FNDA:0,(anonymous_11)
FNDA:0,(anonymous_12)
FNDA:0,(anonymous_13)
FNDA:0,(anonymous_14)
FNDA:0,saveEncryptedConfig
FNDA:0,loadDecryptedConfig
FNDA:0,deleteBackupFile
FNDA:0,listBackupFiles
FNDA:0,(anonymous_19)
FNDA:0,(anonymous_20)
FNDA:0,(anonymous_21)
FNDA:0,(anonymous_22)
DA:7,0
DA:8,0
DA:9,0
DA:10,0
DA:13,0
DA:14,0
DA:15,0
DA:16,0
DA:20,0
DA:21,0
DA:22,0
DA:24,0
DA:33,0
DA:34,0
DA:35,0
DA:37,0
DA:38,0
DA:40,0
DA:43,0
DA:49,0
DA:58,0
DA:59,0
DA:62,0
DA:63,0
DA:64,0
DA:66,0
DA:67,0
DA:69,0
DA:70,0
DA:72,0
DA:79,0
DA:86,0
DA:92,0
DA:109,0
DA:110,0
DA:112,0
DA:113,0
DA:114,0
DA:117,0
DA:118,0
DA:119,0
DA:123,0
DA:124,0
DA:125,0
DA:128,0
DA:129,0
DA:130,0
DA:132,0
DA:133,0
DA:134,0
DA:135,0
DA:138,0
DA:139,0
DA:140,0
DA:141,0
DA:143,0
DA:147,0
DA:148,0
DA:151,0
DA:152,0
DA:157,0
DA:158,0
DA:159,0
DA:163,0
DA:170,0
DA:183,0
DA:186,0
DA:187,0
DA:191,0
DA:192,0
DA:193,0
DA:194,0
DA:197,0
DA:198,0
DA:200,0
DA:214,0
DA:216,0
DA:217,0
DA:220,0
DA:221,0
DA:230,0
DA:232,0
DA:233,0
DA:234,0
DA:236,0
DA:245,0
DA:247,0
DA:248,0
DA:251,0
DA:252,0
DA:254,0
DA:255,0
DA:258,0
DA:259,0
DA:260,0
DA:262,0
DA:269,0
DA:272,0
LF:98
LH:0
BRDA:21,0,0,0
BRDA:21,0,1,0
BRDA:21,1,0,0
BRDA:21,1,1,0
BRDA:110,2,0,0
BRDA:110,3,0,0
BRDA:113,4,0,0
BRDA:113,4,1,0
BRDA:133,5,0,0
BRDA:133,5,1,0
BRDA:140,6,0,0
BRDA:140,6,1,0
BRDA:140,7,0,0
BRDA:140,7,1,0
BRDA:182,8,0,0
BRDA:186,9,0,0
BRDA:186,9,1,0
BRDA:216,10,0,0
BRDA:216,10,1,0
BRDA:232,11,0,0
BRDA:232,11,1,0
BRDA:247,12,0,0
BRDA:247,12,1,0
BRDA:259,13,0,0
BRDA:259,13,1,0
BRDA:260,14,0,0
BRDA:260,14,1,0
BRF:27
BRH:0
end_of_record
TN:
SF:services\databaseService.js
FN:29,initializeSchema
FN:331,storeTrafficEntry
FN:349,getTrafficHistory
FN:363,getLastTrafficEntry
FN:375,cleanupTrafficHistory
FN:386,getTrafficHistoryByTimeRange
FN:415,storeLog
FN:431,getLogs
FN:454,storeAuditLog
FN:470,getAuditLogs
FN:473,(anonymous_10)
FN:491,getAllHostGroups
FN:495,createHostGroup
FN:499,updateHostGroup
FN:504,deleteHostGroup
FN:511,getAllHosts
FN:512,(anonymous_16)
FN:525,getHostById
FN:541,createHost
FN:556,updateHost
FN:581,deleteHost
FN:588,getAllUsers
FN:590,(anonymous_22)
FN:600,getUserById
FN:604,getUserByUsername
FN:608,createUser
FN:617,updateUser
FN:633,deleteUser
FN:640,getAllTickets
FN:641,(anonymous_29)
FN:652,getTicketById
FN:669,createTicket
FN:697,updateTicket
FN:734,deleteTicket
FN:740,getTicketComments
FN:742,(anonymous_35)
FN:752,addTicketComment
FN:761,deleteTicketComment
FN:768,getSetting
FN:773,setSetting
FN:780,getAllSettings
FN:792,migrateFromJson
FN:802,(anonymous_42)
FN:817,(anonymous_43)
FN:847,migrateAllFromJson
FN:855,(anonymous_45)
FN:871,(anonymous_46)
FN:887,(anonymous_47)
FN:908,(anonymous_48)
FN:967,storePingEntry
FN:985,getPingHistory
FN:989,(anonymous_51)
FN:1004,loadAllPingHistory
FN:1034,cleanupOldPingHistory
FN:1049,(anonymous_54)
FN:1050,(anonymous_55)
FN:1051,(anonymous_56)
FN:1052,(anonymous_57)
FN:1135,storeConfigBackup
FN:1145,getConfigBackups
FN:1154,getConfigBackupById
FN:1163,deleteConfigBackup
FNF:62
FNH:9
FNDA:1,initializeSchema
FNDA:1,storeTrafficEntry
FNDA:1,getTrafficHistory
FNDA:0,getLastTrafficEntry
FNDA:0,cleanupTrafficHistory
FNDA:1,getTrafficHistoryByTimeRange
FNDA:0,storeLog
FNDA:0,getLogs
FNDA:0,storeAuditLog
FNDA:0,getAuditLogs
FNDA:0,(anonymous_10)
FNDA:0,getAllHostGroups
FNDA:0,createHostGroup
FNDA:0,updateHostGroup
FNDA:0,deleteHostGroup
FNDA:1,getAllHosts
FNDA:0,(anonymous_16)
FNDA:1,getHostById
FNDA:0,createHost
FNDA:0,updateHost
FNDA:0,deleteHost
FNDA:1,getAllUsers
FNDA:0,(anonymous_22)
FNDA:0,getUserById
FNDA:1,getUserByUsername
FNDA:0,createUser
FNDA:0,updateUser
FNDA:0,deleteUser
FNDA:0,getAllTickets
FNDA:0,(anonymous_29)
FNDA:0,getTicketById
FNDA:0,createTicket
FNDA:0,updateTicket
FNDA:0,deleteTicket
FNDA:0,getTicketComments
FNDA:0,(anonymous_35)
FNDA:0,addTicketComment
FNDA:0,deleteTicketComment
FNDA:1,getSetting
FNDA:0,setSetting
FNDA:0,getAllSettings
FNDA:0,migrateFromJson
FNDA:0,(anonymous_42)
FNDA:0,(anonymous_43)
FNDA:0,migrateAllFromJson
FNDA:0,(anonymous_45)
FNDA:0,(anonymous_46)
FNDA:0,(anonymous_47)
FNDA:0,(anonymous_48)
FNDA:0,storePingEntry
FNDA:0,getPingHistory
FNDA:0,(anonymous_51)
FNDA:0,loadAllPingHistory
FNDA:0,cleanupOldPingHistory
FNDA:0,(anonymous_54)
FNDA:0,(anonymous_55)
FNDA:0,(anonymous_56)
FNDA:0,(anonymous_57)
FNDA:0,storeConfigBackup
FNDA:0,getConfigBackups
FNDA:0,getConfigBackupById
FNDA:0,deleteConfigBackup
DA:6,1
DA:7,1
DA:8,1
DA:11,1
DA:12,1
DA:15,1
DA:16,0
DA:20,1
DA:21,1
DA:24,1
DA:31,1
DA:48,1
DA:68,1
DA:89,1
DA:99,1
DA:125,1
DA:140,1
DA:165,1
DA:181,1
DA:190,1
DA:201,1
DA:219,1
DA:232,1
DA:244,1
DA:257,1
DA:272,1
DA:288,1
DA:292,1
DA:297,1
DA:302,1
DA:310,1
DA:318,1
DA:332,1
DA:333,1
DA:342,0
DA:350,1
DA:351,1
DA:353,1
DA:355,0
DA:356,0
DA:364,0
DA:365,0
DA:367,0
DA:368,0
DA:376,0
DA:377,0
DA:379,0
DA:387,1
DA:388,1
DA:394,1
DA:396,0
DA:397,0
DA:404,1
DA:409,1
DA:416,0
DA:417,0
DA:427,0
DA:432,0
DA:433,0
DA:435,0
DA:436,0
DA:443,1
DA:448,1
DA:455,0
DA:456,0
DA:466,0
DA:471,0
DA:472,0
DA:473,0
DA:478,0
DA:479,0
DA:486,1
DA:492,0
DA:496,0
DA:500,0
DA:501,0
DA:505,0
DA:512,1
DA:526,1
DA:527,1
DA:528,0
DA:542,0
DA:548,0
DA:557,0
DA:558,0
DA:560,0
DA:561,0
DA:562,0
DA:563,0
DA:564,0
DA:565,0
DA:566,0
DA:567,0
DA:568,0
DA:569,0
DA:570,0
DA:571,0
DA:572,0
DA:573,0
DA:575,0
DA:577,0
DA:578,0
DA:582,0
DA:589,1
DA:590,0
DA:601,0
DA:605,1
DA:609,0
DA:613,0
DA:618,0
DA:619,0
DA:621,0
DA:622,0
DA:623,0
DA:624,0
DA:625,0
DA:627,0
DA:629,0
DA:630,0
DA:634,0
DA:641,0
DA:653,0
DA:654,0
DA:655,0
DA:667,1
DA:671,0
DA:672,0
DA:673,0
DA:674,0
DA:676,0
DA:677,0
DA:678,0
DA:680,0
DA:684,0
DA:689,0
DA:698,0
DA:699,0
DA:702,0
DA:703,0
DA:704,0
DA:705,0
DA:706,0
DA:707,0
DA:708,0
DA:709,0
DA:711,0
DA:714,0
DA:715,0
DA:717,0
DA:718,0
DA:719,0
DA:720,0
DA:721,0
DA:722,0
DA:723,0
DA:724,0
DA:725,0
DA:726,0
DA:728,0
DA:730,0
DA:731,0
DA:735,0
DA:736,0
DA:741,0
DA:742,0
DA:753,0
DA:757,0
DA:762,0
DA:769,1
DA:770,1
DA:774,0
DA:781,0
DA:782,0
DA:783,0
DA:784,0
DA:786,0
DA:793,0
DA:796,0
DA:797,0
DA:798,0
DA:799,0
DA:802,0
DA:803,0
DA:804,0
DA:815,0
DA:816,0
DA:817,0
DA:826,0
DA:827,0
DA:831,0
DA:834,0
DA:835,0
DA:836,0
DA:839,0
DA:848,0
DA:851,0
DA:852,0
DA:853,0
DA:854,0
DA:855,0
DA:856,0
DA:857,0
DA:860,0
DA:862,0
DA:867,0
DA:868,0
DA:869,0
DA:870,0
DA:871,0
DA:872,0
DA:873,0
DA:876,0
DA:878,0
DA:883,0
DA:884,0
DA:885,0
DA:886,0
DA:887,0
DA:888,0
DA:889,0
DA:890,0
DA:891,0
DA:892,0
DA:897,0
DA:899,0
DA:904,0
DA:905,0
DA:906,0
DA:907,0
DA:908,0
DA:909,0
DA:910,0
DA:913,0
DA:915,0
DA:920,0
DA:921,0
DA:922,0
DA:923,0
DA:924,0
DA:925,0
DA:927,0
DA:929,0
DA:933,0
DA:940,1
DA:945,1
DA:952,1
DA:957,1
DA:968,0
DA:969,0
DA:976,0
DA:986,0
DA:987,0
DA:988,0
DA:989,0
DA:995,0
DA:996,0
DA:1005,0
DA:1006,0
DA:1007,0
DA:1010,0
DA:1011,0
DA:1012,0
DA:1013,0
DA:1015,0
DA:1022,0
DA:1023,0
DA:1025,0
DA:1026,0
DA:1035,0
DA:1036,0
DA:1037,0
DA:1038,0
DA:1039,0
DA:1042,0
DA:1049,1
DA:1050,1
DA:1051,1
DA:1052,1
DA:1054,1
DA:1118,1
DA:1123,1
DA:1127,1
DA:1131,1
DA:1136,0
DA:1137,0
DA:1138,0
DA:1140,0
DA:1141,0
DA:1146,0
DA:1147,0
DA:1149,0
DA:1150,0
DA:1155,0
DA:1156,0
DA:1158,0
DA:1159,0
DA:1164,0
DA:1165,0
DA:1166,0
DA:1168,0
DA:1169,0
LF:301
LH:65
BRDA:15,0,0,0
BRDA:15,0,1,1
BRDA:338,1,0,1
BRDA:338,1,1,0
BRDA:339,2,0,1
BRDA:339,2,1,0
BRDA:349,3,0,0
BRDA:365,4,0,0
BRDA:365,4,1,0
BRDA:375,5,0,0
BRDA:424,6,0,0
BRDA:424,6,1,0
BRDA:431,7,0,0
BRDA:461,8,0,0
BRDA:461,8,1,0
BRDA:470,9,0,0
BRDA:475,10,0,0
BRDA:475,10,1,0
BRDA:527,11,0,1
BRDA:527,11,1,0
BRDA:549,12,0,0
BRDA:549,12,1,0
BRDA:551,13,0,0
BRDA:551,13,1,0
BRDA:551,14,0,0
BRDA:551,14,1,0
BRDA:560,15,0,0
BRDA:560,15,1,0
BRDA:561,16,0,0
BRDA:561,16,1,0
BRDA:562,17,0,0
BRDA:562,17,1,0
BRDA:563,18,0,0
BRDA:563,18,1,0
BRDA:564,19,0,0
BRDA:564,19,1,0
BRDA:565,20,0,0
BRDA:565,20,1,0
BRDA:566,21,0,0
BRDA:566,21,1,0
BRDA:567,22,0,0
BRDA:567,22,1,0
BRDA:568,23,0,0
BRDA:568,23,1,0
BRDA:568,24,0,0
BRDA:568,24,1,0
BRDA:569,25,0,0
BRDA:569,25,1,0
BRDA:570,26,0,0
BRDA:570,26,1,0
BRDA:571,27,0,0
BRDA:571,27,1,0
BRDA:572,28,0,0
BRDA:572,28,1,0
BRDA:573,29,0,0
BRDA:573,29,1,0
BRDA:575,30,0,0
BRDA:575,30,1,0
BRDA:613,31,0,0
BRDA:613,31,1,0
BRDA:614,32,0,0
BRDA:614,32,1,0
BRDA:621,33,0,0
BRDA:621,33,1,0
BRDA:622,34,0,0
BRDA:622,34,1,0
BRDA:623,35,0,0
BRDA:623,35,1,0
BRDA:624,36,0,0
BRDA:624,36,1,0
BRDA:625,37,0,0
BRDA:625,37,1,0
BRDA:625,38,0,0
BRDA:625,38,1,0
BRDA:627,39,0,0
BRDA:627,39,1,0
BRDA:654,40,0,0
BRDA:654,40,1,0
BRDA:672,41,0,0
BRDA:672,41,1,0
BRDA:674,42,0,0
BRDA:674,42,1,0
BRDA:676,43,0,0
BRDA:676,43,1,0
BRDA:690,44,0,0
BRDA:690,44,1,0
BRDA:691,45,0,0
BRDA:691,45,1,0
BRDA:692,46,0,0
BRDA:692,46,1,0
BRDA:702,47,0,0
BRDA:702,47,1,0
BRDA:704,48,0,0
BRDA:704,48,1,0
BRDA:706,49,0,0
BRDA:706,49,1,0
BRDA:707,50,0,0
BRDA:707,50,1,0
BRDA:717,51,0,0
BRDA:717,51,1,0
BRDA:718,52,0,0
BRDA:718,52,1,0
BRDA:719,53,0,0
BRDA:719,53,1,0
BRDA:720,54,0,0
BRDA:720,54,1,0
BRDA:721,55,0,0
BRDA:721,55,1,0
BRDA:722,56,0,0
BRDA:722,56,1,0
BRDA:723,57,0,0
BRDA:723,57,1,0
BRDA:724,58,0,0
BRDA:724,58,1,0
BRDA:725,59,0,0
BRDA:725,59,1,0
BRDA:726,60,0,0
BRDA:726,60,1,0
BRDA:728,61,0,0
BRDA:728,61,1,0
BRDA:747,62,0,0
BRDA:747,62,1,0
BRDA:758,63,0,0
BRDA:758,63,1,0
BRDA:758,64,0,0
BRDA:758,64,1,0
BRDA:770,65,0,0
BRDA:770,65,1,1
BRDA:796,66,0,0
BRDA:796,66,1,0
BRDA:807,67,0,0
BRDA:807,67,1,0
BRDA:808,68,0,0
BRDA:808,68,1,0
BRDA:809,69,0,0
BRDA:809,69,1,0
BRDA:810,70,0,0
BRDA:810,70,1,0
BRDA:816,71,0,0
BRDA:816,71,1,0
BRDA:816,72,0,0
BRDA:816,72,1,0
BRDA:822,73,0,0
BRDA:822,73,1,0
BRDA:823,74,0,0
BRDA:823,74,1,0
BRDA:852,75,0,0
BRDA:852,75,1,0
BRDA:868,76,0,0
BRDA:868,76,1,0
BRDA:884,77,0,0
BRDA:884,77,1,0
BRDA:890,78,0,0
BRDA:890,78,1,0
BRDA:905,79,0,0
BRDA:905,79,1,0
BRDA:921,80,0,0
BRDA:921,80,1,0
BRDA:972,81,0,0
BRDA:972,81,1,0
BRDA:973,82,0,0
BRDA:973,82,1,0
BRDA:985,83,0,0
BRDA:1004,84,0,0
BRDA:1012,85,0,0
BRDA:1012,85,1,0
BRDA:1034,86,0,0
BRDA:1038,87,0,0
BRDA:1038,87,1,0
BRDA:1135,88,0,0
BRDA:1145,89,0,0
BRF:171
BRH:5
end_of_record
TN:
SF:services\notificationService.js
FN:22,configureTelegram
FN:29,configurePush
FN:37,getConfigStatus
FN:61,(anonymous_3)
FN:64,(anonymous_4)
FN:68,(anonymous_5)
FN:73,(anonymous_6)
FN:84,(anonymous_7)
FN:85,(anonymous_8)
FN:99,(anonymous_9)
FN:111,(anonymous_10)
FN:124,(anonymous_11)
FN:132,(anonymous_12)
FN:140,(anonymous_13)
FN:146,(anonymous_14)
FN:151,(anonymous_15)
FN:166,(anonymous_16)
FN:168,(anonymous_17)
FN:169,(anonymous_18)
FN:187,(anonymous_19)
FN:196,(anonymous_20)
FN:200,(anonymous_21)
FN:213,sendTelegram
FN:221,sendPushToAll
FN:245,getTelegramStatus
FNF:25
FNH:0
FNDA:0,configureTelegram
FNDA:0,configurePush
FNDA:0,getConfigStatus
FNDA:0,(anonymous_3)
FNDA:0,(anonymous_4)
FNDA:0,(anonymous_5)
FNDA:0,(anonymous_6)
FNDA:0,(anonymous_7)
FNDA:0,(anonymous_8)
FNDA:0,(anonymous_9)
FNDA:0,(anonymous_10)
FNDA:0,(anonymous_11)
FNDA:0,(anonymous_12)
FNDA:0,(anonymous_13)
FNDA:0,(anonymous_14)
FNDA:0,(anonymous_15)
FNDA:0,(anonymous_16)
FNDA:0,(anonymous_17)
FNDA:0,(anonymous_18)
FNDA:0,(anonymous_19)
FNDA:0,(anonymous_20)
FNDA:0,(anonymous_21)
FNDA:0,sendTelegram
FNDA:0,sendPushToAll
FNDA:0,getTelegramStatus
DA:6,0
DA:11,0
DA:16,0
DA:17,0
DA:23,0
DA:30,0
DA:31,0
DA:38,0
DA:52,0
DA:62,0
DA:63,0
DA:64,0
DA:65,0
DA:69,0
DA:71,0
DA:72,0
DA:73,0
DA:75,0
DA:76,0
DA:79,0
DA:80,0
DA:81,0
DA:85,0
DA:86,0
DA:87,0
DA:88,0
DA:89,0
DA:91,0
DA:92,0
DA:93,0
DA:95,0
DA:100,0
DA:102,0
DA:104,0
DA:105,0
DA:108,0
DA:109,0
DA:110,0
DA:111,0
DA:114,0
DA:115,0
DA:116,0
DA:117,0
DA:119,0
DA:122,0
DA:123,0
DA:124,0
DA:125,0
DA:129,0
DA:130,0
DA:131,0
DA:132,0
DA:134,0
DA:135,0
DA:140,0
DA:143,0
DA:147,0
DA:148,0
DA:151,0
DA:152,0
DA:158,0
DA:166,0
DA:167,0
DA:168,0
DA:169,0
DA:170,0
DA:171,0
DA:172,0
DA:174,0
DA:175,0
DA:176,0
DA:177,0
DA:178,0
DA:179,0
DA:182,0
DA:187,0
DA:188,0
DA:189,0
DA:191,0
DA:192,0
DA:197,0
DA:200,0
DA:214,0
DA:215,0
DA:222,0
DA:223,0
DA:226,0
DA:227,0
DA:229,0
DA:230,0
DA:231,0
DA:232,0
DA:234,0
DA:235,0
DA:239,0
DA:246,0
DA:252,0
LF:97
LH:0
BRDA:40,0,0,0
BRDA:40,0,1,0
BRDA:69,1,0,0
BRDA:69,1,1,0
BRDA:75,2,0,0
BRDA:75,2,1,0
BRDA:86,3,0,0
BRDA:86,3,1,0
BRDA:87,4,0,0
BRDA:87,4,1,0
BRDA:100,5,0,0
BRDA:100,5,1,0
BRDA:100,6,0,0
BRDA:100,6,1,0
BRDA:108,7,0,0
BRDA:108,7,1,0
BRDA:122,8,0,0
BRDA:122,8,1,0
BRDA:129,9,0,0
BRDA:129,9,1,0
BRDA:147,10,0,0
BRDA:147,10,1,0
BRDA:147,11,0,0
BRDA:147,11,1,0
BRDA:170,12,0,0
BRDA:170,12,1,0
BRDA:178,13,0,0
BRDA:178,13,1,0
BRDA:178,14,0,0
BRDA:178,14,1,0
BRDA:222,15,0,0
BRDA:222,15,1,0
BRDA:222,16,0,0
BRDA:222,16,1,0
BRF:34
BRH:0
end_of_record
TN:
SF:services\pingService.js
FN:23,configure
FN:35,isValidHost
FN:56,singlePing
FN:89,pingHost
FN:140,quickPing
FN:160,(anonymous_5)
FNF:6
FNH:0
FNDA:0,configure
FNDA:0,isValidHost
FNDA:0,singlePing
FNDA:0,pingHost
FNDA:0,quickPing
FNDA:0,(anonymous_5)
DA:6,0
DA:11,0
DA:17,0
DA:24,0
DA:36,0
DA:39,0
DA:40,0
DA:43,0
DA:45,0
DA:57,0
DA:58,0
DA:63,0
DA:70,0
DA:91,0
DA:92,0
DA:102,0
DA:103,0
DA:105,0
DA:106,0
DA:107,0
DA:109,0
DA:111,0
DA:112,0
DA:116,0
DA:117,0
DA:122,0
DA:123,0
DA:141,0
DA:142,0
DA:151,0
DA:157,0
DA:160,0
LF:32
LH:0
BRDA:36,0,0,0
BRDA:36,0,1,0
BRDA:36,1,0,0
BRDA:36,1,1,0
BRDA:43,2,0,0
BRDA:43,2,1,0
BRDA:45,3,0,0
BRDA:45,3,1,0
BRDA:66,4,0,0
BRDA:66,4,1,0
BRDA:91,5,0,0
BRDA:91,5,1,0
BRDA:109,6,0,0
BRDA:109,6,1,0
BRDA:116,7,0,0
BRDA:116,7,1,0
BRDA:116,8,0,0
BRDA:116,8,1,0
BRDA:116,8,2,0
BRDA:141,9,0,0
BRDA:141,9,1,0
BRF:21
BRH:0
end_of_record
TN:
SF:services\snmpService.js
FN:28,createSession
FN:47,getInterfaces
FN:48,(anonymous_2)
FN:56,(anonymous_3)
FN:91,(anonymous_4)
FN:98,(anonymous_5)
FN:114,(anonymous_6)
FN:129,(anonymous_7)
FN:143,(anonymous_8)
FN:157,continueWithStatusAndSpeed
FN:160,(anonymous_10)
FN:166,(anonymous_11)
FN:178,(anonymous_12)
FN:183,(anonymous_13)
FN:200,(anonymous_14)
FN:213,extractName
FN:228,continueWithStatusAndSpeedFinal
FN:230,(anonymous_17)
FN:239,(anonymous_18)
FN:243,(anonymous_19)
FN:251,(anonymous_20)
FN:258,(anonymous_21)
FN:274,getInterfaceTraffic
FN:275,(anonymous_23)
FN:293,(anonymous_24)
FN:350,readUInt64BE
FNF:26
FNH:0
FNDA:0,createSession
FNDA:0,getInterfaces
FNDA:0,(anonymous_2)
FNDA:0,(anonymous_3)
FNDA:0,(anonymous_4)
FNDA:0,(anonymous_5)
FNDA:0,(anonymous_6)
FNDA:0,(anonymous_7)
FNDA:0,(anonymous_8)
FNDA:0,continueWithStatusAndSpeed
FNDA:0,(anonymous_10)
FNDA:0,(anonymous_11)
FNDA:0,(anonymous_12)
FNDA:0,(anonymous_13)
FNDA:0,(anonymous_14)
FNDA:0,extractName
FNDA:0,continueWithStatusAndSpeedFinal
FNDA:0,(anonymous_17)
FNDA:0,(anonymous_18)
FNDA:0,(anonymous_19)
FNDA:0,(anonymous_20)
FNDA:0,(anonymous_21)
FNDA:0,getInterfaceTraffic
FNDA:0,(anonymous_23)
FNDA:0,(anonymous_24)
FNDA:0,readUInt64BE
DA:1,0
DA:4,0
DA:29,0
DA:40,0
DA:48,0
DA:49,0
DA:50,0
DA:51,0
DA:53,0
DA:56,0
DA:57,0
DA:59,0
DA:60,0
DA:61,0
DA:62,0
DA:65,0
DA:67,0
DA:68,0
DA:69,0
DA:70,0
DA:71,0
DA:73,0
DA:77,0
DA:78,0
DA:81,0
DA:90,0
DA:93,0
DA:94,0
DA:97,0
DA:98,0
DA:99,0
DA:100,0
DA:101,0
DA:102,0
DA:103,0
DA:113,0
DA:115,0
DA:116,0
DA:119,0
DA:121,0
DA:124,0
DA:127,0
DA:128,0
DA:129,0
DA:130,0
DA:131,0
DA:132,0
DA:133,0
DA:142,0
DA:144,0
DA:145,0
DA:148,0
DA:159,0
DA:160,0
DA:163,0
DA:164,0
DA:166,0
DA:167,0
DA:168,0
DA:169,0
DA:170,0
DA:171,0
DA:172,0
DA:173,0
DA:174,0
DA:179,0
DA:182,0
DA:183,0
DA:184,0
DA:185,0
DA:186,0
DA:187,0
DA:188,0
DA:189,0
DA:191,0
DA:193,0
DA:194,0
DA:195,0
DA:201,0
DA:202,0
DA:206,0
DA:214,0
DA:215,0
DA:216,0
DA:217,0
DA:218,0
DA:220,0
DA:222,0
DA:230,0
DA:231,0
DA:232,0
DA:233,0
DA:234,0
DA:235,0
DA:236,0
DA:240,0
DA:243,0
DA:244,0
DA:245,0
DA:246,0
DA:247,0
DA:248,0
DA:252,0
DA:255,0
DA:257,0
DA:258,0
DA:260,0
DA:261,0
DA:262,0
DA:264,0
DA:275,0
DA:276,0
DA:279,0
DA:293,0
DA:294,0
DA:296,0
DA:297,0
DA:300,0
DA:311,0
DA:312,0
DA:313,0
DA:318,0
DA:319,0
DA:321,0
DA:325,0
DA:332,0
DA:333,0
DA:334,0
DA:339,0
DA:341,0
DA:351,0
DA:353,0
DA:354,0
DA:355,0
DA:362,0
DA:365,0
DA:369,0
LF:137
LH:0
BRDA:28,0,0,0
BRDA:35,1,0,0
BRDA:35,1,1,0
BRDA:47,2,0,0
BRDA:60,3,0,0
BRDA:60,3,1,0
BRDA:68,4,0,0
BRDA:68,4,1,0
BRDA:70,5,0,0
BRDA:70,5,1,0
BRDA:77,6,0,0
BRDA:77,6,1,0
BRDA:93,7,0,0
BRDA:93,7,1,0
BRDA:100,8,0,0
BRDA:100,8,1,0
BRDA:102,9,0,0
BRDA:102,9,1,0
BRDA:115,10,0,0
BRDA:115,10,1,0
BRDA:127,11,0,0
BRDA:127,11,1,0
BRDA:131,12,0,0
BRDA:131,12,1,0
BRDA:144,13,0,0
BRDA:144,13,1,0
BRDA:163,14,0,0
BRDA:163,14,1,0
BRDA:168,15,0,0
BRDA:168,15,1,0
BRDA:170,16,0,0
BRDA:170,16,1,0
BRDA:172,17,0,0
BRDA:172,17,1,0
BRDA:172,18,0,0
BRDA:172,18,1,0
BRDA:179,19,0,0
BRDA:179,19,1,0
BRDA:185,20,0,0
BRDA:185,20,1,0
BRDA:187,21,0,0
BRDA:187,21,1,0
BRDA:189,22,0,0
BRDA:189,22,1,0
BRDA:193,23,0,0
BRDA:193,23,1,0
BRDA:201,24,0,0
BRDA:201,24,1,0
BRDA:215,25,0,0
BRDA:215,25,1,0
BRDA:217,26,0,0
BRDA:217,26,1,0
BRDA:232,27,0,0
BRDA:232,27,1,0
BRDA:234,28,0,0
BRDA:234,28,1,0
BRDA:235,29,0,0
BRDA:235,29,1,0
BRDA:240,30,0,0
BRDA:240,30,1,0
BRDA:245,31,0,0
BRDA:245,31,1,0
BRDA:247,32,0,0
BRDA:247,32,1,0
BRDA:252,33,0,0
BRDA:252,33,1,0
BRDA:261,34,0,0
BRDA:261,34,1,0
BRDA:274,35,0,0
BRDA:296,36,0,0
BRDA:296,36,1,0
BRDA:311,37,0,0
BRDA:311,37,1,0
BRDA:312,38,0,0
BRDA:312,38,1,0
BRDA:313,39,0,0
BRDA:313,39,1,0
BRDA:313,40,0,0
BRDA:313,40,1,0
BRDA:321,41,0,0
BRDA:321,41,1,0
BRDA:321,42,0,0
BRDA:321,42,1,0
BRDA:325,43,0,0
BRDA:325,43,1,0
BRDA:339,44,0,0
BRDA:339,44,1,0
BRDA:351,45,0,0
BRDA:351,45,1,0
BRF:89
BRH:0
end_of_record
TN:
SF:services\wafService.js
FN:162,loadAttackLogs
FN:175,saveAttackLogs
FN:184,logAttack
FN:215,checkPatterns
FN:227,deepCheck
FN:250,wafMiddleware
FN:256,(anonymous_6)
FN:401,getWafStats
FN:406,(anonymous_8)
FN:407,(anonymous_9)
FNF:10
FNH:0
FNDA:0,loadAttackLogs
FNDA:0,saveAttackLogs
FNDA:0,logAttack
FNDA:0,checkPatterns
FNDA:0,deepCheck
FNDA:0,wafMiddleware
FNDA:0,(anonymous_6)
FNDA:0,getWafStats
FNDA:0,(anonymous_8)
FNDA:0,(anonymous_9)
DA:12,0
DA:13,0
DA:16,0
DA:40,0
DA:158,0
DA:159,0
DA:163,0
DA:164,0
DA:165,0
DA:166,0
DA:169,0
DA:170,0
DA:176,0
DA:177,0
DA:179,0
DA:185,0
DA:199,0
DA:202,0
DA:203,0
DA:207,0
DA:209,0
DA:211,0
DA:216,0
DA:218,0
DA:219,0
DA:220,0
DA:223,0
DA:228,0
DA:230,0
DA:231,0
DA:232,0
DA:233,0
DA:234,0
DA:235,0
DA:237,0
DA:238,0
DA:240,0
DA:241,0
DA:242,0
DA:246,0
DA:251,0
DA:252,0
DA:256,0
DA:257,0
DA:260,0
DA:261,0
DA:262,0
DA:265,0
DA:269,0
DA:272,0
DA:273,0
DA:274,0
DA:279,0
DA:280,0
DA:284,0
DA:285,0
DA:286,0
DA:287,0
DA:292,0
DA:293,0
DA:294,0
DA:295,0
DA:296,0
DA:298,0
DA:299,0
DA:307,0
DA:308,0
DA:309,0
DA:312,0
DA:313,0
DA:314,0
DA:315,0
DA:317,0
DA:318,0
DA:326,0
DA:327,0
DA:328,0
DA:329,0
DA:331,0
DA:332,0
DA:340,0
DA:341,0
DA:342,0
DA:343,0
DA:345,0
DA:346,0
DA:354,0
DA:355,0
DA:356,0
DA:357,0
DA:359,0
DA:360,0
DA:368,0
DA:369,0
DA:370,0
DA:371,0
DA:373,0
DA:374,0
DA:382,0
DA:383,0
DA:384,0
DA:385,0
DA:387,0
DA:388,0
DA:397,0
DA:402,0
DA:403,0
DA:404,0
DA:406,0
DA:407,0
DA:409,0
DA:410,0
DA:411,0
DA:414,0
DA:424,0
DA:426,0
LF:116
LH:0
BRDA:164,0,0,0
BRDA:164,0,1,0
BRDA:188,1,0,0
BRDA:188,1,1,0
BRDA:196,2,0,0
BRDA:196,2,1,0
BRDA:202,3,0,0
BRDA:202,3,1,0
BRDA:216,4,0,0
BRDA:216,4,1,0
BRDA:216,5,0,0
BRDA:216,5,1,0
BRDA:219,6,0,0
BRDA:219,6,1,0
BRDA:227,7,0,0
BRDA:228,8,0,0
BRDA:228,8,1,0
BRDA:230,9,0,0
BRDA:230,9,1,0
BRDA:232,10,0,0
BRDA:232,10,1,0
BRDA:233,11,0,0
BRDA:233,11,1,0
BRDA:237,12,0,0
BRDA:237,12,1,0
BRDA:241,13,0,0
BRDA:241,13,1,0
BRDA:251,14,0,0
BRDA:251,14,1,0
BRDA:256,15,0,0
BRDA:256,15,1,0
BRDA:260,16,0,0
BRDA:260,16,1,0
BRDA:261,17,0,0
BRDA:261,17,1,0
BRDA:272,18,0,0
BRDA:272,18,1,0
BRDA:279,19,0,0
BRDA:279,19,1,0
BRDA:279,20,0,0
BRDA:279,20,1,0
BRDA:286,21,0,0
BRDA:286,21,1,0
BRDA:292,22,0,0
BRDA:292,22,1,0
BRDA:294,23,0,0
BRDA:294,23,1,0
BRDA:295,24,0,0
BRDA:295,24,1,0
BRDA:298,25,0,0
BRDA:298,25,1,0
BRDA:309,26,0,0
BRDA:309,26,1,0
BRDA:313,27,0,0
BRDA:313,27,1,0
BRDA:314,28,0,0
BRDA:314,28,1,0
BRDA:317,29,0,0
BRDA:317,29,1,0
BRDA:327,30,0,0
BRDA:327,30,1,0
BRDA:328,31,0,0
BRDA:328,31,1,0
BRDA:331,32,0,0
BRDA:331,32,1,0
BRDA:341,33,0,0
BRDA:341,33,1,0
BRDA:342,34,0,0
BRDA:342,34,1,0
BRDA:345,35,0,0
BRDA:345,35,1,0
BRDA:355,36,0,0
BRDA:355,36,1,0
BRDA:356,37,0,0
BRDA:356,37,1,0
BRDA:359,38,0,0
BRDA:359,38,1,0
BRDA:369,39,0,0
BRDA:369,39,1,0
BRDA:370,40,0,0
BRDA:370,40,1,0
BRDA:373,41,0,0
BRDA:373,41,1,0
BRDA:383,42,0,0
BRDA:383,42,1,0
BRDA:384,43,0,0
BRDA:384,43,1,0
BRDA:387,44,0,0
BRDA:387,44,1,0
BRDA:411,45,0,0
BRDA:411,45,1,0
BRF:91
BRH:0
end_of_record
